{"responseCode":"00","message":"success","merchant_id":"8189487426","staff_code":"8189487426-028455","email":"remilekun@gmail.com","password_status":"N","tokenType":"Bearer","expiresIn":"3600","accessToken":"eyJhbGciOiJIUzI1NiIsInR5cCI6IkpXVCJ9.eyJ1c2VyX2lkIjoicmVtaWxla3VuQGdtYWlsLmNvbTFKNjBSUzJCIiwiZXhwIjoxNjY5MDQ3NTQ1LCJpc3MiOiJsb2NhbGhvc3QiLCJpYXQiOjE2NjkwNDM5NDV9.qDdKiiwdiWHf6nd0aJb9Jttk9DegZAEPMNOwyETNX1Y","timestamp":"21-Nov-2022 16:19:05"}
{"responseCode":"00","message":"success","staff_code":"8189487426-028455","token":"eyJhbGciOiJIUzI1NiIsInR5cCI6IkpXVCJ9.eyJ1c2VyX2lkIjoicmVtaWxla3VuQGdtYWlsLmNvbTFKNjBSUzJCIiwiZXhwIjoxNjY5MDQ3NTQ1LCJpc3MiOiJsb2NhbGhvc3QiLCJpYXQiOjE2NjkwNDM5NDV9.qDdKiiwdiWHf6nd0aJb9Jttk9DegZAEPMNOwyETNX1Y","data":[{"id":"12","merchant_id":"8189487426","merchant_name":"BOCKTRUST MFB","application_id":"3855327398","customer_id":"","customer_name":"Omotayo Temidayo Daniel","bank_code":"214","customer_bank":"Fidelity","account_number":"2114657016","customer_bvn":"22231561608","customer_phone":"09077564412","customer_email":"omotayo@gmail.com","customer_address":"Lagos","date_of_birth":"04-05-1994","gender":"Male","employer_name":"Remita","employer_address":"Lagos","level":"4","step":"6","amount":"200000","period":"3","passport_link":"https:\/\/richwaymfb.org\/documents\/passport\/7704763954.png","identity_link":"https:\/\/richwaymfb.org\/documents\/util\/2709444293.png","utility_bills_link":"https:\/\/richwaymfb.org\/documents\/idcard\/2709444293.png","auth_code":"1234","ip_address":"::1","status":"Y","treated":"N","timestamp":"2022-11-20 11:26:38"}],"timestamp":"21-Nov-2022 16:19:29"}
{"responseCode":"00","message":"success","staff_code":"8189487426-028455","token":"eyJhbGciOiJIUzI1NiIsInR5cCI6IkpXVCJ9.eyJ1c2VyX2lkIjoicmVtaWxla3VuQGdtYWlsLmNvbTFKNjBSUzJCIiwiZXhwIjoxNjY5MDQ3NTQ1LCJpc3MiOiJsb2NhbGhvc3QiLCJpYXQiOjE2NjkwNDM5NDV9.qDdKiiwdiWHf6nd0aJb9Jttk9DegZAEPMNOwyETNX1Y","data":[{"id":"12","merchant_id":"8189487426","merchant_name":"BOCKTRUST MFB","application_id":"3855327398","customer_id":"","customer_name":"Omotayo Temidayo Daniel","bank_code":"214","customer_bank":"Fidelity","account_number":"2114657016","customer_bvn":"22231561608","customer_phone":"09077564412","customer_email":"omotayo@gmail.com","customer_address":"Lagos","date_of_birth":"04-05-1994","gender":"Male","employer_name":"Remita","employer_address":"Lagos","level":"4","step":"6","amount":"200000","period":"3","passport_link":"https:\/\/richwaymfb.org\/documents\/passport\/7704763954.png","identity_link":"https:\/\/richwaymfb.org\/documents\/util\/2709444293.png","utility_bills_link":"https:\/\/richwaymfb.org\/documents\/idcard\/2709444293.png","auth_code":"1234","ip_address":"::1","status":"Y","treated":"N","timestamp":"2022-11-20 11:26:38"}],"timestamp":"21-Nov-2022 16:19:50"}
{"responseCode":"00","message":"success","staff_code":"8189487426-028455","token":"eyJhbGciOiJIUzI1NiIsInR5cCI6IkpXVCJ9.eyJ1c2VyX2lkIjoicmVtaWxla3VuQGdtYWlsLmNvbTFKNjBSUzJCIiwiZXhwIjoxNjY5MDQ3NTQ1LCJpc3MiOiJsb2NhbGhvc3QiLCJpYXQiOjE2NjkwNDM5NDV9.qDdKiiwdiWHf6nd0aJb9Jttk9DegZAEPMNOwyETNX1Y","data":[{"id":"12","merchant_id":"8189487426","merchant_name":"BOCKTRUST MFB","application_id":"3855327398","customer_id":"","customer_name":"Omotayo Temidayo Daniel","bank_code":"214","customer_bank":"Fidelity","account_number":"2114657016","customer_bvn":"22231561608","customer_phone":"09077564412","customer_email":"omotayo@gmail.com","customer_address":"Lagos","date_of_birth":"04-05-1994","gender":"Male","employer_name":"Remita","employer_address":"Lagos","level":"4","step":"6","amount":"200000","period":"3","passport_link":"https:\/\/richwaymfb.org\/documents\/passport\/7704763954.png","identity_link":"https:\/\/richwaymfb.org\/documents\/util\/2709444293.png","utility_bills_link":"https:\/\/richwaymfb.org\/documents\/idcard\/2709444293.png","auth_code":"1234","ip_address":"::1","status":"Y","treated":"N","timestamp":"2022-11-20 11:26:38"}],"timestamp":"21-Nov-2022 16:20:09"}
{"responseCode":"00","message":"success","staff_code":"8189487426-028455","token":"eyJhbGciOiJIUzI1NiIsInR5cCI6IkpXVCJ9.eyJ1c2VyX2lkIjoicmVtaWxla3VuQGdtYWlsLmNvbTFKNjBSUzJCIiwiZXhwIjoxNjY5MDQ3NTQ1LCJpc3MiOiJsb2NhbGhvc3QiLCJpYXQiOjE2NjkwNDM5NDV9.qDdKiiwdiWHf6nd0aJb9Jttk9DegZAEPMNOwyETNX1Y","data":[{"id":"12","merchant_id":"8189487426","merchant_name":"BOCKTRUST MFB","application_id":"3855327398","customer_id":"","customer_name":"Omotayo Temidayo Daniel","bank_code":"214","customer_bank":"Fidelity","account_number":"2114657016","customer_bvn":"22231561608","customer_phone":"09077564412","customer_email":"omotayo@gmail.com","customer_address":"Lagos","date_of_birth":"04-05-1994","gender":"Male","employer_name":"Remita","employer_address":"Lagos","level":"4","step":"6","amount":"200000","period":"3","passport_link":"https:\/\/richwaymfb.org\/documents\/passport\/7704763954.png","identity_link":"https:\/\/richwaymfb.org\/documents\/util\/2709444293.png","utility_bills_link":"https:\/\/richwaymfb.org\/documents\/idcard\/2709444293.png","auth_code":"1234","ip_address":"::1","status":"Y","treated":"N","timestamp":"2022-11-20 11:26:38"}],"timestamp":"21-Nov-2022 16:20:22"}
{"responseCode":"00","message":"success","staff_code":"8189487426-028455","token":"eyJhbGciOiJIUzI1NiIsInR5cCI6IkpXVCJ9.eyJ1c2VyX2lkIjoicmVtaWxla3VuQGdtYWlsLmNvbTFKNjBSUzJCIiwiZXhwIjoxNjY5MDQ3NTQ1LCJpc3MiOiJsb2NhbGhvc3QiLCJpYXQiOjE2NjkwNDM5NDV9.qDdKiiwdiWHf6nd0aJb9Jttk9DegZAEPMNOwyETNX1Y","data":[{"id":"14","merchant_id":"8189487426","merchant_name":"BOCKTRUCT MFB","application_id":"4167840969","customer_id":"","customer_name":"Omotayo Temidayo Daniel","bank_code":"214","customer_bank":"Fidelity","account_number":"2114657016","customer_bvn":"22231561608","customer_phone":"09077564412","customer_email":"omodara@gmail.com","customer_address":"Lagos","date_of_birth":"04-05-1994","gender":"Male","employer_name":"Remita","employer_address":"Lagos","level":"4","step":"6","amount":"45000","period":"3","passport_link":"https:\/\/richwaymfb.org\/documents\/util\/2709444293.png","identity_link":"https:\/\/richwaymfb.org\/documents\/util\/2709444293.png","utility_bills_link":"https:\/\/richwaymfb.org\/documents\/util\/2709444293.png","auth_code":"1234","ip_address":"::1","status":"N","treated":"N","timestamp":"2022-11-21 16:20:38"},{"id":"12","merchant_id":"8189487426","merchant_name":"BOCKTRUST MFB","application_id":"3855327398","customer_id":"","customer_name":"Omotayo Temidayo Daniel","bank_code":"214","customer_bank":"Fidelity","account_number":"2114657016","customer_bvn":"22231561608","customer_phone":"09077564412","customer_email":"omotayo@gmail.com","customer_address":"Lagos","date_of_birth":"04-05-1994","gender":"Male","employer_name":"Remita","employer_address":"Lagos","level":"4","step":"6","amount":"200000","period":"3","passport_link":"https:\/\/richwaymfb.org\/documents\/passport\/7704763954.png","identity_link":"https:\/\/richwaymfb.org\/documents\/util\/2709444293.png","utility_bills_link":"https:\/\/richwaymfb.org\/documents\/idcard\/2709444293.png","auth_code":"1234","ip_address":"::1","status":"Y","treated":"N","timestamp":"2022-11-20 11:26:38"}],"timestamp":"21-Nov-2022 16:20:42"}
{"responseCode":"00","message":"success","staff_code":"8189487426-028455","token":"eyJhbGciOiJIUzI1NiIsInR5cCI6IkpXVCJ9.eyJ1c2VyX2lkIjoicmVtaWxla3VuQGdtYWlsLmNvbTFKNjBSUzJCIiwiZXhwIjoxNjY5MDQ3NTQ1LCJpc3MiOiJsb2NhbGhvc3QiLCJpYXQiOjE2NjkwNDM5NDV9.qDdKiiwdiWHf6nd0aJb9Jttk9DegZAEPMNOwyETNX1Y","data":[{"id":"14","merchant_id":"8189487426","merchant_name":"BOCKTRUCT MFB","application_id":"4167840969","customer_id":"","customer_name":"Omotayo Temidayo Daniel","bank_code":"214","customer_bank":"Fidelity","account_number":"2114657016","customer_bvn":"22231561608","customer_phone":"09077564412","customer_email":"omodara@gmail.com","customer_address":"Lagos","date_of_birth":"04-05-1994","gender":"Male","employer_name":"Remita","employer_address":"Lagos","level":"4","step":"6","amount":"45000","period":"3","passport_link":"https:\/\/richwaymfb.org\/documents\/util\/2709444293.png","identity_link":"https:\/\/richwaymfb.org\/documents\/util\/2709444293.png","utility_bills_link":"https:\/\/richwaymfb.org\/documents\/util\/2709444293.png","auth_code":"1234","ip_address":"::1","status":"N","treated":"N","timestamp":"2022-11-21 16:20:38"},{"id":"12","merchant_id":"8189487426","merchant_name":"BOCKTRUST MFB","application_id":"3855327398","customer_id":"","customer_name":"Omotayo Temidayo Daniel","bank_code":"214","customer_bank":"Fidelity","account_number":"2114657016","customer_bvn":"22231561608","customer_phone":"09077564412","customer_email":"omotayo@gmail.com","customer_address":"Lagos","date_of_birth":"04-05-1994","gender":"Male","employer_name":"Remita","employer_address":"Lagos","level":"4","step":"6","amount":"200000","period":"3","passport_link":"https:\/\/richwaymfb.org\/documents\/passport\/7704763954.png","identity_link":"https:\/\/richwaymfb.org\/documents\/util\/2709444293.png","utility_bills_link":"https:\/\/richwaymfb.org\/documents\/idcard\/2709444293.png","auth_code":"1234","ip_address":"::1","status":"Y","treated":"N","timestamp":"2022-11-20 11:26:38"}],"timestamp":"21-Nov-2022 16:21:02"}
{"responseCode":"00","message":"success","staff_code":"8189487426-028455","token":"eyJhbGciOiJIUzI1NiIsInR5cCI6IkpXVCJ9.eyJ1c2VyX2lkIjoicmVtaWxla3VuQGdtYWlsLmNvbTFKNjBSUzJCIiwiZXhwIjoxNjY5MDQ3NTQ1LCJpc3MiOiJsb2NhbGhvc3QiLCJpYXQiOjE2NjkwNDM5NDV9.qDdKiiwdiWHf6nd0aJb9Jttk9DegZAEPMNOwyETNX1Y","data":[{"id":"14","merchant_id":"8189487426","merchant_name":"BOCKTRUCT MFB","application_id":"4167840969","customer_id":"","customer_name":"Omotayo Temidayo Daniel","bank_code":"214","customer_bank":"Fidelity","account_number":"2114657016","customer_bvn":"22231561608","customer_phone":"09077564412","customer_email":"omodara@gmail.com","customer_address":"Lagos","date_of_birth":"04-05-1994","gender":"Male","employer_name":"Remita","employer_address":"Lagos","level":"4","step":"6","amount":"45000","period":"3","passport_link":"https:\/\/richwaymfb.org\/documents\/util\/2709444293.png","identity_link":"https:\/\/richwaymfb.org\/documents\/util\/2709444293.png","utility_bills_link":"https:\/\/richwaymfb.org\/documents\/util\/2709444293.png","auth_code":"1234","ip_address":"::1","status":"N","treated":"N","timestamp":"2022-11-21 16:20:38"},{"id":"12","merchant_id":"8189487426","merchant_name":"BOCKTRUST MFB","application_id":"3855327398","customer_id":"","customer_name":"Omotayo Temidayo Daniel","bank_code":"214","customer_bank":"Fidelity","account_number":"2114657016","customer_bvn":"22231561608","customer_phone":"09077564412","customer_email":"omotayo@gmail.com","customer_address":"Lagos","date_of_birth":"04-05-1994","gender":"Male","employer_name":"Remita","employer_address":"Lagos","level":"4","step":"6","amount":"200000","period":"3","passport_link":"https:\/\/richwaymfb.org\/documents\/passport\/7704763954.png","identity_link":"https:\/\/richwaymfb.org\/documents\/util\/2709444293.png","utility_bills_link":"https:\/\/richwaymfb.org\/documents\/idcard\/2709444293.png","auth_code":"1234","ip_address":"::1","status":"Y","treated":"N","timestamp":"2022-11-20 11:26:38"}],"timestamp":"21-Nov-2022 16:21:22"}
{
    "customerId": "11420755",
    "accountNumber": "2114657016",
    "companyName": "RAILWAY PROPERTY MANAGEMENT COMPANY LIMITED",
    "customerName": "HENRY BWALA",
    "loanApplicationDetails": [
        {
            "merchant_id": "8189487426",
            "application_id": "4167840969",
            "interest": "270000",
            "insurrance": "360000",
            "processing": "9000000",
            "commitment": "225000",
            "deduction": "9585000",
            "repayment_period": "3",
            "monthly_repayment": "285000",
            "amount": "45000",
            "period": "3",
            "total_repayment": "855000",
            "identity_link": "https:\/\/richwaymfb.org\/documents\/util\/2709444293.png",
            "passport_link": "https:\/\/richwaymfb.org\/documents\/util\/2709444293.png",
            "utility_bills_link": "https:\/\/richwaymfb.org\/documents\/util\/2709444293.png"
        }
    ],
    "salaryPaymentDetails": [
        {
            "id": "46",
            "merchant_id": "8189487426",
            "merchant_name": "BOCKTRUCT MFB",
            "application_id": "4167840969",
            "paymentDate": "25-10-2022 10:44:34+0000",
            "amount": "449.65",
            "accountNumber": "2114657016",
            "bankCode": "214",
            "bankName": "First City Monument Bank",
            "timestamp": "2022-11-06 21:44:06"
        },
        {
            "id": "47",
            "merchant_id": "8189487426",
            "merchant_name": "BOCKTRUCT MFB",
            "application_id": "4167840969",
            "paymentDate": "26-09-2022 16:48:22+0000",
            "amount": "226.88",
            "accountNumber": "2114657016",
            "bankCode": "214",
            "bankName": "First City Monument Bank",
            "timestamp": "2022-11-06 21:44:06"
        },
        {
            "id": "48",
            "merchant_id": "8189487426",
            "merchant_name": "BOCKTRUCT MFB",
            "application_id": "4167840969",
            "paymentDate": "27-08-2022 02:07:40+0000",
            "amount": "1141.38",
            "accountNumber": "2114657016",
            "bankCode": "214",
            "bankName": "First City Monument Bank",
            "timestamp": "2022-11-06 21:44:06"
        },
        {
            "id": "49",
            "merchant_id": "8189487426",
            "merchant_name": "BOCKTRUCT MFB",
            "application_id": "4167840969",
            "paymentDate": "26-07-2022 11:40:58+0000",
            "amount": "586.43",
            "accountNumber": "2114657016",
            "bankCode": "214",
            "bankName": "First City Monument Bank",
            "timestamp": "2022-11-06 21:44:06"
        },
        {
            "id": "50",
            "merchant_id": "8189487426",
            "merchant_name": "BOCKTRUCT MFB",
            "application_id": "4167840969",
            "paymentDate": "27-06-2022 17:04:33+0000",
            "amount": "2436.43",
            "accountNumber": "2114657016",
            "bankCode": "214",
            "bankName": "First City Monument Bank",
            "timestamp": "2022-11-06 21:44:06"
        },
        {
            "id": "51",
            "merchant_id": "8189487426",
            "merchant_name": "BOCKTRUCT MFB",
            "application_id": "4167840969",
            "paymentDate": "27-05-2022 07:42:27+0000",
            "amount": "14127.93",
            "accountNumber": "2114657016",
            "bankCode": "214",
            "bankName": "First City Monument Bank",
            "timestamp": "2022-11-06 21:44:06"
        }
    ],
    "loanHistoryDetails": [
        {
            "id": "10",
            "merchant_id": "8189487426",
            "merchant_name": "BOCKTRUCT MFB",
            "application_id": "4167840969",
            "loanProvider": "*******",
            "loanAmount": "20000",
            "outstandingAmount": "",
            "loanDisbursementDate": "12-06-2018 08:09:09+0000",
            "status": "STOP",
            "repaymentAmount": "26000",
            "repaymentFreq": "MONTHLY",
            "timestamp": "2022-11-06 21:44:06"
        }
    ]
}
{"responseCode":"00","message":"success","staff_code":"8189487426-028455","token":"eyJhbGciOiJIUzI1NiIsInR5cCI6IkpXVCJ9.eyJ1c2VyX2lkIjoicmVtaWxla3VuQGdtYWlsLmNvbTFKNjBSUzJCIiwiZXhwIjoxNjY5MDQ3NTQ1LCJpc3MiOiJsb2NhbGhvc3QiLCJpYXQiOjE2NjkwNDM5NDV9.qDdKiiwdiWHf6nd0aJb9Jttk9DegZAEPMNOwyETNX1Y","data":[{"id":"14","merchant_id":"8189487426","merchant_name":"BOCKTRUCT MFB","application_id":"4167840969","customer_id":"","customer_name":"Omotayo Temidayo Daniel","bank_code":"214","customer_bank":"Fidelity","account_number":"2114657016","customer_bvn":"22231561608","customer_phone":"09077564412","customer_email":"omodara@gmail.com","customer_address":"Lagos","date_of_birth":"04-05-1994","gender":"Male","employer_name":"Remita","employer_address":"Lagos","level":"4","step":"6","amount":"45000","period":"3","passport_link":"https:\/\/richwaymfb.org\/documents\/util\/2709444293.png","identity_link":"https:\/\/richwaymfb.org\/documents\/util\/2709444293.png","utility_bills_link":"https:\/\/richwaymfb.org\/documents\/util\/2709444293.png","auth_code":"1234","ip_address":"::1","status":"N","treated":"N","timestamp":"2022-11-21 16:20:38"},{"id":"12","merchant_id":"8189487426","merchant_name":"BOCKTRUST MFB","application_id":"3855327398","customer_id":"","customer_name":"Omotayo Temidayo Daniel","bank_code":"214","customer_bank":"Fidelity","account_number":"2114657016","customer_bvn":"22231561608","customer_phone":"09077564412","customer_email":"omotayo@gmail.com","customer_address":"Lagos","date_of_birth":"04-05-1994","gender":"Male","employer_name":"Remita","employer_address":"Lagos","level":"4","step":"6","amount":"200000","period":"3","passport_link":"https:\/\/richwaymfb.org\/documents\/passport\/7704763954.png","identity_link":"https:\/\/richwaymfb.org\/documents\/util\/2709444293.png","utility_bills_link":"https:\/\/richwaymfb.org\/documents\/idcard\/2709444293.png","auth_code":"1234","ip_address":"::1","status":"Y","treated":"N","timestamp":"2022-11-20 11:26:38"}],"timestamp":"21-Nov-2022 16:21:42"}
{"responseCode":"00","message":"success","staff_code":"8189487426-028455","token":"eyJhbGciOiJIUzI1NiIsInR5cCI6IkpXVCJ9.eyJ1c2VyX2lkIjoicmVtaWxla3VuQGdtYWlsLmNvbTFKNjBSUzJCIiwiZXhwIjoxNjY5MDQ3NTQ1LCJpc3MiOiJsb2NhbGhvc3QiLCJpYXQiOjE2NjkwNDM5NDV9.qDdKiiwdiWHf6nd0aJb9Jttk9DegZAEPMNOwyETNX1Y","data":[{"id":"14","merchant_id":"8189487426","merchant_name":"BOCKTRUCT MFB","application_id":"4167840969","customer_id":"","customer_name":"Omotayo Temidayo Daniel","bank_code":"214","customer_bank":"Fidelity","account_number":"2114657016","customer_bvn":"22231561608","customer_phone":"09077564412","customer_email":"omodara@gmail.com","customer_address":"Lagos","date_of_birth":"04-05-1994","gender":"Male","employer_name":"Remita","employer_address":"Lagos","level":"4","step":"6","amount":"45000","period":"3","passport_link":"https:\/\/richwaymfb.org\/documents\/util\/2709444293.png","identity_link":"https:\/\/richwaymfb.org\/documents\/util\/2709444293.png","utility_bills_link":"https:\/\/richwaymfb.org\/documents\/util\/2709444293.png","auth_code":"1234","ip_address":"::1","status":"N","treated":"N","timestamp":"2022-11-21 16:20:38"},{"id":"12","merchant_id":"8189487426","merchant_name":"BOCKTRUST MFB","application_id":"3855327398","customer_id":"","customer_name":"Omotayo Temidayo Daniel","bank_code":"214","customer_bank":"Fidelity","account_number":"2114657016","customer_bvn":"22231561608","customer_phone":"09077564412","customer_email":"omotayo@gmail.com","customer_address":"Lagos","date_of_birth":"04-05-1994","gender":"Male","employer_name":"Remita","employer_address":"Lagos","level":"4","step":"6","amount":"200000","period":"3","passport_link":"https:\/\/richwaymfb.org\/documents\/passport\/7704763954.png","identity_link":"https:\/\/richwaymfb.org\/documents\/util\/2709444293.png","utility_bills_link":"https:\/\/richwaymfb.org\/documents\/idcard\/2709444293.png","auth_code":"1234","ip_address":"::1","status":"Y","treated":"N","timestamp":"2022-11-20 11:26:38"}],"timestamp":"21-Nov-2022 16:22:02"}
{"responseCode":"00","message":"success","staff_code":"8189487426-028455","token":"eyJhbGciOiJIUzI1NiIsInR5cCI6IkpXVCJ9.eyJ1c2VyX2lkIjoicmVtaWxla3VuQGdtYWlsLmNvbTFKNjBSUzJCIiwiZXhwIjoxNjY5MDQ3NTQ1LCJpc3MiOiJsb2NhbGhvc3QiLCJpYXQiOjE2NjkwNDM5NDV9.qDdKiiwdiWHf6nd0aJb9Jttk9DegZAEPMNOwyETNX1Y","data":[{"id":"14","merchant_id":"8189487426","merchant_name":"BOCKTRUCT MFB","application_id":"4167840969","customer_id":"","customer_name":"Omotayo Temidayo Daniel","bank_code":"214","customer_bank":"Fidelity","account_number":"2114657016","customer_bvn":"22231561608","customer_phone":"09077564412","customer_email":"omodara@gmail.com","customer_address":"Lagos","date_of_birth":"04-05-1994","gender":"Male","employer_name":"Remita","employer_address":"Lagos","level":"4","step":"6","amount":"45000","period":"3","passport_link":"https:\/\/richwaymfb.org\/documents\/util\/2709444293.png","identity_link":"https:\/\/richwaymfb.org\/documents\/util\/2709444293.png","utility_bills_link":"https:\/\/richwaymfb.org\/documents\/util\/2709444293.png","auth_code":"1234","ip_address":"::1","status":"N","treated":"N","timestamp":"2022-11-21 16:20:38"},{"id":"12","merchant_id":"8189487426","merchant_name":"BOCKTRUST MFB","application_id":"3855327398","customer_id":"","customer_name":"Omotayo Temidayo Daniel","bank_code":"214","customer_bank":"Fidelity","account_number":"2114657016","customer_bvn":"22231561608","customer_phone":"09077564412","customer_email":"omotayo@gmail.com","customer_address":"Lagos","date_of_birth":"04-05-1994","gender":"Male","employer_name":"Remita","employer_address":"Lagos","level":"4","step":"6","amount":"200000","period":"3","passport_link":"https:\/\/richwaymfb.org\/documents\/passport\/7704763954.png","identity_link":"https:\/\/richwaymfb.org\/documents\/util\/2709444293.png","utility_bills_link":"https:\/\/richwaymfb.org\/documents\/idcard\/2709444293.png","auth_code":"1234","ip_address":"::1","status":"Y","treated":"N","timestamp":"2022-11-20 11:26:38"}],"timestamp":"21-Nov-2022 16:22:22"}
{"responseCode":"00","message":"success","staff_code":"8189487426-028455","token":"eyJhbGciOiJIUzI1NiIsInR5cCI6IkpXVCJ9.eyJ1c2VyX2lkIjoicmVtaWxla3VuQGdtYWlsLmNvbTFKNjBSUzJCIiwiZXhwIjoxNjY5MDQ3NTQ1LCJpc3MiOiJsb2NhbGhvc3QiLCJpYXQiOjE2NjkwNDM5NDV9.qDdKiiwdiWHf6nd0aJb9Jttk9DegZAEPMNOwyETNX1Y","data":[{"id":"14","merchant_id":"8189487426","merchant_name":"BOCKTRUCT MFB","application_id":"4167840969","customer_id":"","customer_name":"Omotayo Temidayo Daniel","bank_code":"214","customer_bank":"Fidelity","account_number":"2114657016","customer_bvn":"22231561608","customer_phone":"09077564412","customer_email":"omodara@gmail.com","customer_address":"Lagos","date_of_birth":"04-05-1994","gender":"Male","employer_name":"Remita","employer_address":"Lagos","level":"4","step":"6","amount":"45000","period":"3","passport_link":"https:\/\/richwaymfb.org\/documents\/util\/2709444293.png","identity_link":"https:\/\/richwaymfb.org\/documents\/util\/2709444293.png","utility_bills_link":"https:\/\/richwaymfb.org\/documents\/util\/2709444293.png","auth_code":"1234","ip_address":"::1","status":"N","treated":"N","timestamp":"2022-11-21 16:20:38"},{"id":"12","merchant_id":"8189487426","merchant_name":"BOCKTRUST MFB","application_id":"3855327398","customer_id":"","customer_name":"Omotayo Temidayo Daniel","bank_code":"214","customer_bank":"Fidelity","account_number":"2114657016","customer_bvn":"22231561608","customer_phone":"09077564412","customer_email":"omotayo@gmail.com","customer_address":"Lagos","date_of_birth":"04-05-1994","gender":"Male","employer_name":"Remita","employer_address":"Lagos","level":"4","step":"6","amount":"200000","period":"3","passport_link":"https:\/\/richwaymfb.org\/documents\/passport\/7704763954.png","identity_link":"https:\/\/richwaymfb.org\/documents\/util\/2709444293.png","utility_bills_link":"https:\/\/richwaymfb.org\/documents\/idcard\/2709444293.png","auth_code":"1234","ip_address":"::1","status":"Y","treated":"N","timestamp":"2022-11-20 11:26:38"}],"timestamp":"21-Nov-2022 16:22:42"}
{
    "customerId": "11420755",
    "accountNumber": "2114657016",
    "companyName": "RAILWAY PROPERTY MANAGEMENT COMPANY LIMITED",
    "customerName": "HENRY BWALA",
    "loanApplicationDetails": [
        {
            "merchant_id": "8189487426",
            "application_id": "4167840969",
            "interest": "270000",
            "insurrance": "360000",
            "processing": "9000000",
            "commitment": "225000",
            "deduction": "9585000",
            "repayment_period": "3",
            "monthly_repayment": "285000",
            "amount": "45000",
            "period": "3",
            "total_repayment": "855000",
            "identity_link": "https:\/\/richwaymfb.org\/documents\/util\/2709444293.png",
            "passport_link": "https:\/\/richwaymfb.org\/documents\/util\/2709444293.png",
            "utility_bills_link": "https:\/\/richwaymfb.org\/documents\/util\/2709444293.png"
        }
    ],
    "salaryPaymentDetails": [
        {
            "id": "46",
            "merchant_id": "8189487426",
            "merchant_name": "BOCKTRUCT MFB",
            "application_id": "4167840969",
            "paymentDate": "25-10-2022 10:44:34+0000",
            "amount": "449.65",
            "accountNumber": "2114657016",
            "bankCode": "214",
            "bankName": "First City Monument Bank",
            "timestamp": "2022-11-06 21:44:06"
        },
        {
            "id": "47",
            "merchant_id": "8189487426",
            "merchant_name": "BOCKTRUCT MFB",
            "application_id": "4167840969",
            "paymentDate": "26-09-2022 16:48:22+0000",
            "amount": "226.88",
            "accountNumber": "2114657016",
            "bankCode": "214",
            "bankName": "First City Monument Bank",
            "timestamp": "2022-11-06 21:44:06"
        },
        {
            "id": "48",
            "merchant_id": "8189487426",
            "merchant_name": "BOCKTRUCT MFB",
            "application_id": "4167840969",
            "paymentDate": "27-08-2022 02:07:40+0000",
            "amount": "1141.38",
            "accountNumber": "2114657016",
            "bankCode": "214",
            "bankName": "First City Monument Bank",
            "timestamp": "2022-11-06 21:44:06"
        },
        {
            "id": "49",
            "merchant_id": "8189487426",
            "merchant_name": "BOCKTRUCT MFB",
            "application_id": "4167840969",
            "paymentDate": "26-07-2022 11:40:58+0000",
            "amount": "586.43",
            "accountNumber": "2114657016",
            "bankCode": "214",
            "bankName": "First City Monument Bank",
            "timestamp": "2022-11-06 21:44:06"
        },
        {
            "id": "50",
            "merchant_id": "8189487426",
            "merchant_name": "BOCKTRUCT MFB",
            "application_id": "4167840969",
            "paymentDate": "27-06-2022 17:04:33+0000",
            "amount": "2436.43",
            "accountNumber": "2114657016",
            "bankCode": "214",
            "bankName": "First City Monument Bank",
            "timestamp": "2022-11-06 21:44:06"
        },
        {
            "id": "51",
            "merchant_id": "8189487426",
            "merchant_name": "BOCKTRUCT MFB",
            "application_id": "4167840969",
            "paymentDate": "27-05-2022 07:42:27+0000",
            "amount": "14127.93",
            "accountNumber": "2114657016",
            "bankCode": "214",
            "bankName": "First City Monument Bank",
            "timestamp": "2022-11-06 21:44:06"
        }
    ],
    "loanHistoryDetails": [
        {
            "id": "10",
            "merchant_id": "8189487426",
            "merchant_name": "BOCKTRUCT MFB",
            "application_id": "4167840969",
            "loanProvider": "*******",
            "loanAmount": "20000",
            "outstandingAmount": "",
            "loanDisbursementDate": "12-06-2018 08:09:09+0000",
            "status": "STOP",
            "repaymentAmount": "26000",
            "repaymentFreq": "MONTHLY",
            "timestamp": "2022-11-06 21:44:06"
        }
    ]
}
{"responseCode":"00","message":"success","staff_code":"8189487426-028455","token":"eyJhbGciOiJIUzI1NiIsInR5cCI6IkpXVCJ9.eyJ1c2VyX2lkIjoicmVtaWxla3VuQGdtYWlsLmNvbTFKNjBSUzJCIiwiZXhwIjoxNjY5MDQ3NTQ1LCJpc3MiOiJsb2NhbGhvc3QiLCJpYXQiOjE2NjkwNDM5NDV9.qDdKiiwdiWHf6nd0aJb9Jttk9DegZAEPMNOwyETNX1Y","data":[{"id":"14","merchant_id":"8189487426","merchant_name":"BOCKTRUCT MFB","application_id":"4167840969","customer_id":"","customer_name":"Omotayo Temidayo Daniel","bank_code":"214","customer_bank":"Fidelity","account_number":"2114657016","customer_bvn":"22231561608","customer_phone":"09077564412","customer_email":"omodara@gmail.com","customer_address":"Lagos","date_of_birth":"04-05-1994","gender":"Male","employer_name":"Remita","employer_address":"Lagos","level":"4","step":"6","amount":"45000","period":"3","passport_link":"https:\/\/richwaymfb.org\/documents\/util\/2709444293.png","identity_link":"https:\/\/richwaymfb.org\/documents\/util\/2709444293.png","utility_bills_link":"https:\/\/richwaymfb.org\/documents\/util\/2709444293.png","auth_code":"1234","ip_address":"::1","status":"N","treated":"N","timestamp":"2022-11-21 16:20:38"},{"id":"12","merchant_id":"8189487426","merchant_name":"BOCKTRUST MFB","application_id":"3855327398","customer_id":"","customer_name":"Omotayo Temidayo Daniel","bank_code":"214","customer_bank":"Fidelity","account_number":"2114657016","customer_bvn":"22231561608","customer_phone":"09077564412","customer_email":"omotayo@gmail.com","customer_address":"Lagos","date_of_birth":"04-05-1994","gender":"Male","employer_name":"Remita","employer_address":"Lagos","level":"4","step":"6","amount":"200000","period":"3","passport_link":"https:\/\/richwaymfb.org\/documents\/passport\/7704763954.png","identity_link":"https:\/\/richwaymfb.org\/documents\/util\/2709444293.png","utility_bills_link":"https:\/\/richwaymfb.org\/documents\/idcard\/2709444293.png","auth_code":"1234","ip_address":"::1","status":"Y","treated":"N","timestamp":"2022-11-20 11:26:38"}],"timestamp":"21-Nov-2022 16:23:02"}
{"responseCode":"00","message":"success","staff_code":"8189487426-028455","token":"eyJhbGciOiJIUzI1NiIsInR5cCI6IkpXVCJ9.eyJ1c2VyX2lkIjoicmVtaWxla3VuQGdtYWlsLmNvbTFKNjBSUzJCIiwiZXhwIjoxNjY5MDQ3NTQ1LCJpc3MiOiJsb2NhbGhvc3QiLCJpYXQiOjE2NjkwNDM5NDV9.qDdKiiwdiWHf6nd0aJb9Jttk9DegZAEPMNOwyETNX1Y","data":[{"id":"14","merchant_id":"8189487426","merchant_name":"BOCKTRUCT MFB","application_id":"4167840969","customer_id":"","customer_name":"Omotayo Temidayo Daniel","bank_code":"214","customer_bank":"Fidelity","account_number":"2114657016","customer_bvn":"22231561608","customer_phone":"09077564412","customer_email":"omodara@gmail.com","customer_address":"Lagos","date_of_birth":"04-05-1994","gender":"Male","employer_name":"Remita","employer_address":"Lagos","level":"4","step":"6","amount":"45000","period":"3","passport_link":"https:\/\/richwaymfb.org\/documents\/util\/2709444293.png","identity_link":"https:\/\/richwaymfb.org\/documents\/util\/2709444293.png","utility_bills_link":"https:\/\/richwaymfb.org\/documents\/util\/2709444293.png","auth_code":"1234","ip_address":"::1","status":"N","treated":"N","timestamp":"2022-11-21 16:20:38"},{"id":"12","merchant_id":"8189487426","merchant_name":"BOCKTRUST MFB","application_id":"3855327398","customer_id":"","customer_name":"Omotayo Temidayo Daniel","bank_code":"214","customer_bank":"Fidelity","account_number":"2114657016","customer_bvn":"22231561608","customer_phone":"09077564412","customer_email":"omotayo@gmail.com","customer_address":"Lagos","date_of_birth":"04-05-1994","gender":"Male","employer_name":"Remita","employer_address":"Lagos","level":"4","step":"6","amount":"200000","period":"3","passport_link":"https:\/\/richwaymfb.org\/documents\/passport\/7704763954.png","identity_link":"https:\/\/richwaymfb.org\/documents\/util\/2709444293.png","utility_bills_link":"https:\/\/richwaymfb.org\/documents\/idcard\/2709444293.png","auth_code":"1234","ip_address":"::1","status":"Y","treated":"N","timestamp":"2022-11-20 11:26:38"}],"timestamp":"21-Nov-2022 16:23:22"}
{"responseCode":"00","message":"success","staff_code":"8189487426-028455","token":"eyJhbGciOiJIUzI1NiIsInR5cCI6IkpXVCJ9.eyJ1c2VyX2lkIjoicmVtaWxla3VuQGdtYWlsLmNvbTFKNjBSUzJCIiwiZXhwIjoxNjY5MDQ3NTQ1LCJpc3MiOiJsb2NhbGhvc3QiLCJpYXQiOjE2NjkwNDM5NDV9.qDdKiiwdiWHf6nd0aJb9Jttk9DegZAEPMNOwyETNX1Y","data":[{"id":"14","merchant_id":"8189487426","merchant_name":"BOCKTRUCT MFB","application_id":"4167840969","customer_id":"","customer_name":"Omotayo Temidayo Daniel","bank_code":"214","customer_bank":"Fidelity","account_number":"2114657016","customer_bvn":"22231561608","customer_phone":"09077564412","customer_email":"omodara@gmail.com","customer_address":"Lagos","date_of_birth":"04-05-1994","gender":"Male","employer_name":"Remita","employer_address":"Lagos","level":"4","step":"6","amount":"45000","period":"3","passport_link":"https:\/\/richwaymfb.org\/documents\/util\/2709444293.png","identity_link":"https:\/\/richwaymfb.org\/documents\/util\/2709444293.png","utility_bills_link":"https:\/\/richwaymfb.org\/documents\/util\/2709444293.png","auth_code":"1234","ip_address":"::1","status":"N","treated":"N","timestamp":"2022-11-21 16:20:38"},{"id":"12","merchant_id":"8189487426","merchant_name":"BOCKTRUST MFB","application_id":"3855327398","customer_id":"","customer_name":"Omotayo Temidayo Daniel","bank_code":"214","customer_bank":"Fidelity","account_number":"2114657016","customer_bvn":"22231561608","customer_phone":"09077564412","customer_email":"omotayo@gmail.com","customer_address":"Lagos","date_of_birth":"04-05-1994","gender":"Male","employer_name":"Remita","employer_address":"Lagos","level":"4","step":"6","amount":"200000","period":"3","passport_link":"https:\/\/richwaymfb.org\/documents\/passport\/7704763954.png","identity_link":"https:\/\/richwaymfb.org\/documents\/util\/2709444293.png","utility_bills_link":"https:\/\/richwaymfb.org\/documents\/idcard\/2709444293.png","auth_code":"1234","ip_address":"::1","status":"Y","treated":"N","timestamp":"2022-11-20 11:26:38"}],"timestamp":"21-Nov-2022 16:23:42"}
{"responseCode":"00","message":"success","staff_code":"8189487426-028455","token":"eyJhbGciOiJIUzI1NiIsInR5cCI6IkpXVCJ9.eyJ1c2VyX2lkIjoicmVtaWxla3VuQGdtYWlsLmNvbTFKNjBSUzJCIiwiZXhwIjoxNjY5MDQ3NTQ1LCJpc3MiOiJsb2NhbGhvc3QiLCJpYXQiOjE2NjkwNDM5NDV9.qDdKiiwdiWHf6nd0aJb9Jttk9DegZAEPMNOwyETNX1Y","data":[{"id":"14","merchant_id":"8189487426","merchant_name":"BOCKTRUCT MFB","application_id":"4167840969","customer_id":"","customer_name":"Omotayo Temidayo Daniel","bank_code":"214","customer_bank":"Fidelity","account_number":"2114657016","customer_bvn":"22231561608","customer_phone":"09077564412","customer_email":"omodara@gmail.com","customer_address":"Lagos","date_of_birth":"04-05-1994","gender":"Male","employer_name":"Remita","employer_address":"Lagos","level":"4","step":"6","amount":"45000","period":"3","passport_link":"https:\/\/richwaymfb.org\/documents\/util\/2709444293.png","identity_link":"https:\/\/richwaymfb.org\/documents\/util\/2709444293.png","utility_bills_link":"https:\/\/richwaymfb.org\/documents\/util\/2709444293.png","auth_code":"1234","ip_address":"::1","status":"N","treated":"N","timestamp":"2022-11-21 16:20:38"},{"id":"12","merchant_id":"8189487426","merchant_name":"BOCKTRUST MFB","application_id":"3855327398","customer_id":"","customer_name":"Omotayo Temidayo Daniel","bank_code":"214","customer_bank":"Fidelity","account_number":"2114657016","customer_bvn":"22231561608","customer_phone":"09077564412","customer_email":"omotayo@gmail.com","customer_address":"Lagos","date_of_birth":"04-05-1994","gender":"Male","employer_name":"Remita","employer_address":"Lagos","level":"4","step":"6","amount":"200000","period":"3","passport_link":"https:\/\/richwaymfb.org\/documents\/passport\/7704763954.png","identity_link":"https:\/\/richwaymfb.org\/documents\/util\/2709444293.png","utility_bills_link":"https:\/\/richwaymfb.org\/documents\/idcard\/2709444293.png","auth_code":"1234","ip_address":"::1","status":"Y","treated":"N","timestamp":"2022-11-20 11:26:38"}],"timestamp":"21-Nov-2022 16:24:02"}
{"responseCode":"00","message":"success","staff_code":"8189487426-028455","token":"eyJhbGciOiJIUzI1NiIsInR5cCI6IkpXVCJ9.eyJ1c2VyX2lkIjoicmVtaWxla3VuQGdtYWlsLmNvbTFKNjBSUzJCIiwiZXhwIjoxNjY5MDQ3NTQ1LCJpc3MiOiJsb2NhbGhvc3QiLCJpYXQiOjE2NjkwNDM5NDV9.qDdKiiwdiWHf6nd0aJb9Jttk9DegZAEPMNOwyETNX1Y","data":[{"id":"14","merchant_id":"8189487426","merchant_name":"BOCKTRUCT MFB","application_id":"4167840969","customer_id":"","customer_name":"Omotayo Temidayo Daniel","bank_code":"214","customer_bank":"Fidelity","account_number":"2114657016","customer_bvn":"22231561608","customer_phone":"09077564412","customer_email":"omodara@gmail.com","customer_address":"Lagos","date_of_birth":"04-05-1994","gender":"Male","employer_name":"Remita","employer_address":"Lagos","level":"4","step":"6","amount":"45000","period":"3","passport_link":"https:\/\/richwaymfb.org\/documents\/util\/2709444293.png","identity_link":"https:\/\/richwaymfb.org\/documents\/util\/2709444293.png","utility_bills_link":"https:\/\/richwaymfb.org\/documents\/util\/2709444293.png","auth_code":"1234","ip_address":"::1","status":"N","treated":"N","timestamp":"2022-11-21 16:20:38"},{"id":"12","merchant_id":"8189487426","merchant_name":"BOCKTRUST MFB","application_id":"3855327398","customer_id":"","customer_name":"Omotayo Temidayo Daniel","bank_code":"214","customer_bank":"Fidelity","account_number":"2114657016","customer_bvn":"22231561608","customer_phone":"09077564412","customer_email":"omotayo@gmail.com","customer_address":"Lagos","date_of_birth":"04-05-1994","gender":"Male","employer_name":"Remita","employer_address":"Lagos","level":"4","step":"6","amount":"200000","period":"3","passport_link":"https:\/\/richwaymfb.org\/documents\/passport\/7704763954.png","identity_link":"https:\/\/richwaymfb.org\/documents\/util\/2709444293.png","utility_bills_link":"https:\/\/richwaymfb.org\/documents\/idcard\/2709444293.png","auth_code":"1234","ip_address":"::1","status":"Y","treated":"N","timestamp":"2022-11-20 11:26:38"}],"timestamp":"21-Nov-2022 16:24:22"}
{"responseCode":"00","message":"success","staff_code":"8189487426-028455","token":"eyJhbGciOiJIUzI1NiIsInR5cCI6IkpXVCJ9.eyJ1c2VyX2lkIjoicmVtaWxla3VuQGdtYWlsLmNvbTFKNjBSUzJCIiwiZXhwIjoxNjY5MDQ3NTQ1LCJpc3MiOiJsb2NhbGhvc3QiLCJpYXQiOjE2NjkwNDM5NDV9.qDdKiiwdiWHf6nd0aJb9Jttk9DegZAEPMNOwyETNX1Y","data":[{"id":"14","merchant_id":"8189487426","merchant_name":"BOCKTRUCT MFB","application_id":"4167840969","customer_id":"","customer_name":"Omotayo Temidayo Daniel","bank_code":"214","customer_bank":"Fidelity","account_number":"2114657016","customer_bvn":"22231561608","customer_phone":"09077564412","customer_email":"omodara@gmail.com","customer_address":"Lagos","date_of_birth":"04-05-1994","gender":"Male","employer_name":"Remita","employer_address":"Lagos","level":"4","step":"6","amount":"45000","period":"3","passport_link":"https:\/\/richwaymfb.org\/documents\/util\/2709444293.png","identity_link":"https:\/\/richwaymfb.org\/documents\/util\/2709444293.png","utility_bills_link":"https:\/\/richwaymfb.org\/documents\/util\/2709444293.png","auth_code":"1234","ip_address":"::1","status":"N","treated":"N","timestamp":"2022-11-21 16:20:38"},{"id":"12","merchant_id":"8189487426","merchant_name":"BOCKTRUST MFB","application_id":"3855327398","customer_id":"","customer_name":"Omotayo Temidayo Daniel","bank_code":"214","customer_bank":"Fidelity","account_number":"2114657016","customer_bvn":"22231561608","customer_phone":"09077564412","customer_email":"omotayo@gmail.com","customer_address":"Lagos","date_of_birth":"04-05-1994","gender":"Male","employer_name":"Remita","employer_address":"Lagos","level":"4","step":"6","amount":"200000","period":"3","passport_link":"https:\/\/richwaymfb.org\/documents\/passport\/7704763954.png","identity_link":"https:\/\/richwaymfb.org\/documents\/util\/2709444293.png","utility_bills_link":"https:\/\/richwaymfb.org\/documents\/idcard\/2709444293.png","auth_code":"1234","ip_address":"::1","status":"Y","treated":"N","timestamp":"2022-11-20 11:26:38"}],"timestamp":"21-Nov-2022 16:24:42"}
{"responseCode":"00","message":"success","staff_code":"8189487426-028455","token":"eyJhbGciOiJIUzI1NiIsInR5cCI6IkpXVCJ9.eyJ1c2VyX2lkIjoicmVtaWxla3VuQGdtYWlsLmNvbTFKNjBSUzJCIiwiZXhwIjoxNjY5MDQ3NTQ1LCJpc3MiOiJsb2NhbGhvc3QiLCJpYXQiOjE2NjkwNDM5NDV9.qDdKiiwdiWHf6nd0aJb9Jttk9DegZAEPMNOwyETNX1Y","data":[{"id":"14","merchant_id":"8189487426","merchant_name":"BOCKTRUCT MFB","application_id":"4167840969","customer_id":"","customer_name":"Omotayo Temidayo Daniel","bank_code":"214","customer_bank":"Fidelity","account_number":"2114657016","customer_bvn":"22231561608","customer_phone":"09077564412","customer_email":"omodara@gmail.com","customer_address":"Lagos","date_of_birth":"04-05-1994","gender":"Male","employer_name":"Remita","employer_address":"Lagos","level":"4","step":"6","amount":"45000","period":"3","passport_link":"https:\/\/richwaymfb.org\/documents\/util\/2709444293.png","identity_link":"https:\/\/richwaymfb.org\/documents\/util\/2709444293.png","utility_bills_link":"https:\/\/richwaymfb.org\/documents\/util\/2709444293.png","auth_code":"1234","ip_address":"::1","status":"N","treated":"N","timestamp":"2022-11-21 16:20:38"},{"id":"12","merchant_id":"8189487426","merchant_name":"BOCKTRUST MFB","application_id":"3855327398","customer_id":"","customer_name":"Omotayo Temidayo Daniel","bank_code":"214","customer_bank":"Fidelity","account_number":"2114657016","customer_bvn":"22231561608","customer_phone":"09077564412","customer_email":"omotayo@gmail.com","customer_address":"Lagos","date_of_birth":"04-05-1994","gender":"Male","employer_name":"Remita","employer_address":"Lagos","level":"4","step":"6","amount":"200000","period":"3","passport_link":"https:\/\/richwaymfb.org\/documents\/passport\/7704763954.png","identity_link":"https:\/\/richwaymfb.org\/documents\/util\/2709444293.png","utility_bills_link":"https:\/\/richwaymfb.org\/documents\/idcard\/2709444293.png","auth_code":"1234","ip_address":"::1","status":"Y","treated":"N","timestamp":"2022-11-20 11:26:38"}],"timestamp":"21-Nov-2022 16:25:02"}
{"status":"success","hasData":true,"responseId":"436276132/436276132","responseDate":"21-11-2022 15:25:08+0000","requestDate":"21-11-2022 15:25:07+0000","responseCode":"00","responseMsg":"SUCCESS","data":{"authorisationCode":"334523457","accountNumber":"1234657893","bankCode":"011","amount":"2000","customerId":"456783897","status":"MANDATE ALREADY EXIST","mandateReference":"260007833608"}} STAFF-CODE : 8189487426-028455 TOKEN : eyJhbGciOiJIUzI1NiIsInR5cCI6IkpXVCJ9.eyJ1c2VyX2lkIjoicmVtaWxla3VuQGdtYWlsLmNvbTFKNjBSUzJCIiwiZXhwIjoxNjY5MDQ3NTQ1LCJpc3MiOiJsb2NhbGhvc3QiLCJpYXQiOjE2NjkwNDM5NDV9.qDdKiiwdiWHf6nd0aJb9Jttk9DegZAEPMNOwyETNX1Y
{"responseCode":"00","message":"success","staff_code":"8189487426-028455","token":"eyJhbGciOiJIUzI1NiIsInR5cCI6IkpXVCJ9.eyJ1c2VyX2lkIjoicmVtaWxla3VuQGdtYWlsLmNvbTFKNjBSUzJCIiwiZXhwIjoxNjY5MDQ3NTQ1LCJpc3MiOiJsb2NhbGhvc3QiLCJpYXQiOjE2NjkwNDM5NDV9.qDdKiiwdiWHf6nd0aJb9Jttk9DegZAEPMNOwyETNX1Y","data":[{"id":"12","merchant_id":"8189487426","merchant_name":"BOCKTRUST MFB","application_id":"3855327398","customer_id":"","customer_name":"Omotayo Temidayo Daniel","bank_code":"214","customer_bank":"Fidelity","account_number":"2114657016","customer_bvn":"22231561608","customer_phone":"09077564412","customer_email":"omotayo@gmail.com","customer_address":"Lagos","date_of_birth":"04-05-1994","gender":"Male","employer_name":"Remita","employer_address":"Lagos","level":"4","step":"6","amount":"200000","period":"3","passport_link":"https:\/\/richwaymfb.org\/documents\/passport\/7704763954.png","identity_link":"https:\/\/richwaymfb.org\/documents\/util\/2709444293.png","utility_bills_link":"https:\/\/richwaymfb.org\/documents\/idcard\/2709444293.png","auth_code":"1234","ip_address":"::1","status":"Y","treated":"N","timestamp":"2022-11-20 11:26:38"}],"timestamp":"21-Nov-2022 16:25:08"}
{"responseCode":"00","message":"success","staff_code":"8189487426-028455","token":"eyJhbGciOiJIUzI1NiIsInR5cCI6IkpXVCJ9.eyJ1c2VyX2lkIjoicmVtaWxla3VuQGdtYWlsLmNvbTFKNjBSUzJCIiwiZXhwIjoxNjY5MDQ3NTQ1LCJpc3MiOiJsb2NhbGhvc3QiLCJpYXQiOjE2NjkwNDM5NDV9.qDdKiiwdiWHf6nd0aJb9Jttk9DegZAEPMNOwyETNX1Y","data":[{"id":"12","merchant_id":"8189487426","merchant_name":"BOCKTRUST MFB","application_id":"3855327398","customer_id":"","customer_name":"Omotayo Temidayo Daniel","bank_code":"214","customer_bank":"Fidelity","account_number":"2114657016","customer_bvn":"22231561608","customer_phone":"09077564412","customer_email":"omotayo@gmail.com","customer_address":"Lagos","date_of_birth":"04-05-1994","gender":"Male","employer_name":"Remita","employer_address":"Lagos","level":"4","step":"6","amount":"200000","period":"3","passport_link":"https:\/\/richwaymfb.org\/documents\/passport\/7704763954.png","identity_link":"https:\/\/richwaymfb.org\/documents\/util\/2709444293.png","utility_bills_link":"https:\/\/richwaymfb.org\/documents\/idcard\/2709444293.png","auth_code":"1234","ip_address":"::1","status":"Y","treated":"N","timestamp":"2022-11-20 11:26:38"}],"timestamp":"21-Nov-2022 16:25:19"}
{"responseCode":"00","message":"success","staff_code":"8189487426-028455","token":"eyJhbGciOiJIUzI1NiIsInR5cCI6IkpXVCJ9.eyJ1c2VyX2lkIjoicmVtaWxla3VuQGdtYWlsLmNvbTFKNjBSUzJCIiwiZXhwIjoxNjY5MDQ3NTQ1LCJpc3MiOiJsb2NhbGhvc3QiLCJpYXQiOjE2NjkwNDM5NDV9.qDdKiiwdiWHf6nd0aJb9Jttk9DegZAEPMNOwyETNX1Y","data":[{"id":"28","merchant_id":"8189487426","merchant_name":"BOCTRUST MFB","application_id":"4167840969","mandate_id":"260007833608","amount":"45000","period":"3","merchant_rate":"270000","repayment_amount":"855000","customer_name":"Omotayo Temidayo Daniel","customer_id":"11420755","auth_code":"163000","customer_bvn":"22231561608","status":"N","timestamp":"2022-11-21 16:25:08"},{"id":"27","merchant_id":"8189487426","merchant_name":"BOCKTRUCT MFB","application_id":"4167840969","mandate_id":"260007833608","amount":"45000","period":"3","merchant_rate":"270000","repayment_amount":"855000","customer_name":"Omotayo Temidayo Daniel","customer_id":"11420755","auth_code":"081035","customer_bvn":"22231561608","status":"N","timestamp":"2022-11-20 11:37:52"}],"timestamp":"21-Nov-2022 16:25:19"}
{"responseCode":"00","message":"success","staff_code":"8189487426-028455","token":"eyJhbGciOiJIUzI1NiIsInR5cCI6IkpXVCJ9.eyJ1c2VyX2lkIjoicmVtaWxla3VuQGdtYWlsLmNvbTFKNjBSUzJCIiwiZXhwIjoxNjY5MDQ3NTQ1LCJpc3MiOiJsb2NhbGhvc3QiLCJpYXQiOjE2NjkwNDM5NDV9.qDdKiiwdiWHf6nd0aJb9Jttk9DegZAEPMNOwyETNX1Y","data":[{"id":"12","merchant_id":"8189487426","merchant_name":"BOCKTRUST MFB","application_id":"3855327398","customer_id":"","customer_name":"Omotayo Temidayo Daniel","bank_code":"214","customer_bank":"Fidelity","account_number":"2114657016","customer_bvn":"22231561608","customer_phone":"09077564412","customer_email":"omotayo@gmail.com","customer_address":"Lagos","date_of_birth":"04-05-1994","gender":"Male","employer_name":"Remita","employer_address":"Lagos","level":"4","step":"6","amount":"200000","period":"3","passport_link":"https:\/\/richwaymfb.org\/documents\/passport\/7704763954.png","identity_link":"https:\/\/richwaymfb.org\/documents\/util\/2709444293.png","utility_bills_link":"https:\/\/richwaymfb.org\/documents\/idcard\/2709444293.png","auth_code":"1234","ip_address":"::1","status":"Y","treated":"N","timestamp":"2022-11-20 11:26:38"}],"timestamp":"21-Nov-2022 16:25:39"}
{"responseCode":"00","message":"success","staff_code":"8189487426-028455","token":"eyJhbGciOiJIUzI1NiIsInR5cCI6IkpXVCJ9.eyJ1c2VyX2lkIjoicmVtaWxla3VuQGdtYWlsLmNvbTFKNjBSUzJCIiwiZXhwIjoxNjY5MDQ3NTQ1LCJpc3MiOiJsb2NhbGhvc3QiLCJpYXQiOjE2NjkwNDM5NDV9.qDdKiiwdiWHf6nd0aJb9Jttk9DegZAEPMNOwyETNX1Y","data":[{"id":"12","merchant_id":"8189487426","merchant_name":"BOCKTRUST MFB","application_id":"3855327398","customer_id":"","customer_name":"Omotayo Temidayo Daniel","bank_code":"214","customer_bank":"Fidelity","account_number":"2114657016","customer_bvn":"22231561608","customer_phone":"09077564412","customer_email":"omotayo@gmail.com","customer_address":"Lagos","date_of_birth":"04-05-1994","gender":"Male","employer_name":"Remita","employer_address":"Lagos","level":"4","step":"6","amount":"200000","period":"3","passport_link":"https:\/\/richwaymfb.org\/documents\/passport\/7704763954.png","identity_link":"https:\/\/richwaymfb.org\/documents\/util\/2709444293.png","utility_bills_link":"https:\/\/richwaymfb.org\/documents\/idcard\/2709444293.png","auth_code":"1234","ip_address":"::1","status":"Y","treated":"N","timestamp":"2022-11-20 11:26:38"}],"timestamp":"21-Nov-2022 16:25:43"}
{"responseCode":"00","message":"success","staff_code":"8189487426-028455","token":"eyJhbGciOiJIUzI1NiIsInR5cCI6IkpXVCJ9.eyJ1c2VyX2lkIjoicmVtaWxla3VuQGdtYWlsLmNvbTFKNjBSUzJCIiwiZXhwIjoxNjY5MDQ3NTQ1LCJpc3MiOiJsb2NhbGhvc3QiLCJpYXQiOjE2NjkwNDM5NDV9.qDdKiiwdiWHf6nd0aJb9Jttk9DegZAEPMNOwyETNX1Y","data":[{"id":"27","merchant_id":"8189487426","merchant_name":"BOCKTRUCT MFB","application_id":"4167840969","mandate_id":"260007833608","amount":"45000","period":"3","merchant_rate":"270000","repayment_amount":"855000","customer_name":"Omotayo Temidayo Daniel","customer_id":"11420755","auth_code":"081035","customer_bvn":"22231561608","status":"N","timestamp":"2022-11-20 11:37:52"},{"id":"28","merchant_id":"8189487426","merchant_name":"BOCTRUST MFB","application_id":"4167840969","mandate_id":"260007833608","amount":"45000","period":"3","merchant_rate":"270000","repayment_amount":"855000","customer_name":"Omotayo Temidayo Daniel","customer_id":"11420755","auth_code":"163000","customer_bvn":"22231561608","status":"N","timestamp":"2022-11-21 16:25:08"}],"app_id":"4167840969","timestamp":"21-Nov-2022 16:25:52"}
{"responseCode":"00","message":"success","staff_code":"8189487426-028455","token":"eyJhbGciOiJIUzI1NiIsInR5cCI6IkpXVCJ9.eyJ1c2VyX2lkIjoicmVtaWxla3VuQGdtYWlsLmNvbTFKNjBSUzJCIiwiZXhwIjoxNjY5MDQ3NTQ1LCJpc3MiOiJsb2NhbGhvc3QiLCJpYXQiOjE2NjkwNDM5NDV9.qDdKiiwdiWHf6nd0aJb9Jttk9DegZAEPMNOwyETNX1Y","data":[{"id":"12","merchant_id":"8189487426","merchant_name":"BOCKTRUST MFB","application_id":"3855327398","customer_id":"","customer_name":"Omotayo Temidayo Daniel","bank_code":"214","customer_bank":"Fidelity","account_number":"2114657016","customer_bvn":"22231561608","customer_phone":"09077564412","customer_email":"omotayo@gmail.com","customer_address":"Lagos","date_of_birth":"04-05-1994","gender":"Male","employer_name":"Remita","employer_address":"Lagos","level":"4","step":"6","amount":"200000","period":"3","passport_link":"https:\/\/richwaymfb.org\/documents\/passport\/7704763954.png","identity_link":"https:\/\/richwaymfb.org\/documents\/util\/2709444293.png","utility_bills_link":"https:\/\/richwaymfb.org\/documents\/idcard\/2709444293.png","auth_code":"1234","ip_address":"::1","status":"Y","treated":"N","timestamp":"2022-11-20 11:26:38"}],"timestamp":"21-Nov-2022 16:25:59"}
{"responseCode":"00","message":"success","staff_code":"8189487426-028455","token":"eyJhbGciOiJIUzI1NiIsInR5cCI6IkpXVCJ9.eyJ1c2VyX2lkIjoicmVtaWxla3VuQGdtYWlsLmNvbTFKNjBSUzJCIiwiZXhwIjoxNjY5MDQ3NTQ1LCJpc3MiOiJsb2NhbGhvc3QiLCJpYXQiOjE2NjkwNDM5NDV9.qDdKiiwdiWHf6nd0aJb9Jttk9DegZAEPMNOwyETNX1Y","data":[{"id":"84","merchant_id":"8189487426","merchant_name":"BOCTRUST MFB","ref_id":"10062097208","amount":"45333.33","statuscode":"","modulename":"PAYDAYLOAN","notificationSent":"","dateNotificationSent":"2022-10-25","firstNotificationSent":"","dateFirstNotificationSent":"","netSalary":"-39646.64","totalCredit":"226666.65","customerPhoneNumber":"08067268741","mandateRef":"310662259727","balanceDue":"45333.35","customer_id":"","request_id":"","payment_date":"","payment_status":"","status_reason":"","flag":"Y","ack_id":"3161600225","timestamp":"2022-11-20 11:39:48","paymentRef":""}],"timestamp":"21-Nov-2022 16:25:59"}
{"responseCode":"00","message":"success","staff_code":"8189487426-028455","token":"eyJhbGciOiJIUzI1NiIsInR5cCI6IkpXVCJ9.eyJ1c2VyX2lkIjoicmVtaWxla3VuQGdtYWlsLmNvbTFKNjBSUzJCIiwiZXhwIjoxNjY5MDQ3NTQ1LCJpc3MiOiJsb2NhbGhvc3QiLCJpYXQiOjE2NjkwNDM5NDV9.qDdKiiwdiWHf6nd0aJb9Jttk9DegZAEPMNOwyETNX1Y","data":[{"id":"12","merchant_id":"8189487426","merchant_name":"BOCKTRUST MFB","application_id":"3855327398","customer_id":"","customer_name":"Omotayo Temidayo Daniel","bank_code":"214","customer_bank":"Fidelity","account_number":"2114657016","customer_bvn":"22231561608","customer_phone":"09077564412","customer_email":"omotayo@gmail.com","customer_address":"Lagos","date_of_birth":"04-05-1994","gender":"Male","employer_name":"Remita","employer_address":"Lagos","level":"4","step":"6","amount":"200000","period":"3","passport_link":"https:\/\/richwaymfb.org\/documents\/passport\/7704763954.png","identity_link":"https:\/\/richwaymfb.org\/documents\/util\/2709444293.png","utility_bills_link":"https:\/\/richwaymfb.org\/documents\/idcard\/2709444293.png","auth_code":"1234","ip_address":"::1","status":"Y","treated":"N","timestamp":"2022-11-20 11:26:38"}],"timestamp":"21-Nov-2022 16:26:19"}
{"responseCode":"00","message":"success","staff_code":"8189487426-028455","token":"eyJhbGciOiJIUzI1NiIsInR5cCI6IkpXVCJ9.eyJ1c2VyX2lkIjoicmVtaWxla3VuQGdtYWlsLmNvbTFKNjBSUzJCIiwiZXhwIjoxNjY5MDQ3NTQ1LCJpc3MiOiJsb2NhbGhvc3QiLCJpYXQiOjE2NjkwNDM5NDV9.qDdKiiwdiWHf6nd0aJb9Jttk9DegZAEPMNOwyETNX1Y","data":[{"id":"12","merchant_id":"8189487426","merchant_name":"BOCKTRUST MFB","application_id":"3855327398","customer_id":"","customer_name":"Omotayo Temidayo Daniel","bank_code":"214","customer_bank":"Fidelity","account_number":"2114657016","customer_bvn":"22231561608","customer_phone":"09077564412","customer_email":"omotayo@gmail.com","customer_address":"Lagos","date_of_birth":"04-05-1994","gender":"Male","employer_name":"Remita","employer_address":"Lagos","level":"4","step":"6","amount":"200000","period":"3","passport_link":"https:\/\/richwaymfb.org\/documents\/passport\/7704763954.png","identity_link":"https:\/\/richwaymfb.org\/documents\/util\/2709444293.png","utility_bills_link":"https:\/\/richwaymfb.org\/documents\/idcard\/2709444293.png","auth_code":"1234","ip_address":"::1","status":"Y","treated":"N","timestamp":"2022-11-20 11:26:38"}],"timestamp":"21-Nov-2022 16:26:31"}
{"responseCode":"00","message":"success","staff_code":"8189487426-028455","token":"eyJhbGciOiJIUzI1NiIsInR5cCI6IkpXVCJ9.eyJ1c2VyX2lkIjoicmVtaWxla3VuQGdtYWlsLmNvbTFKNjBSUzJCIiwiZXhwIjoxNjY5MDQ3NTQ1LCJpc3MiOiJsb2NhbGhvc3QiLCJpYXQiOjE2NjkwNDM5NDV9.qDdKiiwdiWHf6nd0aJb9Jttk9DegZAEPMNOwyETNX1Y","data":[{"id":"10","merchant_id":"8189487426","merchant_name":"BOCKTRUCT MFB","service_name":"REMITA-SALARY-DETAILS-FOR-1817774432-REQID-5471534802628","status_code":"1817774432","status_message":"FAILED","status":"Y","timestamp":"2022-11-06 21:41:35"},{"id":"11","merchant_id":"8189487426","merchant_name":"BOCKTRUCT MFB","service_name":"REMITA-SALARY-DETAILS-FOR-4167840969-REQID-8554104407563","status_code":"4167840969","status_message":"SUCCESSFULL","status":"Y","timestamp":"2022-11-06 21:44:06"}],"timestamp":"21-Nov-2022 16:26:31"}
{"responseCode":"00","message":"success","staff_code":"8189487426-028455","token":"eyJhbGciOiJIUzI1NiIsInR5cCI6IkpXVCJ9.eyJ1c2VyX2lkIjoicmVtaWxla3VuQGdtYWlsLmNvbTFKNjBSUzJCIiwiZXhwIjoxNjY5MDQ3NTQ1LCJpc3MiOiJsb2NhbGhvc3QiLCJpYXQiOjE2NjkwNDM5NDV9.qDdKiiwdiWHf6nd0aJb9Jttk9DegZAEPMNOwyETNX1Y","data":[{"id":"12","merchant_id":"8189487426","merchant_name":"BOCKTRUST MFB","application_id":"3855327398","customer_id":"","customer_name":"Omotayo Temidayo Daniel","bank_code":"214","customer_bank":"Fidelity","account_number":"2114657016","customer_bvn":"22231561608","customer_phone":"09077564412","customer_email":"omotayo@gmail.com","customer_address":"Lagos","date_of_birth":"04-05-1994","gender":"Male","employer_name":"Remita","employer_address":"Lagos","level":"4","step":"6","amount":"200000","period":"3","passport_link":"https:\/\/richwaymfb.org\/documents\/passport\/7704763954.png","identity_link":"https:\/\/richwaymfb.org\/documents\/util\/2709444293.png","utility_bills_link":"https:\/\/richwaymfb.org\/documents\/idcard\/2709444293.png","auth_code":"1234","ip_address":"::1","status":"Y","treated":"N","timestamp":"2022-11-20 11:26:38"}],"timestamp":"21-Nov-2022 16:26:51"}
{"responseCode":"00","message":"success","staff_code":"8189487426-028455","token":"eyJhbGciOiJIUzI1NiIsInR5cCI6IkpXVCJ9.eyJ1c2VyX2lkIjoicmVtaWxla3VuQGdtYWlsLmNvbTFKNjBSUzJCIiwiZXhwIjoxNjY5MDQ3NTQ1LCJpc3MiOiJsb2NhbGhvc3QiLCJpYXQiOjE2NjkwNDM5NDV9.qDdKiiwdiWHf6nd0aJb9Jttk9DegZAEPMNOwyETNX1Y","data":[{"id":"12","merchant_id":"8189487426","merchant_name":"BOCKTRUST MFB","application_id":"3855327398","customer_id":"","customer_name":"Omotayo Temidayo Daniel","bank_code":"214","customer_bank":"Fidelity","account_number":"2114657016","customer_bvn":"22231561608","customer_phone":"09077564412","customer_email":"omotayo@gmail.com","customer_address":"Lagos","date_of_birth":"04-05-1994","gender":"Male","employer_name":"Remita","employer_address":"Lagos","level":"4","step":"6","amount":"200000","period":"3","passport_link":"https:\/\/richwaymfb.org\/documents\/passport\/7704763954.png","identity_link":"https:\/\/richwaymfb.org\/documents\/util\/2709444293.png","utility_bills_link":"https:\/\/richwaymfb.org\/documents\/idcard\/2709444293.png","auth_code":"1234","ip_address":"::1","status":"Y","treated":"N","timestamp":"2022-11-20 11:26:38"}],"timestamp":"21-Nov-2022 16:27:11"}
{"responseCode":"00","message":"success","staff_code":"8189487426-028455","token":"eyJhbGciOiJIUzI1NiIsInR5cCI6IkpXVCJ9.eyJ1c2VyX2lkIjoicmVtaWxla3VuQGdtYWlsLmNvbTFKNjBSUzJCIiwiZXhwIjoxNjY5MDQ3NTQ1LCJpc3MiOiJsb2NhbGhvc3QiLCJpYXQiOjE2NjkwNDM5NDV9.qDdKiiwdiWHf6nd0aJb9Jttk9DegZAEPMNOwyETNX1Y","data":[{"id":"12","merchant_id":"8189487426","merchant_name":"BOCKTRUST MFB","application_id":"3855327398","customer_id":"","customer_name":"Omotayo Temidayo Daniel","bank_code":"214","customer_bank":"Fidelity","account_number":"2114657016","customer_bvn":"22231561608","customer_phone":"09077564412","customer_email":"omotayo@gmail.com","customer_address":"Lagos","date_of_birth":"04-05-1994","gender":"Male","employer_name":"Remita","employer_address":"Lagos","level":"4","step":"6","amount":"200000","period":"3","passport_link":"https:\/\/richwaymfb.org\/documents\/passport\/7704763954.png","identity_link":"https:\/\/richwaymfb.org\/documents\/util\/2709444293.png","utility_bills_link":"https:\/\/richwaymfb.org\/documents\/idcard\/2709444293.png","auth_code":"1234","ip_address":"::1","status":"Y","treated":"N","timestamp":"2022-11-20 11:26:38"}],"timestamp":"21-Nov-2022 16:27:31"}
{"responseCode":"00","message":"success","staff_code":"8189487426-028455","token":"eyJhbGciOiJIUzI1NiIsInR5cCI6IkpXVCJ9.eyJ1c2VyX2lkIjoicmVtaWxla3VuQGdtYWlsLmNvbTFKNjBSUzJCIiwiZXhwIjoxNjY5MDQ3NTQ1LCJpc3MiOiJsb2NhbGhvc3QiLCJpYXQiOjE2NjkwNDM5NDV9.qDdKiiwdiWHf6nd0aJb9Jttk9DegZAEPMNOwyETNX1Y","data":[{"id":"12","merchant_id":"8189487426","merchant_name":"BOCKTRUST MFB","application_id":"3855327398","customer_id":"","customer_name":"Omotayo Temidayo Daniel","bank_code":"214","customer_bank":"Fidelity","account_number":"2114657016","customer_bvn":"22231561608","customer_phone":"09077564412","customer_email":"omotayo@gmail.com","customer_address":"Lagos","date_of_birth":"04-05-1994","gender":"Male","employer_name":"Remita","employer_address":"Lagos","level":"4","step":"6","amount":"200000","period":"3","passport_link":"https:\/\/richwaymfb.org\/documents\/passport\/7704763954.png","identity_link":"https:\/\/richwaymfb.org\/documents\/util\/2709444293.png","utility_bills_link":"https:\/\/richwaymfb.org\/documents\/idcard\/2709444293.png","auth_code":"1234","ip_address":"::1","status":"Y","treated":"N","timestamp":"2022-11-20 11:26:38"}],"timestamp":"21-Nov-2022 16:27:51"}
{"responseCode":"00","message":"success","staff_code":"8189487426-028455","token":"eyJhbGciOiJIUzI1NiIsInR5cCI6IkpXVCJ9.eyJ1c2VyX2lkIjoicmVtaWxla3VuQGdtYWlsLmNvbTFKNjBSUzJCIiwiZXhwIjoxNjY5MDQ3NTQ1LCJpc3MiOiJsb2NhbGhvc3QiLCJpYXQiOjE2NjkwNDM5NDV9.qDdKiiwdiWHf6nd0aJb9Jttk9DegZAEPMNOwyETNX1Y","data":[{"id":"12","merchant_id":"8189487426","merchant_name":"BOCKTRUST MFB","application_id":"3855327398","customer_id":"","customer_name":"Omotayo Temidayo Daniel","bank_code":"214","customer_bank":"Fidelity","account_number":"2114657016","customer_bvn":"22231561608","customer_phone":"09077564412","customer_email":"omotayo@gmail.com","customer_address":"Lagos","date_of_birth":"04-05-1994","gender":"Male","employer_name":"Remita","employer_address":"Lagos","level":"4","step":"6","amount":"200000","period":"3","passport_link":"https:\/\/richwaymfb.org\/documents\/passport\/7704763954.png","identity_link":"https:\/\/richwaymfb.org\/documents\/util\/2709444293.png","utility_bills_link":"https:\/\/richwaymfb.org\/documents\/idcard\/2709444293.png","auth_code":"1234","ip_address":"::1","status":"Y","treated":"N","timestamp":"2022-11-20 11:26:38"}],"timestamp":"21-Nov-2022 16:28:11"}
{"responseCode":"00","message":"success","staff_code":"8189487426-028455","token":"eyJhbGciOiJIUzI1NiIsInR5cCI6IkpXVCJ9.eyJ1c2VyX2lkIjoicmVtaWxla3VuQGdtYWlsLmNvbTFKNjBSUzJCIiwiZXhwIjoxNjY5MDQ3NTQ1LCJpc3MiOiJsb2NhbGhvc3QiLCJpYXQiOjE2NjkwNDM5NDV9.qDdKiiwdiWHf6nd0aJb9Jttk9DegZAEPMNOwyETNX1Y","data":[{"id":"12","merchant_id":"8189487426","merchant_name":"BOCKTRUST MFB","application_id":"3855327398","customer_id":"","customer_name":"Omotayo Temidayo Daniel","bank_code":"214","customer_bank":"Fidelity","account_number":"2114657016","customer_bvn":"22231561608","customer_phone":"09077564412","customer_email":"omotayo@gmail.com","customer_address":"Lagos","date_of_birth":"04-05-1994","gender":"Male","employer_name":"Remita","employer_address":"Lagos","level":"4","step":"6","amount":"200000","period":"3","passport_link":"https:\/\/richwaymfb.org\/documents\/passport\/7704763954.png","identity_link":"https:\/\/richwaymfb.org\/documents\/util\/2709444293.png","utility_bills_link":"https:\/\/richwaymfb.org\/documents\/idcard\/2709444293.png","auth_code":"1234","ip_address":"::1","status":"Y","treated":"N","timestamp":"2022-11-20 11:26:38"}],"timestamp":"21-Nov-2022 16:28:31"}
{"responseCode":"00","message":"success","staff_code":"8189487426-028455","token":"eyJhbGciOiJIUzI1NiIsInR5cCI6IkpXVCJ9.eyJ1c2VyX2lkIjoicmVtaWxla3VuQGdtYWlsLmNvbTFKNjBSUzJCIiwiZXhwIjoxNjY5MDQ3NTQ1LCJpc3MiOiJsb2NhbGhvc3QiLCJpYXQiOjE2NjkwNDM5NDV9.qDdKiiwdiWHf6nd0aJb9Jttk9DegZAEPMNOwyETNX1Y","data":[{"id":"12","merchant_id":"8189487426","merchant_name":"BOCKTRUST MFB","application_id":"3855327398","customer_id":"","customer_name":"Omotayo Temidayo Daniel","bank_code":"214","customer_bank":"Fidelity","account_number":"2114657016","customer_bvn":"22231561608","customer_phone":"09077564412","customer_email":"omotayo@gmail.com","customer_address":"Lagos","date_of_birth":"04-05-1994","gender":"Male","employer_name":"Remita","employer_address":"Lagos","level":"4","step":"6","amount":"200000","period":"3","passport_link":"https:\/\/richwaymfb.org\/documents\/passport\/7704763954.png","identity_link":"https:\/\/richwaymfb.org\/documents\/util\/2709444293.png","utility_bills_link":"https:\/\/richwaymfb.org\/documents\/idcard\/2709444293.png","auth_code":"1234","ip_address":"::1","status":"Y","treated":"N","timestamp":"2022-11-20 11:26:38"}],"timestamp":"21-Nov-2022 16:28:51"}
{"responseCode":"00","message":"success","staff_code":"8189487426-028455","token":"eyJhbGciOiJIUzI1NiIsInR5cCI6IkpXVCJ9.eyJ1c2VyX2lkIjoicmVtaWxla3VuQGdtYWlsLmNvbTFKNjBSUzJCIiwiZXhwIjoxNjY5MDQ3NTQ1LCJpc3MiOiJsb2NhbGhvc3QiLCJpYXQiOjE2NjkwNDM5NDV9.qDdKiiwdiWHf6nd0aJb9Jttk9DegZAEPMNOwyETNX1Y","data":[{"id":"12","merchant_id":"8189487426","merchant_name":"BOCKTRUST MFB","application_id":"3855327398","customer_id":"","customer_name":"Omotayo Temidayo Daniel","bank_code":"214","customer_bank":"Fidelity","account_number":"2114657016","customer_bvn":"22231561608","customer_phone":"09077564412","customer_email":"omotayo@gmail.com","customer_address":"Lagos","date_of_birth":"04-05-1994","gender":"Male","employer_name":"Remita","employer_address":"Lagos","level":"4","step":"6","amount":"200000","period":"3","passport_link":"https:\/\/richwaymfb.org\/documents\/passport\/7704763954.png","identity_link":"https:\/\/richwaymfb.org\/documents\/util\/2709444293.png","utility_bills_link":"https:\/\/richwaymfb.org\/documents\/idcard\/2709444293.png","auth_code":"1234","ip_address":"::1","status":"Y","treated":"N","timestamp":"2022-11-20 11:26:38"}],"timestamp":"21-Nov-2022 16:29:11"}
{"responseCode":"00","message":"success","staff_code":"8189487426-028455","token":"eyJhbGciOiJIUzI1NiIsInR5cCI6IkpXVCJ9.eyJ1c2VyX2lkIjoicmVtaWxla3VuQGdtYWlsLmNvbTFKNjBSUzJCIiwiZXhwIjoxNjY5MDQ3NTQ1LCJpc3MiOiJsb2NhbGhvc3QiLCJpYXQiOjE2NjkwNDM5NDV9.qDdKiiwdiWHf6nd0aJb9Jttk9DegZAEPMNOwyETNX1Y","data":[{"id":"12","merchant_id":"8189487426","merchant_name":"BOCKTRUST MFB","application_id":"3855327398","customer_id":"","customer_name":"Omotayo Temidayo Daniel","bank_code":"214","customer_bank":"Fidelity","account_number":"2114657016","customer_bvn":"22231561608","customer_phone":"09077564412","customer_email":"omotayo@gmail.com","customer_address":"Lagos","date_of_birth":"04-05-1994","gender":"Male","employer_name":"Remita","employer_address":"Lagos","level":"4","step":"6","amount":"200000","period":"3","passport_link":"https:\/\/richwaymfb.org\/documents\/passport\/7704763954.png","identity_link":"https:\/\/richwaymfb.org\/documents\/util\/2709444293.png","utility_bills_link":"https:\/\/richwaymfb.org\/documents\/idcard\/2709444293.png","auth_code":"1234","ip_address":"::1","status":"Y","treated":"N","timestamp":"2022-11-20 11:26:38"}],"timestamp":"21-Nov-2022 16:29:31"}
{"responseCode":"00","message":"success","staff_code":"8189487426-028455","token":"eyJhbGciOiJIUzI1NiIsInR5cCI6IkpXVCJ9.eyJ1c2VyX2lkIjoicmVtaWxla3VuQGdtYWlsLmNvbTFKNjBSUzJCIiwiZXhwIjoxNjY5MDQ3NTQ1LCJpc3MiOiJsb2NhbGhvc3QiLCJpYXQiOjE2NjkwNDM5NDV9.qDdKiiwdiWHf6nd0aJb9Jttk9DegZAEPMNOwyETNX1Y","data":[{"id":"12","merchant_id":"8189487426","merchant_name":"BOCKTRUST MFB","application_id":"3855327398","customer_id":"","customer_name":"Omotayo Temidayo Daniel","bank_code":"214","customer_bank":"Fidelity","account_number":"2114657016","customer_bvn":"22231561608","customer_phone":"09077564412","customer_email":"omotayo@gmail.com","customer_address":"Lagos","date_of_birth":"04-05-1994","gender":"Male","employer_name":"Remita","employer_address":"Lagos","level":"4","step":"6","amount":"200000","period":"3","passport_link":"https:\/\/richwaymfb.org\/documents\/passport\/7704763954.png","identity_link":"https:\/\/richwaymfb.org\/documents\/util\/2709444293.png","utility_bills_link":"https:\/\/richwaymfb.org\/documents\/idcard\/2709444293.png","auth_code":"1234","ip_address":"::1","status":"Y","treated":"N","timestamp":"2022-11-20 11:26:38"}],"timestamp":"21-Nov-2022 16:29:51"}
{"responseCode":"00","message":"success","staff_code":"8189487426-028455","token":"eyJhbGciOiJIUzI1NiIsInR5cCI6IkpXVCJ9.eyJ1c2VyX2lkIjoicmVtaWxla3VuQGdtYWlsLmNvbTFKNjBSUzJCIiwiZXhwIjoxNjY5MDQ3NTQ1LCJpc3MiOiJsb2NhbGhvc3QiLCJpYXQiOjE2NjkwNDM5NDV9.qDdKiiwdiWHf6nd0aJb9Jttk9DegZAEPMNOwyETNX1Y","data":[{"id":"12","merchant_id":"8189487426","merchant_name":"BOCKTRUST MFB","application_id":"3855327398","customer_id":"","customer_name":"Omotayo Temidayo Daniel","bank_code":"214","customer_bank":"Fidelity","account_number":"2114657016","customer_bvn":"22231561608","customer_phone":"09077564412","customer_email":"omotayo@gmail.com","customer_address":"Lagos","date_of_birth":"04-05-1994","gender":"Male","employer_name":"Remita","employer_address":"Lagos","level":"4","step":"6","amount":"200000","period":"3","passport_link":"https:\/\/richwaymfb.org\/documents\/passport\/7704763954.png","identity_link":"https:\/\/richwaymfb.org\/documents\/util\/2709444293.png","utility_bills_link":"https:\/\/richwaymfb.org\/documents\/idcard\/2709444293.png","auth_code":"1234","ip_address":"::1","status":"Y","treated":"N","timestamp":"2022-11-20 11:26:38"}],"timestamp":"21-Nov-2022 16:30:11"}
{"responseCode":"00","message":"success","staff_code":"8189487426-028455","token":"eyJhbGciOiJIUzI1NiIsInR5cCI6IkpXVCJ9.eyJ1c2VyX2lkIjoicmVtaWxla3VuQGdtYWlsLmNvbTFKNjBSUzJCIiwiZXhwIjoxNjY5MDQ3NTQ1LCJpc3MiOiJsb2NhbGhvc3QiLCJpYXQiOjE2NjkwNDM5NDV9.qDdKiiwdiWHf6nd0aJb9Jttk9DegZAEPMNOwyETNX1Y","data":[{"id":"12","merchant_id":"8189487426","merchant_name":"BOCKTRUST MFB","application_id":"3855327398","customer_id":"","customer_name":"Omotayo Temidayo Daniel","bank_code":"214","customer_bank":"Fidelity","account_number":"2114657016","customer_bvn":"22231561608","customer_phone":"09077564412","customer_email":"omotayo@gmail.com","customer_address":"Lagos","date_of_birth":"04-05-1994","gender":"Male","employer_name":"Remita","employer_address":"Lagos","level":"4","step":"6","amount":"200000","period":"3","passport_link":"https:\/\/richwaymfb.org\/documents\/passport\/7704763954.png","identity_link":"https:\/\/richwaymfb.org\/documents\/util\/2709444293.png","utility_bills_link":"https:\/\/richwaymfb.org\/documents\/idcard\/2709444293.png","auth_code":"1234","ip_address":"::1","status":"Y","treated":"N","timestamp":"2022-11-20 11:26:38"}],"timestamp":"21-Nov-2022 16:30:31"}
{"responseCode":"00","message":"success","staff_code":"8189487426-028455","token":"eyJhbGciOiJIUzI1NiIsInR5cCI6IkpXVCJ9.eyJ1c2VyX2lkIjoicmVtaWxla3VuQGdtYWlsLmNvbTFKNjBSUzJCIiwiZXhwIjoxNjY5MDQ3NTQ1LCJpc3MiOiJsb2NhbGhvc3QiLCJpYXQiOjE2NjkwNDM5NDV9.qDdKiiwdiWHf6nd0aJb9Jttk9DegZAEPMNOwyETNX1Y","data":[{"id":"12","merchant_id":"8189487426","merchant_name":"BOCKTRUST MFB","application_id":"3855327398","customer_id":"","customer_name":"Omotayo Temidayo Daniel","bank_code":"214","customer_bank":"Fidelity","account_number":"2114657016","customer_bvn":"22231561608","customer_phone":"09077564412","customer_email":"omotayo@gmail.com","customer_address":"Lagos","date_of_birth":"04-05-1994","gender":"Male","employer_name":"Remita","employer_address":"Lagos","level":"4","step":"6","amount":"200000","period":"3","passport_link":"https:\/\/richwaymfb.org\/documents\/passport\/7704763954.png","identity_link":"https:\/\/richwaymfb.org\/documents\/util\/2709444293.png","utility_bills_link":"https:\/\/richwaymfb.org\/documents\/idcard\/2709444293.png","auth_code":"1234","ip_address":"::1","status":"Y","treated":"N","timestamp":"2022-11-20 11:26:38"}],"timestamp":"21-Nov-2022 16:30:51"}
{"responseCode":"00","message":"success","staff_code":"8189487426-028455","token":"eyJhbGciOiJIUzI1NiIsInR5cCI6IkpXVCJ9.eyJ1c2VyX2lkIjoicmVtaWxla3VuQGdtYWlsLmNvbTFKNjBSUzJCIiwiZXhwIjoxNjY5MDQ3NTQ1LCJpc3MiOiJsb2NhbGhvc3QiLCJpYXQiOjE2NjkwNDM5NDV9.qDdKiiwdiWHf6nd0aJb9Jttk9DegZAEPMNOwyETNX1Y","data":[{"id":"12","merchant_id":"8189487426","merchant_name":"BOCKTRUST MFB","application_id":"3855327398","customer_id":"","customer_name":"Omotayo Temidayo Daniel","bank_code":"214","customer_bank":"Fidelity","account_number":"2114657016","customer_bvn":"22231561608","customer_phone":"09077564412","customer_email":"omotayo@gmail.com","customer_address":"Lagos","date_of_birth":"04-05-1994","gender":"Male","employer_name":"Remita","employer_address":"Lagos","level":"4","step":"6","amount":"200000","period":"3","passport_link":"https:\/\/richwaymfb.org\/documents\/passport\/7704763954.png","identity_link":"https:\/\/richwaymfb.org\/documents\/util\/2709444293.png","utility_bills_link":"https:\/\/richwaymfb.org\/documents\/idcard\/2709444293.png","auth_code":"1234","ip_address":"::1","status":"Y","treated":"N","timestamp":"2022-11-20 11:26:38"}],"timestamp":"21-Nov-2022 16:31:11"}
{"responseCode":"00","message":"success","staff_code":"8189487426-028455","token":"eyJhbGciOiJIUzI1NiIsInR5cCI6IkpXVCJ9.eyJ1c2VyX2lkIjoicmVtaWxla3VuQGdtYWlsLmNvbTFKNjBSUzJCIiwiZXhwIjoxNjY5MDQ3NTQ1LCJpc3MiOiJsb2NhbGhvc3QiLCJpYXQiOjE2NjkwNDM5NDV9.qDdKiiwdiWHf6nd0aJb9Jttk9DegZAEPMNOwyETNX1Y","data":[{"id":"12","merchant_id":"8189487426","merchant_name":"BOCKTRUST MFB","application_id":"3855327398","customer_id":"","customer_name":"Omotayo Temidayo Daniel","bank_code":"214","customer_bank":"Fidelity","account_number":"2114657016","customer_bvn":"22231561608","customer_phone":"09077564412","customer_email":"omotayo@gmail.com","customer_address":"Lagos","date_of_birth":"04-05-1994","gender":"Male","employer_name":"Remita","employer_address":"Lagos","level":"4","step":"6","amount":"200000","period":"3","passport_link":"https:\/\/richwaymfb.org\/documents\/passport\/7704763954.png","identity_link":"https:\/\/richwaymfb.org\/documents\/util\/2709444293.png","utility_bills_link":"https:\/\/richwaymfb.org\/documents\/idcard\/2709444293.png","auth_code":"1234","ip_address":"::1","status":"Y","treated":"N","timestamp":"2022-11-20 11:26:38"}],"timestamp":"21-Nov-2022 16:31:31"}
{"responseCode":"00","message":"success","staff_code":"8189487426-028455","token":"eyJhbGciOiJIUzI1NiIsInR5cCI6IkpXVCJ9.eyJ1c2VyX2lkIjoicmVtaWxla3VuQGdtYWlsLmNvbTFKNjBSUzJCIiwiZXhwIjoxNjY5MDQ3NTQ1LCJpc3MiOiJsb2NhbGhvc3QiLCJpYXQiOjE2NjkwNDM5NDV9.qDdKiiwdiWHf6nd0aJb9Jttk9DegZAEPMNOwyETNX1Y","data":[{"id":"12","merchant_id":"8189487426","merchant_name":"BOCKTRUST MFB","application_id":"3855327398","customer_id":"","customer_name":"Omotayo Temidayo Daniel","bank_code":"214","customer_bank":"Fidelity","account_number":"2114657016","customer_bvn":"22231561608","customer_phone":"09077564412","customer_email":"omotayo@gmail.com","customer_address":"Lagos","date_of_birth":"04-05-1994","gender":"Male","employer_name":"Remita","employer_address":"Lagos","level":"4","step":"6","amount":"200000","period":"3","passport_link":"https:\/\/richwaymfb.org\/documents\/passport\/7704763954.png","identity_link":"https:\/\/richwaymfb.org\/documents\/util\/2709444293.png","utility_bills_link":"https:\/\/richwaymfb.org\/documents\/idcard\/2709444293.png","auth_code":"1234","ip_address":"::1","status":"Y","treated":"N","timestamp":"2022-11-20 11:26:38"}],"timestamp":"21-Nov-2022 16:31:51"}
{"responseCode":"00","message":"success","staff_code":"8189487426-028455","token":"eyJhbGciOiJIUzI1NiIsInR5cCI6IkpXVCJ9.eyJ1c2VyX2lkIjoicmVtaWxla3VuQGdtYWlsLmNvbTFKNjBSUzJCIiwiZXhwIjoxNjY5MDQ3NTQ1LCJpc3MiOiJsb2NhbGhvc3QiLCJpYXQiOjE2NjkwNDM5NDV9.qDdKiiwdiWHf6nd0aJb9Jttk9DegZAEPMNOwyETNX1Y","data":[{"id":"12","merchant_id":"8189487426","merchant_name":"BOCKTRUST MFB","application_id":"3855327398","customer_id":"","customer_name":"Omotayo Temidayo Daniel","bank_code":"214","customer_bank":"Fidelity","account_number":"2114657016","customer_bvn":"22231561608","customer_phone":"09077564412","customer_email":"omotayo@gmail.com","customer_address":"Lagos","date_of_birth":"04-05-1994","gender":"Male","employer_name":"Remita","employer_address":"Lagos","level":"4","step":"6","amount":"200000","period":"3","passport_link":"https:\/\/richwaymfb.org\/documents\/passport\/7704763954.png","identity_link":"https:\/\/richwaymfb.org\/documents\/util\/2709444293.png","utility_bills_link":"https:\/\/richwaymfb.org\/documents\/idcard\/2709444293.png","auth_code":"1234","ip_address":"::1","status":"Y","treated":"N","timestamp":"2022-11-20 11:26:38"}],"timestamp":"21-Nov-2022 16:32:11"}
{"responseCode":"00","message":"success","staff_code":"8189487426-028455","token":"eyJhbGciOiJIUzI1NiIsInR5cCI6IkpXVCJ9.eyJ1c2VyX2lkIjoicmVtaWxla3VuQGdtYWlsLmNvbTFKNjBSUzJCIiwiZXhwIjoxNjY5MDQ3NTQ1LCJpc3MiOiJsb2NhbGhvc3QiLCJpYXQiOjE2NjkwNDM5NDV9.qDdKiiwdiWHf6nd0aJb9Jttk9DegZAEPMNOwyETNX1Y","data":[{"id":"12","merchant_id":"8189487426","merchant_name":"BOCKTRUST MFB","application_id":"3855327398","customer_id":"","customer_name":"Omotayo Temidayo Daniel","bank_code":"214","customer_bank":"Fidelity","account_number":"2114657016","customer_bvn":"22231561608","customer_phone":"09077564412","customer_email":"omotayo@gmail.com","customer_address":"Lagos","date_of_birth":"04-05-1994","gender":"Male","employer_name":"Remita","employer_address":"Lagos","level":"4","step":"6","amount":"200000","period":"3","passport_link":"https:\/\/richwaymfb.org\/documents\/passport\/7704763954.png","identity_link":"https:\/\/richwaymfb.org\/documents\/util\/2709444293.png","utility_bills_link":"https:\/\/richwaymfb.org\/documents\/idcard\/2709444293.png","auth_code":"1234","ip_address":"::1","status":"Y","treated":"N","timestamp":"2022-11-20 11:26:38"}],"timestamp":"21-Nov-2022 16:32:31"}
{"responseCode":"00","message":"success","staff_code":"8189487426-028455","token":"eyJhbGciOiJIUzI1NiIsInR5cCI6IkpXVCJ9.eyJ1c2VyX2lkIjoicmVtaWxla3VuQGdtYWlsLmNvbTFKNjBSUzJCIiwiZXhwIjoxNjY5MDQ3NTQ1LCJpc3MiOiJsb2NhbGhvc3QiLCJpYXQiOjE2NjkwNDM5NDV9.qDdKiiwdiWHf6nd0aJb9Jttk9DegZAEPMNOwyETNX1Y","data":[{"id":"12","merchant_id":"8189487426","merchant_name":"BOCKTRUST MFB","application_id":"3855327398","customer_id":"","customer_name":"Omotayo Temidayo Daniel","bank_code":"214","customer_bank":"Fidelity","account_number":"2114657016","customer_bvn":"22231561608","customer_phone":"09077564412","customer_email":"omotayo@gmail.com","customer_address":"Lagos","date_of_birth":"04-05-1994","gender":"Male","employer_name":"Remita","employer_address":"Lagos","level":"4","step":"6","amount":"200000","period":"3","passport_link":"https:\/\/richwaymfb.org\/documents\/passport\/7704763954.png","identity_link":"https:\/\/richwaymfb.org\/documents\/util\/2709444293.png","utility_bills_link":"https:\/\/richwaymfb.org\/documents\/idcard\/2709444293.png","auth_code":"1234","ip_address":"::1","status":"Y","treated":"N","timestamp":"2022-11-20 11:26:38"}],"timestamp":"21-Nov-2022 16:32:51"}
{"responseCode":"00","message":"success","staff_code":"8189487426-028455","token":"eyJhbGciOiJIUzI1NiIsInR5cCI6IkpXVCJ9.eyJ1c2VyX2lkIjoicmVtaWxla3VuQGdtYWlsLmNvbTFKNjBSUzJCIiwiZXhwIjoxNjY5MDQ3NTQ1LCJpc3MiOiJsb2NhbGhvc3QiLCJpYXQiOjE2NjkwNDM5NDV9.qDdKiiwdiWHf6nd0aJb9Jttk9DegZAEPMNOwyETNX1Y","data":[{"id":"12","merchant_id":"8189487426","merchant_name":"BOCKTRUST MFB","application_id":"3855327398","customer_id":"","customer_name":"Omotayo Temidayo Daniel","bank_code":"214","customer_bank":"Fidelity","account_number":"2114657016","customer_bvn":"22231561608","customer_phone":"09077564412","customer_email":"omotayo@gmail.com","customer_address":"Lagos","date_of_birth":"04-05-1994","gender":"Male","employer_name":"Remita","employer_address":"Lagos","level":"4","step":"6","amount":"200000","period":"3","passport_link":"https:\/\/richwaymfb.org\/documents\/passport\/7704763954.png","identity_link":"https:\/\/richwaymfb.org\/documents\/util\/2709444293.png","utility_bills_link":"https:\/\/richwaymfb.org\/documents\/idcard\/2709444293.png","auth_code":"1234","ip_address":"::1","status":"Y","treated":"N","timestamp":"2022-11-20 11:26:38"}],"timestamp":"21-Nov-2022 16:33:11"}
{"responseCode":"00","message":"success","staff_code":"8189487426-028455","token":"eyJhbGciOiJIUzI1NiIsInR5cCI6IkpXVCJ9.eyJ1c2VyX2lkIjoicmVtaWxla3VuQGdtYWlsLmNvbTFKNjBSUzJCIiwiZXhwIjoxNjY5MDQ3NTQ1LCJpc3MiOiJsb2NhbGhvc3QiLCJpYXQiOjE2NjkwNDM5NDV9.qDdKiiwdiWHf6nd0aJb9Jttk9DegZAEPMNOwyETNX1Y","data":[{"id":"12","merchant_id":"8189487426","merchant_name":"BOCKTRUST MFB","application_id":"3855327398","customer_id":"","customer_name":"Omotayo Temidayo Daniel","bank_code":"214","customer_bank":"Fidelity","account_number":"2114657016","customer_bvn":"22231561608","customer_phone":"09077564412","customer_email":"omotayo@gmail.com","customer_address":"Lagos","date_of_birth":"04-05-1994","gender":"Male","employer_name":"Remita","employer_address":"Lagos","level":"4","step":"6","amount":"200000","period":"3","passport_link":"https:\/\/richwaymfb.org\/documents\/passport\/7704763954.png","identity_link":"https:\/\/richwaymfb.org\/documents\/util\/2709444293.png","utility_bills_link":"https:\/\/richwaymfb.org\/documents\/idcard\/2709444293.png","auth_code":"1234","ip_address":"::1","status":"Y","treated":"N","timestamp":"2022-11-20 11:26:38"}],"timestamp":"21-Nov-2022 16:33:31"}
{"responseCode":"00","message":"success","staff_code":"8189487426-028455","token":"eyJhbGciOiJIUzI1NiIsInR5cCI6IkpXVCJ9.eyJ1c2VyX2lkIjoicmVtaWxla3VuQGdtYWlsLmNvbTFKNjBSUzJCIiwiZXhwIjoxNjY5MDQ3NTQ1LCJpc3MiOiJsb2NhbGhvc3QiLCJpYXQiOjE2NjkwNDM5NDV9.qDdKiiwdiWHf6nd0aJb9Jttk9DegZAEPMNOwyETNX1Y","data":[{"id":"12","merchant_id":"8189487426","merchant_name":"BOCKTRUST MFB","application_id":"3855327398","customer_id":"","customer_name":"Omotayo Temidayo Daniel","bank_code":"214","customer_bank":"Fidelity","account_number":"2114657016","customer_bvn":"22231561608","customer_phone":"09077564412","customer_email":"omotayo@gmail.com","customer_address":"Lagos","date_of_birth":"04-05-1994","gender":"Male","employer_name":"Remita","employer_address":"Lagos","level":"4","step":"6","amount":"200000","period":"3","passport_link":"https:\/\/richwaymfb.org\/documents\/passport\/7704763954.png","identity_link":"https:\/\/richwaymfb.org\/documents\/util\/2709444293.png","utility_bills_link":"https:\/\/richwaymfb.org\/documents\/idcard\/2709444293.png","auth_code":"1234","ip_address":"::1","status":"Y","treated":"N","timestamp":"2022-11-20 11:26:38"}],"timestamp":"21-Nov-2022 16:33:51"}
{"responseCode":"00","message":"success","staff_code":"8189487426-028455","token":"eyJhbGciOiJIUzI1NiIsInR5cCI6IkpXVCJ9.eyJ1c2VyX2lkIjoicmVtaWxla3VuQGdtYWlsLmNvbTFKNjBSUzJCIiwiZXhwIjoxNjY5MDQ3NTQ1LCJpc3MiOiJsb2NhbGhvc3QiLCJpYXQiOjE2NjkwNDM5NDV9.qDdKiiwdiWHf6nd0aJb9Jttk9DegZAEPMNOwyETNX1Y","data":[{"id":"12","merchant_id":"8189487426","merchant_name":"BOCKTRUST MFB","application_id":"3855327398","customer_id":"","customer_name":"Omotayo Temidayo Daniel","bank_code":"214","customer_bank":"Fidelity","account_number":"2114657016","customer_bvn":"22231561608","customer_phone":"09077564412","customer_email":"omotayo@gmail.com","customer_address":"Lagos","date_of_birth":"04-05-1994","gender":"Male","employer_name":"Remita","employer_address":"Lagos","level":"4","step":"6","amount":"200000","period":"3","passport_link":"https:\/\/richwaymfb.org\/documents\/passport\/7704763954.png","identity_link":"https:\/\/richwaymfb.org\/documents\/util\/2709444293.png","utility_bills_link":"https:\/\/richwaymfb.org\/documents\/idcard\/2709444293.png","auth_code":"1234","ip_address":"::1","status":"Y","treated":"N","timestamp":"2022-11-20 11:26:38"}],"timestamp":"21-Nov-2022 16:34:11"}
{"responseCode":"00","message":"success","staff_code":"8189487426-028455","token":"eyJhbGciOiJIUzI1NiIsInR5cCI6IkpXVCJ9.eyJ1c2VyX2lkIjoicmVtaWxla3VuQGdtYWlsLmNvbTFKNjBSUzJCIiwiZXhwIjoxNjY5MDQ3NTQ1LCJpc3MiOiJsb2NhbGhvc3QiLCJpYXQiOjE2NjkwNDM5NDV9.qDdKiiwdiWHf6nd0aJb9Jttk9DegZAEPMNOwyETNX1Y","data":[{"id":"12","merchant_id":"8189487426","merchant_name":"BOCKTRUST MFB","application_id":"3855327398","customer_id":"","customer_name":"Omotayo Temidayo Daniel","bank_code":"214","customer_bank":"Fidelity","account_number":"2114657016","customer_bvn":"22231561608","customer_phone":"09077564412","customer_email":"omotayo@gmail.com","customer_address":"Lagos","date_of_birth":"04-05-1994","gender":"Male","employer_name":"Remita","employer_address":"Lagos","level":"4","step":"6","amount":"200000","period":"3","passport_link":"https:\/\/richwaymfb.org\/documents\/passport\/7704763954.png","identity_link":"https:\/\/richwaymfb.org\/documents\/util\/2709444293.png","utility_bills_link":"https:\/\/richwaymfb.org\/documents\/idcard\/2709444293.png","auth_code":"1234","ip_address":"::1","status":"Y","treated":"N","timestamp":"2022-11-20 11:26:38"}],"timestamp":"21-Nov-2022 16:34:31"}
{"responseCode":"00","message":"success","staff_code":"8189487426-028455","token":"eyJhbGciOiJIUzI1NiIsInR5cCI6IkpXVCJ9.eyJ1c2VyX2lkIjoicmVtaWxla3VuQGdtYWlsLmNvbTFKNjBSUzJCIiwiZXhwIjoxNjY5MDQ3NTQ1LCJpc3MiOiJsb2NhbGhvc3QiLCJpYXQiOjE2NjkwNDM5NDV9.qDdKiiwdiWHf6nd0aJb9Jttk9DegZAEPMNOwyETNX1Y","data":[{"id":"12","merchant_id":"8189487426","merchant_name":"BOCKTRUST MFB","application_id":"3855327398","customer_id":"","customer_name":"Omotayo Temidayo Daniel","bank_code":"214","customer_bank":"Fidelity","account_number":"2114657016","customer_bvn":"22231561608","customer_phone":"09077564412","customer_email":"omotayo@gmail.com","customer_address":"Lagos","date_of_birth":"04-05-1994","gender":"Male","employer_name":"Remita","employer_address":"Lagos","level":"4","step":"6","amount":"200000","period":"3","passport_link":"https:\/\/richwaymfb.org\/documents\/passport\/7704763954.png","identity_link":"https:\/\/richwaymfb.org\/documents\/util\/2709444293.png","utility_bills_link":"https:\/\/richwaymfb.org\/documents\/idcard\/2709444293.png","auth_code":"1234","ip_address":"::1","status":"Y","treated":"N","timestamp":"2022-11-20 11:26:38"}],"timestamp":"21-Nov-2022 16:34:51"}
{"responseCode":"00","message":"success","staff_code":"8189487426-028455","token":"eyJhbGciOiJIUzI1NiIsInR5cCI6IkpXVCJ9.eyJ1c2VyX2lkIjoicmVtaWxla3VuQGdtYWlsLmNvbTFKNjBSUzJCIiwiZXhwIjoxNjY5MDQ3NTQ1LCJpc3MiOiJsb2NhbGhvc3QiLCJpYXQiOjE2NjkwNDM5NDV9.qDdKiiwdiWHf6nd0aJb9Jttk9DegZAEPMNOwyETNX1Y","data":[{"id":"12","merchant_id":"8189487426","merchant_name":"BOCKTRUST MFB","application_id":"3855327398","customer_id":"","customer_name":"Omotayo Temidayo Daniel","bank_code":"214","customer_bank":"Fidelity","account_number":"2114657016","customer_bvn":"22231561608","customer_phone":"09077564412","customer_email":"omotayo@gmail.com","customer_address":"Lagos","date_of_birth":"04-05-1994","gender":"Male","employer_name":"Remita","employer_address":"Lagos","level":"4","step":"6","amount":"200000","period":"3","passport_link":"https:\/\/richwaymfb.org\/documents\/passport\/7704763954.png","identity_link":"https:\/\/richwaymfb.org\/documents\/util\/2709444293.png","utility_bills_link":"https:\/\/richwaymfb.org\/documents\/idcard\/2709444293.png","auth_code":"1234","ip_address":"::1","status":"Y","treated":"N","timestamp":"2022-11-20 11:26:38"}],"timestamp":"21-Nov-2022 16:35:11"}
{"responseCode":"00","message":"success","staff_code":"8189487426-028455","token":"eyJhbGciOiJIUzI1NiIsInR5cCI6IkpXVCJ9.eyJ1c2VyX2lkIjoicmVtaWxla3VuQGdtYWlsLmNvbTFKNjBSUzJCIiwiZXhwIjoxNjY5MDQ3NTQ1LCJpc3MiOiJsb2NhbGhvc3QiLCJpYXQiOjE2NjkwNDM5NDV9.qDdKiiwdiWHf6nd0aJb9Jttk9DegZAEPMNOwyETNX1Y","data":[{"id":"12","merchant_id":"8189487426","merchant_name":"BOCKTRUST MFB","application_id":"3855327398","customer_id":"","customer_name":"Omotayo Temidayo Daniel","bank_code":"214","customer_bank":"Fidelity","account_number":"2114657016","customer_bvn":"22231561608","customer_phone":"09077564412","customer_email":"omotayo@gmail.com","customer_address":"Lagos","date_of_birth":"04-05-1994","gender":"Male","employer_name":"Remita","employer_address":"Lagos","level":"4","step":"6","amount":"200000","period":"3","passport_link":"https:\/\/richwaymfb.org\/documents\/passport\/7704763954.png","identity_link":"https:\/\/richwaymfb.org\/documents\/util\/2709444293.png","utility_bills_link":"https:\/\/richwaymfb.org\/documents\/idcard\/2709444293.png","auth_code":"1234","ip_address":"::1","status":"Y","treated":"N","timestamp":"2022-11-20 11:26:38"}],"timestamp":"21-Nov-2022 16:35:31"}
{"responseCode":"00","message":"success","staff_code":"8189487426-028455","token":"eyJhbGciOiJIUzI1NiIsInR5cCI6IkpXVCJ9.eyJ1c2VyX2lkIjoicmVtaWxla3VuQGdtYWlsLmNvbTFKNjBSUzJCIiwiZXhwIjoxNjY5MDQ3NTQ1LCJpc3MiOiJsb2NhbGhvc3QiLCJpYXQiOjE2NjkwNDM5NDV9.qDdKiiwdiWHf6nd0aJb9Jttk9DegZAEPMNOwyETNX1Y","data":[{"id":"12","merchant_id":"8189487426","merchant_name":"BOCKTRUST MFB","application_id":"3855327398","customer_id":"","customer_name":"Omotayo Temidayo Daniel","bank_code":"214","customer_bank":"Fidelity","account_number":"2114657016","customer_bvn":"22231561608","customer_phone":"09077564412","customer_email":"omotayo@gmail.com","customer_address":"Lagos","date_of_birth":"04-05-1994","gender":"Male","employer_name":"Remita","employer_address":"Lagos","level":"4","step":"6","amount":"200000","period":"3","passport_link":"https:\/\/richwaymfb.org\/documents\/passport\/7704763954.png","identity_link":"https:\/\/richwaymfb.org\/documents\/util\/2709444293.png","utility_bills_link":"https:\/\/richwaymfb.org\/documents\/idcard\/2709444293.png","auth_code":"1234","ip_address":"::1","status":"Y","treated":"N","timestamp":"2022-11-20 11:26:38"}],"timestamp":"21-Nov-2022 16:35:51"}
{"responseCode":"00","message":"success","staff_code":"8189487426-028455","token":"eyJhbGciOiJIUzI1NiIsInR5cCI6IkpXVCJ9.eyJ1c2VyX2lkIjoicmVtaWxla3VuQGdtYWlsLmNvbTFKNjBSUzJCIiwiZXhwIjoxNjY5MDQ3NTQ1LCJpc3MiOiJsb2NhbGhvc3QiLCJpYXQiOjE2NjkwNDM5NDV9.qDdKiiwdiWHf6nd0aJb9Jttk9DegZAEPMNOwyETNX1Y","data":[{"id":"12","merchant_id":"8189487426","merchant_name":"BOCKTRUST MFB","application_id":"3855327398","customer_id":"","customer_name":"Omotayo Temidayo Daniel","bank_code":"214","customer_bank":"Fidelity","account_number":"2114657016","customer_bvn":"22231561608","customer_phone":"09077564412","customer_email":"omotayo@gmail.com","customer_address":"Lagos","date_of_birth":"04-05-1994","gender":"Male","employer_name":"Remita","employer_address":"Lagos","level":"4","step":"6","amount":"200000","period":"3","passport_link":"https:\/\/richwaymfb.org\/documents\/passport\/7704763954.png","identity_link":"https:\/\/richwaymfb.org\/documents\/util\/2709444293.png","utility_bills_link":"https:\/\/richwaymfb.org\/documents\/idcard\/2709444293.png","auth_code":"1234","ip_address":"::1","status":"Y","treated":"N","timestamp":"2022-11-20 11:26:38"}],"timestamp":"21-Nov-2022 16:36:11"}
{"responseCode":"00","message":"success","staff_code":"8189487426-028455","token":"eyJhbGciOiJIUzI1NiIsInR5cCI6IkpXVCJ9.eyJ1c2VyX2lkIjoicmVtaWxla3VuQGdtYWlsLmNvbTFKNjBSUzJCIiwiZXhwIjoxNjY5MDQ3NTQ1LCJpc3MiOiJsb2NhbGhvc3QiLCJpYXQiOjE2NjkwNDM5NDV9.qDdKiiwdiWHf6nd0aJb9Jttk9DegZAEPMNOwyETNX1Y","data":[{"id":"12","merchant_id":"8189487426","merchant_name":"BOCKTRUST MFB","application_id":"3855327398","customer_id":"","customer_name":"Omotayo Temidayo Daniel","bank_code":"214","customer_bank":"Fidelity","account_number":"2114657016","customer_bvn":"22231561608","customer_phone":"09077564412","customer_email":"omotayo@gmail.com","customer_address":"Lagos","date_of_birth":"04-05-1994","gender":"Male","employer_name":"Remita","employer_address":"Lagos","level":"4","step":"6","amount":"200000","period":"3","passport_link":"https:\/\/richwaymfb.org\/documents\/passport\/7704763954.png","identity_link":"https:\/\/richwaymfb.org\/documents\/util\/2709444293.png","utility_bills_link":"https:\/\/richwaymfb.org\/documents\/idcard\/2709444293.png","auth_code":"1234","ip_address":"::1","status":"Y","treated":"N","timestamp":"2022-11-20 11:26:38"}],"timestamp":"21-Nov-2022 16:36:32"}
{"responseCode":"00","message":"success","staff_code":"8189487426-028455","token":"eyJhbGciOiJIUzI1NiIsInR5cCI6IkpXVCJ9.eyJ1c2VyX2lkIjoicmVtaWxla3VuQGdtYWlsLmNvbTFKNjBSUzJCIiwiZXhwIjoxNjY5MDQ3NTQ1LCJpc3MiOiJsb2NhbGhvc3QiLCJpYXQiOjE2NjkwNDM5NDV9.qDdKiiwdiWHf6nd0aJb9Jttk9DegZAEPMNOwyETNX1Y","data":[{"id":"12","merchant_id":"8189487426","merchant_name":"BOCKTRUST MFB","application_id":"3855327398","customer_id":"","customer_name":"Omotayo Temidayo Daniel","bank_code":"214","customer_bank":"Fidelity","account_number":"2114657016","customer_bvn":"22231561608","customer_phone":"09077564412","customer_email":"omotayo@gmail.com","customer_address":"Lagos","date_of_birth":"04-05-1994","gender":"Male","employer_name":"Remita","employer_address":"Lagos","level":"4","step":"6","amount":"200000","period":"3","passport_link":"https:\/\/richwaymfb.org\/documents\/passport\/7704763954.png","identity_link":"https:\/\/richwaymfb.org\/documents\/util\/2709444293.png","utility_bills_link":"https:\/\/richwaymfb.org\/documents\/idcard\/2709444293.png","auth_code":"1234","ip_address":"::1","status":"Y","treated":"N","timestamp":"2022-11-20 11:26:38"}],"timestamp":"21-Nov-2022 16:36:52"}
{"responseCode":"00","message":"success","staff_code":"8189487426-028455","token":"eyJhbGciOiJIUzI1NiIsInR5cCI6IkpXVCJ9.eyJ1c2VyX2lkIjoicmVtaWxla3VuQGdtYWlsLmNvbTFKNjBSUzJCIiwiZXhwIjoxNjY5MDQ3NTQ1LCJpc3MiOiJsb2NhbGhvc3QiLCJpYXQiOjE2NjkwNDM5NDV9.qDdKiiwdiWHf6nd0aJb9Jttk9DegZAEPMNOwyETNX1Y","data":[{"id":"12","merchant_id":"8189487426","merchant_name":"BOCKTRUST MFB","application_id":"3855327398","customer_id":"","customer_name":"Omotayo Temidayo Daniel","bank_code":"214","customer_bank":"Fidelity","account_number":"2114657016","customer_bvn":"22231561608","customer_phone":"09077564412","customer_email":"omotayo@gmail.com","customer_address":"Lagos","date_of_birth":"04-05-1994","gender":"Male","employer_name":"Remita","employer_address":"Lagos","level":"4","step":"6","amount":"200000","period":"3","passport_link":"https:\/\/richwaymfb.org\/documents\/passport\/7704763954.png","identity_link":"https:\/\/richwaymfb.org\/documents\/util\/2709444293.png","utility_bills_link":"https:\/\/richwaymfb.org\/documents\/idcard\/2709444293.png","auth_code":"1234","ip_address":"::1","status":"Y","treated":"N","timestamp":"2022-11-20 11:26:38"}],"timestamp":"21-Nov-2022 16:37:12"}
{"responseCode":"00","message":"success","staff_code":"8189487426-028455","token":"eyJhbGciOiJIUzI1NiIsInR5cCI6IkpXVCJ9.eyJ1c2VyX2lkIjoicmVtaWxla3VuQGdtYWlsLmNvbTFKNjBSUzJCIiwiZXhwIjoxNjY5MDQ3NTQ1LCJpc3MiOiJsb2NhbGhvc3QiLCJpYXQiOjE2NjkwNDM5NDV9.qDdKiiwdiWHf6nd0aJb9Jttk9DegZAEPMNOwyETNX1Y","data":[{"id":"12","merchant_id":"8189487426","merchant_name":"BOCKTRUST MFB","application_id":"3855327398","customer_id":"","customer_name":"Omotayo Temidayo Daniel","bank_code":"214","customer_bank":"Fidelity","account_number":"2114657016","customer_bvn":"22231561608","customer_phone":"09077564412","customer_email":"omotayo@gmail.com","customer_address":"Lagos","date_of_birth":"04-05-1994","gender":"Male","employer_name":"Remita","employer_address":"Lagos","level":"4","step":"6","amount":"200000","period":"3","passport_link":"https:\/\/richwaymfb.org\/documents\/passport\/7704763954.png","identity_link":"https:\/\/richwaymfb.org\/documents\/util\/2709444293.png","utility_bills_link":"https:\/\/richwaymfb.org\/documents\/idcard\/2709444293.png","auth_code":"1234","ip_address":"::1","status":"Y","treated":"N","timestamp":"2022-11-20 11:26:38"}],"timestamp":"21-Nov-2022 16:37:32"}
{"responseCode":"00","message":"success","staff_code":"8189487426-028455","token":"eyJhbGciOiJIUzI1NiIsInR5cCI6IkpXVCJ9.eyJ1c2VyX2lkIjoicmVtaWxla3VuQGdtYWlsLmNvbTFKNjBSUzJCIiwiZXhwIjoxNjY5MDQ3NTQ1LCJpc3MiOiJsb2NhbGhvc3QiLCJpYXQiOjE2NjkwNDM5NDV9.qDdKiiwdiWHf6nd0aJb9Jttk9DegZAEPMNOwyETNX1Y","data":[{"id":"12","merchant_id":"8189487426","merchant_name":"BOCKTRUST MFB","application_id":"3855327398","customer_id":"","customer_name":"Omotayo Temidayo Daniel","bank_code":"214","customer_bank":"Fidelity","account_number":"2114657016","customer_bvn":"22231561608","customer_phone":"09077564412","customer_email":"omotayo@gmail.com","customer_address":"Lagos","date_of_birth":"04-05-1994","gender":"Male","employer_name":"Remita","employer_address":"Lagos","level":"4","step":"6","amount":"200000","period":"3","passport_link":"https:\/\/richwaymfb.org\/documents\/passport\/7704763954.png","identity_link":"https:\/\/richwaymfb.org\/documents\/util\/2709444293.png","utility_bills_link":"https:\/\/richwaymfb.org\/documents\/idcard\/2709444293.png","auth_code":"1234","ip_address":"::1","status":"Y","treated":"N","timestamp":"2022-11-20 11:26:38"}],"timestamp":"21-Nov-2022 16:37:52"}
{"responseCode":"00","message":"success","staff_code":"8189487426-028455","token":"eyJhbGciOiJIUzI1NiIsInR5cCI6IkpXVCJ9.eyJ1c2VyX2lkIjoicmVtaWxla3VuQGdtYWlsLmNvbTFKNjBSUzJCIiwiZXhwIjoxNjY5MDQ3NTQ1LCJpc3MiOiJsb2NhbGhvc3QiLCJpYXQiOjE2NjkwNDM5NDV9.qDdKiiwdiWHf6nd0aJb9Jttk9DegZAEPMNOwyETNX1Y","data":[{"id":"12","merchant_id":"8189487426","merchant_name":"BOCKTRUST MFB","application_id":"3855327398","customer_id":"","customer_name":"Omotayo Temidayo Daniel","bank_code":"214","customer_bank":"Fidelity","account_number":"2114657016","customer_bvn":"22231561608","customer_phone":"09077564412","customer_email":"omotayo@gmail.com","customer_address":"Lagos","date_of_birth":"04-05-1994","gender":"Male","employer_name":"Remita","employer_address":"Lagos","level":"4","step":"6","amount":"200000","period":"3","passport_link":"https:\/\/richwaymfb.org\/documents\/passport\/7704763954.png","identity_link":"https:\/\/richwaymfb.org\/documents\/util\/2709444293.png","utility_bills_link":"https:\/\/richwaymfb.org\/documents\/idcard\/2709444293.png","auth_code":"1234","ip_address":"::1","status":"Y","treated":"N","timestamp":"2022-11-20 11:26:38"}],"timestamp":"21-Nov-2022 16:38:12"}
{"responseCode":"00","message":"success","staff_code":"8189487426-028455","token":"eyJhbGciOiJIUzI1NiIsInR5cCI6IkpXVCJ9.eyJ1c2VyX2lkIjoicmVtaWxla3VuQGdtYWlsLmNvbTFKNjBSUzJCIiwiZXhwIjoxNjY5MDQ3NTQ1LCJpc3MiOiJsb2NhbGhvc3QiLCJpYXQiOjE2NjkwNDM5NDV9.qDdKiiwdiWHf6nd0aJb9Jttk9DegZAEPMNOwyETNX1Y","data":[{"id":"12","merchant_id":"8189487426","merchant_name":"BOCKTRUST MFB","application_id":"3855327398","customer_id":"","customer_name":"Omotayo Temidayo Daniel","bank_code":"214","customer_bank":"Fidelity","account_number":"2114657016","customer_bvn":"22231561608","customer_phone":"09077564412","customer_email":"omotayo@gmail.com","customer_address":"Lagos","date_of_birth":"04-05-1994","gender":"Male","employer_name":"Remita","employer_address":"Lagos","level":"4","step":"6","amount":"200000","period":"3","passport_link":"https:\/\/richwaymfb.org\/documents\/passport\/7704763954.png","identity_link":"https:\/\/richwaymfb.org\/documents\/util\/2709444293.png","utility_bills_link":"https:\/\/richwaymfb.org\/documents\/idcard\/2709444293.png","auth_code":"1234","ip_address":"::1","status":"Y","treated":"N","timestamp":"2022-11-20 11:26:38"}],"timestamp":"21-Nov-2022 16:38:32"}
{"responseCode":"00","message":"success","staff_code":"8189487426-028455","token":"eyJhbGciOiJIUzI1NiIsInR5cCI6IkpXVCJ9.eyJ1c2VyX2lkIjoicmVtaWxla3VuQGdtYWlsLmNvbTFKNjBSUzJCIiwiZXhwIjoxNjY5MDQ3NTQ1LCJpc3MiOiJsb2NhbGhvc3QiLCJpYXQiOjE2NjkwNDM5NDV9.qDdKiiwdiWHf6nd0aJb9Jttk9DegZAEPMNOwyETNX1Y","data":[{"id":"12","merchant_id":"8189487426","merchant_name":"BOCKTRUST MFB","application_id":"3855327398","customer_id":"","customer_name":"Omotayo Temidayo Daniel","bank_code":"214","customer_bank":"Fidelity","account_number":"2114657016","customer_bvn":"22231561608","customer_phone":"09077564412","customer_email":"omotayo@gmail.com","customer_address":"Lagos","date_of_birth":"04-05-1994","gender":"Male","employer_name":"Remita","employer_address":"Lagos","level":"4","step":"6","amount":"200000","period":"3","passport_link":"https:\/\/richwaymfb.org\/documents\/passport\/7704763954.png","identity_link":"https:\/\/richwaymfb.org\/documents\/util\/2709444293.png","utility_bills_link":"https:\/\/richwaymfb.org\/documents\/idcard\/2709444293.png","auth_code":"1234","ip_address":"::1","status":"Y","treated":"N","timestamp":"2022-11-20 11:26:38"}],"timestamp":"21-Nov-2022 16:38:52"}
{"responseCode":"00","message":"success","staff_code":"8189487426-028455","token":"eyJhbGciOiJIUzI1NiIsInR5cCI6IkpXVCJ9.eyJ1c2VyX2lkIjoicmVtaWxla3VuQGdtYWlsLmNvbTFKNjBSUzJCIiwiZXhwIjoxNjY5MDQ3NTQ1LCJpc3MiOiJsb2NhbGhvc3QiLCJpYXQiOjE2NjkwNDM5NDV9.qDdKiiwdiWHf6nd0aJb9Jttk9DegZAEPMNOwyETNX1Y","data":[{"id":"12","merchant_id":"8189487426","merchant_name":"BOCKTRUST MFB","application_id":"3855327398","customer_id":"","customer_name":"Omotayo Temidayo Daniel","bank_code":"214","customer_bank":"Fidelity","account_number":"2114657016","customer_bvn":"22231561608","customer_phone":"09077564412","customer_email":"omotayo@gmail.com","customer_address":"Lagos","date_of_birth":"04-05-1994","gender":"Male","employer_name":"Remita","employer_address":"Lagos","level":"4","step":"6","amount":"200000","period":"3","passport_link":"https:\/\/richwaymfb.org\/documents\/passport\/7704763954.png","identity_link":"https:\/\/richwaymfb.org\/documents\/util\/2709444293.png","utility_bills_link":"https:\/\/richwaymfb.org\/documents\/idcard\/2709444293.png","auth_code":"1234","ip_address":"::1","status":"Y","treated":"N","timestamp":"2022-11-20 11:26:38"}],"timestamp":"21-Nov-2022 16:39:12"}
