{"responseCode":"08","message":"invalid_token","staff_code":"8294523827-604408","token":null,"timestamp":"28-Oct-2022 13:17:17"}
{"responseCode":"04","message":"invalidCredentials","timestamp":"28-Oct-2022 13:19:36"}
{"responseCode":"04","message":"invalidCredentials","timestamp":"28-Oct-2022 13:19:42"}
{"responseCode":"00","message":"success","merchant_id":"8294523827","staff_code":"8294523827-604408","email":"omotayotemi47@gmail.com","tokenType":"Bearer","expiresIn":"3600","accessToken":"eyJhbGciOiJIUzI1NiIsInR5cCI6IkpXVCJ9.eyJ1c2VyX2lkIjoib21vdGF5b3RlbWk0N0BnbWFpbC5jb20xMjM0NTY3OCIsImV4cCI6MTY2Njk1OTU4OSwiaXNzIjoibG9jYWxob3N0IiwiaWF0IjoxNjY2OTU1OTg5fQ.nsV3GCEltgSSCihvF9SEtevrAXnG9tFYPoIT-QJqXsY","timestamp":"28-Oct-2022 13:19:49"}
{
    "customerId": "11420755",
    "accountNumber": "2114657016",
    "companyName": "RAILWAY PROPERTY MANAGEMENT COMPANY LIMITED",
    "customerName": "HENRY BWALA",
    "salaryPaymentDetails": [
        {
            "id": "9",
            "merchant_id": "8294523827",
            "merchant_name": "Dayo",
            "application_id": "8475525254",
            "paymentDate": "25-10-2022 10:44:34+0000",
            "amount": "449.65",
            "accountNumber": "2114657016",
            "bankCode": "214",
            "bankName": "First City Monument Bank",
            "timestamp": "2022-10-28 02:17:38"
        },
        {
            "id": "10",
            "merchant_id": "8294523827",
            "merchant_name": "Dayo",
            "application_id": "8475525254",
            "paymentDate": "26-09-2022 16:48:22+0000",
            "amount": "226.88",
            "accountNumber": "2114657016",
            "bankCode": "214",
            "bankName": "First City Monument Bank",
            "timestamp": "2022-10-28 02:17:38"
        },
        {
            "id": "11",
            "merchant_id": "8294523827",
            "merchant_name": "Dayo",
            "application_id": "8475525254",
            "paymentDate": "27-08-2022 02:07:40+0000",
            "amount": "1141.38",
            "accountNumber": "2114657016",
            "bankCode": "214",
            "bankName": "First City Monument Bank",
            "timestamp": "2022-10-28 02:17:38"
        },
        {
            "id": "12",
            "merchant_id": "8294523827",
            "merchant_name": "Dayo",
            "application_id": "8475525254",
            "paymentDate": "26-07-2022 11:40:58+0000",
            "amount": "586.43",
            "accountNumber": "2114657016",
            "bankCode": "214",
            "bankName": "First City Monument Bank",
            "timestamp": "2022-10-28 02:17:38"
        },
        {
            "id": "13",
            "merchant_id": "8294523827",
            "merchant_name": "Dayo",
            "application_id": "8475525254",
            "paymentDate": "27-06-2022 17:04:33+0000",
            "amount": "2436.43",
            "accountNumber": "2114657016",
            "bankCode": "214",
            "bankName": "First City Monument Bank",
            "timestamp": "2022-10-28 02:17:38"
        },
        {
            "id": "14",
            "merchant_id": "8294523827",
            "merchant_name": "Dayo",
            "application_id": "8475525254",
            "paymentDate": "27-05-2022 07:42:27+0000",
            "amount": "14127.93",
            "accountNumber": "2114657016",
            "bankCode": "214",
            "bankName": "First City Monument Bank",
            "timestamp": "2022-10-28 02:17:38"
        },
        {
            "id": "15",
            "merchant_id": "8294523827",
            "merchant_name": "Dayo",
            "application_id": "8475525254",
            "paymentDate": "22-04-2022 10:01:36+0000",
            "amount": "24973.76",
            "accountNumber": "2114657016",
            "bankCode": "214",
            "bankName": "First City Monument Bank",
            "timestamp": "2022-10-28 02:17:38"
        }
    ],
    "loanHistoryDetails": [
        {
            "id": "4",
            "merchant_id": "8294523827",
            "merchant_name": "Dayo",
            "application_id": "8475525254",
            "loanProvider": "*******",
            "loanAmount": "20000",
            "outstandingAmount": "",
            "loanDisbursementDate": "12-06-2018 08:09:09+0000",
            "status": "STOP",
            "repaymentAmount": "26000",
            "repaymentFreq": "MONTHLY",
            "timestamp": "2022-10-28 02:17:38"
        }
    ]
}
{"responseCode":"04","message":"invalidCredentials","timestamp":"28-Oct-2022 14:27:55"}
{"responseCode":"04","message":"invalidCredentials","timestamp":"28-Oct-2022 14:28:30"}
{"responseCode":"00","message":"success","merchant_id":"8294523827","staff_code":"8294523827-604408","email":"omotayotemi47@gmail.com","tokenType":"Bearer","expiresIn":"3600","accessToken":"eyJhbGciOiJIUzI1NiIsInR5cCI6IkpXVCJ9.eyJ1c2VyX2lkIjoib21vdGF5b3RlbWk0N0BnbWFpbC5jb20xMjM0NTY3OCIsImV4cCI6MTY2Njk2MzcxNywiaXNzIjoibG9jYWxob3N0IiwiaWF0IjoxNjY2OTYwMTE3fQ.TckPonNakgyqFtu3lUKkFB5xKDYnY85VSKpEE5OoMkc","timestamp":"28-Oct-2022 14:28:37"}
{"responseCode":"00","message":"success","merchant_id":"8294523827","staff_code":"8294523827-604408","email":"omotayotemi47@gmail.com","tokenType":"Bearer","expiresIn":"3600","accessToken":"eyJhbGciOiJIUzI1NiIsInR5cCI6IkpXVCJ9.eyJ1c2VyX2lkIjoib21vdGF5b3RlbWk0N0BnbWFpbC5jb20xMjM0NTY3OCIsImV4cCI6MTY2Njk2NDEwNCwiaXNzIjoibG9jYWxob3N0IiwiaWF0IjoxNjY2OTYwNTA0fQ.eeXNPpQAMpYE8ogrBfjtn6llYJ1nQoKtSWyuX6GbG84","timestamp":"28-Oct-2022 14:35:04"}
{"responseCode":"00","message":"success","merchant_id":"8294523827","staff_code":"8294523827-604408","email":"omotayotemi47@gmail.com","tokenType":"Bearer","expiresIn":"3600","accessToken":"eyJhbGciOiJIUzI1NiIsInR5cCI6IkpXVCJ9.eyJ1c2VyX2lkIjoib21vdGF5b3RlbWk0N0BnbWFpbC5jb20xMjM0NTY3OCIsImV4cCI6MTY2Njk2NTk1NSwiaXNzIjoibG9jYWxob3N0IiwiaWF0IjoxNjY2OTYyMzU1fQ.stMcUAsrxxvLgV7kShrfBAsnQ1WGuY7szHxcbXjdwdo","timestamp":"28-Oct-2022 15:05:55"}
{"responseCode":"00","message":"success","merchant_id":"8294523827","staff_code":"8294523827-604408","email":"omotayotemi47@gmail.com","tokenType":"Bearer","expiresIn":"3600","accessToken":"eyJhbGciOiJIUzI1NiIsInR5cCI6IkpXVCJ9.eyJ1c2VyX2lkIjoib21vdGF5b3RlbWk0N0BnbWFpbC5jb20xMjM0NTY3OCIsImV4cCI6MTY2Njk2NjExMSwiaXNzIjoibG9jYWxob3N0IiwiaWF0IjoxNjY2OTYyNTExfQ.i6VfUL_-IjMZXCebLb1sxPLUjgXoMuEHLSKELYyi9Uo","timestamp":"28-Oct-2022 15:08:31"}
{"responseCode":"04","message":"invalidCredentials","timestamp":"28-Oct-2022 15:29:41"}
{"responseCode":"00","message":"success","merchant_id":"8294523827","staff_code":"8294523827-604408","email":"omotayotemi47@gmail.com","tokenType":"Bearer","expiresIn":"3600","accessToken":"eyJhbGciOiJIUzI1NiIsInR5cCI6IkpXVCJ9.eyJ1c2VyX2lkIjoib21vdGF5b3RlbWk0N0BnbWFpbC5jb20xMjM0NTY3OCIsImV4cCI6MTY2Njk2NzM4NywiaXNzIjoibG9jYWxob3N0IiwiaWF0IjoxNjY2OTYzNzg3fQ.d76NmpyCj3NII7CgLWxxV8pySIbjvkvbwgc-UFVCcpI","timestamp":"28-Oct-2022 15:29:47"}
{"responseCode":"00","message":"success","merchant_id":"8294523827","staff_code":"8294523827-604408","email":"omotayotemi47@gmail.com","tokenType":"Bearer","expiresIn":"3600","accessToken":"eyJhbGciOiJIUzI1NiIsInR5cCI6IkpXVCJ9.eyJ1c2VyX2lkIjoib21vdGF5b3RlbWk0N0BnbWFpbC5jb20xMjM0NTY3OCIsImV4cCI6MTY2Njk2Nzg2NCwiaXNzIjoibG9jYWxob3N0IiwiaWF0IjoxNjY2OTY0MjY0fQ.54-Ko6U4itwXuJgEev1t1z0i9GGNnmA_kl5KySKqjog","timestamp":"28-Oct-2022 15:37:44"}
{"responseCode":"00","message":"success","merchant_id":"8294523827","staff_code":"8294523827-604408","email":"omotayotemi47@gmail.com","password_status":"Y","tokenType":"Bearer","expiresIn":"3600","accessToken":"eyJhbGciOiJIUzI1NiIsInR5cCI6IkpXVCJ9.eyJ1c2VyX2lkIjoib21vdGF5b3RlbWk0N0BnbWFpbC5jb20xMjM0NTY3OCIsImV4cCI6MTY2Njk2OTU1MiwiaXNzIjoibG9jYWxob3N0IiwiaWF0IjoxNjY2OTY1OTUyfQ.EafFuqWU17I42IZqIVTHcx-DCOjJmJD8mR2L3ntboxU","timestamp":"28-Oct-2022 16:05:52"}
{"responseCode":"00","message":"success","merchant_id":"8294523827","staff_code":"8294523827-604408","email":"omotayotemi47@gmail.com","password_status":"Y","tokenType":"Bearer","expiresIn":"3600","accessToken":"eyJhbGciOiJIUzI1NiIsInR5cCI6IkpXVCJ9.eyJ1c2VyX2lkIjoib21vdGF5b3RlbWk0N0BnbWFpbC5jb20xMjM0NTY3OCIsImV4cCI6MTY2Njk3MDU3OCwiaXNzIjoibG9jYWxob3N0IiwiaWF0IjoxNjY2OTY2OTc4fQ.0NtwYaTq2Q9V_YoZzna1-8hldMUPjEoobvFvbN0MM_g","timestamp":"28-Oct-2022 16:22:58"}
{"responseCode":"00","message":"success","merchant_id":"8294523827","staff_code":"8294523827-604408","email":"omotayotemi47@gmail.com","password_status":"Y","tokenType":"Bearer","expiresIn":"3600","accessToken":"eyJhbGciOiJIUzI1NiIsInR5cCI6IkpXVCJ9.eyJ1c2VyX2lkIjoib21vdGF5b3RlbWk0N0BnbWFpbC5jb20xMjM0NTY3OCIsImV4cCI6MTY2Njk3MDkyOSwiaXNzIjoibG9jYWxob3N0IiwiaWF0IjoxNjY2OTY3MzI5fQ.n-yhJK0mfb9HN3K9-Zajr2QWKP9lGmPKv20_0UXuuMM","timestamp":"28-Oct-2022 16:28:49"}
{"responseCode":"00","message":"success","merchant_id":"8294523827","staff_code":"8294523827-604408","email":"omotayotemi47@gmail.com","password_status":"Y","tokenType":"Bearer","expiresIn":"3600","accessToken":"eyJhbGciOiJIUzI1NiIsInR5cCI6IkpXVCJ9.eyJ1c2VyX2lkIjoib21vdGF5b3RlbWk0N0BnbWFpbC5jb20xMjM0NTY3OCIsImV4cCI6MTY2Njk3MTg1OCwiaXNzIjoibG9jYWxob3N0IiwiaWF0IjoxNjY2OTY4MjU4fQ.PPxeRw0yVwxxQO-J-Dx6sm2cwDcvtwElwyUJAEmPQGs","timestamp":"28-Oct-2022 16:44:18"}
{"responseCode":"00","message":"success","merchant_id":"8294523827","staff_code":"8294523827-604408","email":"omotayotemi47@gmail.com","password_status":"Y","tokenType":"Bearer","expiresIn":"3600","accessToken":"eyJhbGciOiJIUzI1NiIsInR5cCI6IkpXVCJ9.eyJ1c2VyX2lkIjoib21vdGF5b3RlbWk0N0BnbWFpbC5jb20xMjM0NTY3OCIsImV4cCI6MTY2Njk4MDAwNCwiaXNzIjoibG9jYWxob3N0IiwiaWF0IjoxNjY2OTc2NDA0fQ.MRnlsyzuqZfASkQ7QugXCPe57DYRhK2udNKOZcqROwM","timestamp":"28-Oct-2022 19:00:04"}
{"responseCode":"00","message":"success","merchant_id":"8294523827","staff_code":"8294523827-604408","email":"omotayotemi47@gmail.com","password_status":"Y","tokenType":"Bearer","expiresIn":"3600","accessToken":"eyJhbGciOiJIUzI1NiIsInR5cCI6IkpXVCJ9.eyJ1c2VyX2lkIjoib21vdGF5b3RlbWk0N0BnbWFpbC5jb20xMjM0NTY3OCIsImV4cCI6MTY2Njk4MDIwNywiaXNzIjoibG9jYWxob3N0IiwiaWF0IjoxNjY2OTc2NjA3fQ.ij6c78mcQlONQFKimODCmbHwznTRPLyGMCy1S_Lr4kA","timestamp":"28-Oct-2022 19:03:27"}
{"responseCode":"00","message":"success","merchant_id":"8294523827","staff_code":"8294523827-604408","email":"omotayotemi47@gmail.com","password_status":"Y","tokenType":"Bearer","expiresIn":"3600","accessToken":"eyJhbGciOiJIUzI1NiIsInR5cCI6IkpXVCJ9.eyJ1c2VyX2lkIjoib21vdGF5b3RlbWk0N0BnbWFpbC5jb20xMjM0NTY3OCIsImV4cCI6MTY2Njk4MDU4NSwiaXNzIjoibG9jYWxob3N0IiwiaWF0IjoxNjY2OTc2OTg1fQ.mRux0No7vH3M5_jaA8ihUbJvKbYUa_sK2UOOS4QXeyY","timestamp":"28-Oct-2022 19:09:45"}
{"responseCode":"00","message":"success","merchant_id":"8294523827","staff_code":"8294523827-604408","email":"omotayotemi47@gmail.com","password_status":"Y","tokenType":"Bearer","expiresIn":"3600","accessToken":"eyJhbGciOiJIUzI1NiIsInR5cCI6IkpXVCJ9.eyJ1c2VyX2lkIjoib21vdGF5b3RlbWk0N0BnbWFpbC5jb20xMjM0NTY3OCIsImV4cCI6MTY2Njk4MDYwOCwiaXNzIjoibG9jYWxob3N0IiwiaWF0IjoxNjY2OTc3MDA4fQ.5fcsGce_x-nmzUQnIZHWdH4rZ0ECEUk_DUoPqLJloZ8","timestamp":"28-Oct-2022 19:10:08"}
{"responseCode":"00","message":"success","merchant_id":"8294523827","staff_code":"8294523827-604408","email":"omotayotemi47@gmail.com","password_status":"Y","tokenType":"Bearer","expiresIn":"3600","accessToken":"eyJhbGciOiJIUzI1NiIsInR5cCI6IkpXVCJ9.eyJ1c2VyX2lkIjoib21vdGF5b3RlbWk0N0BnbWFpbC5jb20xMjM0NTY3OCIsImV4cCI6MTY2Njk4MzM2NCwiaXNzIjoibG9jYWxob3N0IiwiaWF0IjoxNjY2OTc5NzY0fQ.fenbdaOImZNFwbOOMhz3KVHpFGlBADiSVmDd4fx6_Xg","timestamp":"28-Oct-2022 19:56:04"}
{"responseCode":"00","message":"success","merchant_id":"8294523827","staff_code":"8294523827-604408","email":"omotayotemi47@gmail.com","password_status":"Y","tokenType":"Bearer","expiresIn":"3600","accessToken":"eyJhbGciOiJIUzI1NiIsInR5cCI6IkpXVCJ9.eyJ1c2VyX2lkIjoib21vdGF5b3RlbWk0N0BnbWFpbC5jb20xMjM0NTY3OCIsImV4cCI6MTY2Njk4MzM4OCwiaXNzIjoibG9jYWxob3N0IiwiaWF0IjoxNjY2OTc5Nzg4fQ.8X6S93VGSbzKLERGt2-sN_kppvWKp_CVDXg7ENOUyIQ","timestamp":"28-Oct-2022 19:56:28"}
{"responseCode":"00","message":"success","merchant_id":"8294523827","staff_code":"8294523827-604408","email":"omotayotemi47@gmail.com","password_status":"Y","tokenType":"Bearer","expiresIn":"3600","accessToken":"eyJhbGciOiJIUzI1NiIsInR5cCI6IkpXVCJ9.eyJ1c2VyX2lkIjoib21vdGF5b3RlbWk0N0BnbWFpbC5jb20xMjM0NTY3OCIsImV4cCI6MTY2Njk4MzM5OCwiaXNzIjoibG9jYWxob3N0IiwiaWF0IjoxNjY2OTc5Nzk4fQ.JQ4W0CmPiqXYVN0XAiqrxergpMowjQjdcAfD15dU9Hs","timestamp":"28-Oct-2022 19:56:38"}
{"responseCode":"00","message":"success","merchant_id":"8294523827","staff_code":"8294523827-604408","email":"omotayotemi47@gmail.com","password_status":"Y","tokenType":"Bearer","expiresIn":"3600","accessToken":"eyJhbGciOiJIUzI1NiIsInR5cCI6IkpXVCJ9.eyJ1c2VyX2lkIjoib21vdGF5b3RlbWk0N0BnbWFpbC5jb20xMjM0NTY3OCIsImV4cCI6MTY2Njk4MzQwNCwiaXNzIjoibG9jYWxob3N0IiwiaWF0IjoxNjY2OTc5ODA0fQ.iLIPBrHv9YH0nTqucFxLMoWTGG3EfwRYyA0sDi01e04","timestamp":"28-Oct-2022 19:56:44"}
{"responseCode":"00","message":"success","merchant_id":"8294523827","staff_code":"8294523827-604408","email":"omotayotemi47@gmail.com","password_status":"Y","tokenType":"Bearer","expiresIn":"3600","accessToken":"eyJhbGciOiJIUzI1NiIsInR5cCI6IkpXVCJ9.eyJ1c2VyX2lkIjoib21vdGF5b3RlbWk0N0BnbWFpbC5jb20xMjM0NTY3OCIsImV4cCI6MTY2Njk4MzQyMSwiaXNzIjoibG9jYWxob3N0IiwiaWF0IjoxNjY2OTc5ODIxfQ.9G8WY_FuCEbt_97M4wmwO9LRH9hYQ6WBK7NC6I1V4-s","timestamp":"28-Oct-2022 19:57:01"}
{"responseCode":"00","message":"success","merchant_id":"8294523827","staff_code":"8294523827-604408","email":"omotayotemi47@gmail.com","password_status":"Y","tokenType":"Bearer","expiresIn":"3600","accessToken":"eyJhbGciOiJIUzI1NiIsInR5cCI6IkpXVCJ9.eyJ1c2VyX2lkIjoib21vdGF5b3RlbWk0N0BnbWFpbC5jb20xMjM0NTY3OCIsImV4cCI6MTY2Njk4OTY3MywiaXNzIjoibG9jYWxob3N0IiwiaWF0IjoxNjY2OTg2MDczfQ.eZ2Cvgm5Zz3A40m24G2dgp-8T_L9-sAPdGCHCr61Vf8","timestamp":"28-Oct-2022 21:41:13"}
{"responseCode":"08","message":"invalid_token","staff_code":"8294523827-604408","token":null,"timestamp":"28-Oct-2022 21:43:49"}
{"responseCode":"00","message":"success","staff_code":"8294523827-604408","token":"eyJhbGciOiJIUzI1NiIsInR5cCI6IkpXVCJ9.eyJ1c2VyX2lkIjoib21vdGF5b3RlbWk0N0BnbWFpbC5jb20xMjM0NTY3OCIsImV4cCI6MTY2Njk4OTY3MywiaXNzIjoibG9jYWxob3N0IiwiaWF0IjoxNjY2OTg2MDczfQ.eZ2Cvgm5Zz3A40m24G2dgp-8T_L9-sAPdGCHCr61Vf8","data":[],"timestamp":"28-Oct-2022 21:45:08"}
{"responseCode":"00","message":"success","staff_code":"8294523827-604408","token":"eyJhbGciOiJIUzI1NiIsInR5cCI6IkpXVCJ9.eyJ1c2VyX2lkIjoib21vdGF5b3RlbWk0N0BnbWFpbC5jb20xMjM0NTY3OCIsImV4cCI6MTY2Njk4OTY3MywiaXNzIjoibG9jYWxob3N0IiwiaWF0IjoxNjY2OTg2MDczfQ.eZ2Cvgm5Zz3A40m24G2dgp-8T_L9-sAPdGCHCr61Vf8","data":[],"timestamp":"28-Oct-2022 21:47:25"}
{"responseCode":"00","message":"success","staff_code":"8294523827-604408","token":"eyJhbGciOiJIUzI1NiIsInR5cCI6IkpXVCJ9.eyJ1c2VyX2lkIjoib21vdGF5b3RlbWk0N0BnbWFpbC5jb20xMjM0NTY3OCIsImV4cCI6MTY2Njk4OTY3MywiaXNzIjoibG9jYWxob3N0IiwiaWF0IjoxNjY2OTg2MDczfQ.eZ2Cvgm5Zz3A40m24G2dgp-8T_L9-sAPdGCHCr61Vf8","data":[],"timestamp":"28-Oct-2022 21:50:05"}
{"responseCode":"00","message":"success","staff_code":"8294523827-604408","token":"eyJhbGciOiJIUzI1NiIsInR5cCI6IkpXVCJ9.eyJ1c2VyX2lkIjoib21vdGF5b3RlbWk0N0BnbWFpbC5jb20xMjM0NTY3OCIsImV4cCI6MTY2Njk4OTY3MywiaXNzIjoibG9jYWxob3N0IiwiaWF0IjoxNjY2OTg2MDczfQ.eZ2Cvgm5Zz3A40m24G2dgp-8T_L9-sAPdGCHCr61Vf8","data":[{"id":"1","merchant_id":"8294523827","merchant_name":"YTC MFB","application_id":"5682264338","customer_id":"","customer_name":"Omotayo Temidayo Daniel","bank_code":"342","customer_bank":"Fidelity","account_number":"120330200232","customer_bvn":"10233322040","customer_phone":"09077564412","customer_email":"omotayo@gmail.com","customer_address":"Lagos","date_of_birth":"04-05-1994","gender":"Male","employer_name":"Remita","employer_address":"Lagos","level":"4","step":"6","amount":"200000","period":"3","passport_link":"1","identity_link":"1","utility_bills_link":"1","auth_code":"1234","ip_address":"::1","status":"Y","treated":"N","timestamp":"2022-10-28 20:51:35"},{"id":"2","merchant_id":"8294523827","merchant_name":"YTC MFB","application_id":"4961924708","customer_id":"","customer_name":"Omotayo Temidayo Daniel","bank_code":"342","customer_bank":"Fidelity","account_number":"120330200232","customer_bvn":"10233322040","customer_phone":"09077564412","customer_email":"omotayo@gmail.com","customer_address":"Lagos","date_of_birth":"04-05-1994","gender":"Male","employer_name":"Remita","employer_address":"Lagos","level":"4","step":"6","amount":"200000","period":"3","passport_link":"1","identity_link":"1","utility_bills_link":"1","auth_code":"1234","ip_address":"::1","status":"Y","treated":"N","timestamp":"2022-10-28 20:51:35"},{"id":"3","merchant_id":"8294523827","merchant_name":"YTC MFB","application_id":"6505693011","customer_id":"","customer_name":"Omotayo Temidayo Daniel","bank_code":"342","customer_bank":"Fidelity","account_number":"120330200232","customer_bvn":"10233322040","customer_phone":"09077564412","customer_email":"omotayo@gmail.com","customer_address":"Lagos","date_of_birth":"04-05-1994","gender":"Male","employer_name":"Remita","employer_address":"Lagos","level":"4","step":"6","amount":"200000","period":"3","passport_link":"1","identity_link":"1","utility_bills_link":"1","auth_code":"1234","ip_address":"::1","status":"Y","treated":"N","timestamp":"2022-10-28 20:51:35"},{"id":"4","merchant_id":"8294523827","merchant_name":"YTC MFB","application_id":"7950429237","customer_id":"","customer_name":"Omotayo Temidayo Daniel","bank_code":"342","customer_bank":"Fidelity","account_number":"120330200232","customer_bvn":"10233322040","customer_phone":"09077564412","customer_email":"omotayo@gmail.com","customer_address":"Lagos","date_of_birth":"04-05-1994","gender":"Male","employer_name":"Remita","employer_address":"Lagos","level":"4","step":"6","amount":"200000","period":"3","passport_link":"1","identity_link":"1","utility_bills_link":"1","auth_code":"1234","ip_address":"::1","status":"Y","treated":"N","timestamp":"2022-10-28 20:51:35"},{"id":"5","merchant_id":"8294523827","merchant_name":"YTC MFB","application_id":"1048341283","customer_id":"","customer_name":"Omotayo Temidayo Daniel","bank_code":"342","customer_bank":"Fidelity","account_number":"120330200232","customer_bvn":"10233322040","customer_phone":"09077564412","customer_email":"omotayo@gmail.com","customer_address":"Lagos","date_of_birth":"04-05-1994","gender":"Male","employer_name":"Remita","employer_address":"Lagos","level":"4","step":"6","amount":"200000","period":"3","passport_link":"1","identity_link":"1","utility_bills_link":"1","auth_code":"1234","ip_address":"::1","status":"Y","treated":"N","timestamp":"2022-10-28 20:51:35"},{"id":"6","merchant_id":"8294523827","merchant_name":"YTC MFB","application_id":"0850421623","customer_id":"","customer_name":"Omotayo Temidayo Daniel","bank_code":"342","customer_bank":"Fidelity","account_number":"120330200232","customer_bvn":"10233322040","customer_phone":"09077564412","customer_email":"omotayo@gmail.com","customer_address":"Lagos","date_of_birth":"04-05-1994","gender":"Male","employer_name":"Remita","employer_address":"Lagos","level":"4","step":"6","amount":"200000","period":"3","passport_link":"1","identity_link":"1","utility_bills_link":"1","auth_code":"1234","ip_address":"::1","status":"Y","treated":"N","timestamp":"2022-10-28 20:51:35"},{"id":"7","merchant_id":"8294523827","merchant_name":"YTC MFB","application_id":"0535591319","customer_id":"","customer_name":"Omotayo Temidayo Daniel","bank_code":"023","customer_bank":"Fidelity","account_number":"5012284010","customer_bvn":"22222222223","customer_phone":"09077564412","customer_email":"omotayo@gmail.com","customer_address":"Lagos","date_of_birth":"04-05-1994","gender":"Male","employer_name":"Remita","employer_address":"Lagos","level":"4","step":"6","amount":"200000","period":"3","passport_link":"1","identity_link":"1","utility_bills_link":"1","auth_code":"1234","ip_address":"::1","status":"Y","treated":"N","timestamp":"2022-10-28 20:51:35"},{"id":"8","merchant_id":"8294523827","merchant_name":"YTC MFB","application_id":"8227101990","customer_id":"","customer_name":"Omotayo Temidayo Daniel","bank_code":"058","customer_bank":"Fidelity","account_number":"0020687716","customer_bvn":"22199396539","customer_phone":"09077564412","customer_email":"omotayo@gmail.com","customer_address":"Lagos","date_of_birth":"04-05-1994","gender":"Male","employer_name":"Remita","employer_address":"Lagos","level":"4","step":"6","amount":"200000","period":"3","passport_link":"1","identity_link":"1","utility_bills_link":"1","auth_code":"1234","ip_address":"::1","status":"Y","treated":"N","timestamp":"2022-10-28 20:51:35"},{"id":"9","merchant_id":"8294523827","merchant_name":"YTC MFB","application_id":"0166146201","customer_id":"","customer_name":"Omotayo Temidayo Daniel","bank_code":"214","customer_bank":"Fidelity","account_number":"0730918014","customer_bvn":"22304439180","customer_phone":"09077564412","customer_email":"omotayo@gmail.com","customer_address":"Lagos","date_of_birth":"04-05-1994","gender":"Male","employer_name":"Remita","employer_address":"Lagos","level":"4","step":"6","amount":"200000","period":"3","passport_link":"1","identity_link":"1","utility_bills_link":"1","auth_code":"1234","ip_address":"::1","status":"Y","treated":"N","timestamp":"2022-10-28 20:51:35"},{"id":"10","merchant_id":"8294523827","merchant_name":"YTC MFB","application_id":"8475525254","customer_id":"","customer_name":"Omotayo Temidayo Daniel","bank_code":"214","customer_bank":"Fidelity","account_number":"2114657016","customer_bvn":"22231561608","customer_phone":"09077564412","customer_email":"omotayo@gmail.com","customer_address":"Lagos","date_of_birth":"04-05-1994","gender":"Male","employer_name":"Remita","employer_address":"Lagos","level":"4","step":"6","amount":"200000","period":"3","passport_link":"1","identity_link":"1","utility_bills_link":"1","auth_code":"1234","ip_address":"::1","status":"Y","treated":"N","timestamp":"2022-10-28 20:51:35"}],"timestamp":"28-Oct-2022 21:51:39"}
{"responseCode":"00","message":"success","staff_code":"8294523827-604408","token":"eyJhbGciOiJIUzI1NiIsInR5cCI6IkpXVCJ9.eyJ1c2VyX2lkIjoib21vdGF5b3RlbWk0N0BnbWFpbC5jb20xMjM0NTY3OCIsImV4cCI6MTY2Njk4OTY3MywiaXNzIjoibG9jYWxob3N0IiwiaWF0IjoxNjY2OTg2MDczfQ.eZ2Cvgm5Zz3A40m24G2dgp-8T_L9-sAPdGCHCr61Vf8","data":[{"id":"1","merchant_id":"8294523827","merchant_name":"YTC MFB","application_id":"5682264338","customer_id":"","customer_name":"Omotayo Temidayo Daniel","bank_code":"342","customer_bank":"Fidelity","account_number":"120330200232","customer_bvn":"10233322040","customer_phone":"09077564412","customer_email":"omotayo@gmail.com","customer_address":"Lagos","date_of_birth":"04-05-1994","gender":"Male","employer_name":"Remita","employer_address":"Lagos","level":"4","step":"6","amount":"200000","period":"3","passport_link":"1","identity_link":"1","utility_bills_link":"1","auth_code":"1234","ip_address":"::1","status":"Y","treated":"N","timestamp":"2022-10-28 20:51:35"},{"id":"2","merchant_id":"8294523827","merchant_name":"YTC MFB","application_id":"4961924708","customer_id":"","customer_name":"Omotayo Temidayo Daniel","bank_code":"342","customer_bank":"Fidelity","account_number":"120330200232","customer_bvn":"10233322040","customer_phone":"09077564412","customer_email":"omotayo@gmail.com","customer_address":"Lagos","date_of_birth":"04-05-1994","gender":"Male","employer_name":"Remita","employer_address":"Lagos","level":"4","step":"6","amount":"200000","period":"3","passport_link":"1","identity_link":"1","utility_bills_link":"1","auth_code":"1234","ip_address":"::1","status":"Y","treated":"N","timestamp":"2022-10-28 20:51:35"},{"id":"3","merchant_id":"8294523827","merchant_name":"YTC MFB","application_id":"6505693011","customer_id":"","customer_name":"Omotayo Temidayo Daniel","bank_code":"342","customer_bank":"Fidelity","account_number":"120330200232","customer_bvn":"10233322040","customer_phone":"09077564412","customer_email":"omotayo@gmail.com","customer_address":"Lagos","date_of_birth":"04-05-1994","gender":"Male","employer_name":"Remita","employer_address":"Lagos","level":"4","step":"6","amount":"200000","period":"3","passport_link":"1","identity_link":"1","utility_bills_link":"1","auth_code":"1234","ip_address":"::1","status":"Y","treated":"N","timestamp":"2022-10-28 20:51:35"},{"id":"4","merchant_id":"8294523827","merchant_name":"YTC MFB","application_id":"7950429237","customer_id":"","customer_name":"Omotayo Temidayo Daniel","bank_code":"342","customer_bank":"Fidelity","account_number":"120330200232","customer_bvn":"10233322040","customer_phone":"09077564412","customer_email":"omotayo@gmail.com","customer_address":"Lagos","date_of_birth":"04-05-1994","gender":"Male","employer_name":"Remita","employer_address":"Lagos","level":"4","step":"6","amount":"200000","period":"3","passport_link":"1","identity_link":"1","utility_bills_link":"1","auth_code":"1234","ip_address":"::1","status":"Y","treated":"N","timestamp":"2022-10-28 20:51:35"},{"id":"5","merchant_id":"8294523827","merchant_name":"YTC MFB","application_id":"1048341283","customer_id":"","customer_name":"Omotayo Temidayo Daniel","bank_code":"342","customer_bank":"Fidelity","account_number":"120330200232","customer_bvn":"10233322040","customer_phone":"09077564412","customer_email":"omotayo@gmail.com","customer_address":"Lagos","date_of_birth":"04-05-1994","gender":"Male","employer_name":"Remita","employer_address":"Lagos","level":"4","step":"6","amount":"200000","period":"3","passport_link":"1","identity_link":"1","utility_bills_link":"1","auth_code":"1234","ip_address":"::1","status":"Y","treated":"N","timestamp":"2022-10-28 20:51:35"},{"id":"6","merchant_id":"8294523827","merchant_name":"YTC MFB","application_id":"0850421623","customer_id":"","customer_name":"Omotayo Temidayo Daniel","bank_code":"342","customer_bank":"Fidelity","account_number":"120330200232","customer_bvn":"10233322040","customer_phone":"09077564412","customer_email":"omotayo@gmail.com","customer_address":"Lagos","date_of_birth":"04-05-1994","gender":"Male","employer_name":"Remita","employer_address":"Lagos","level":"4","step":"6","amount":"200000","period":"3","passport_link":"1","identity_link":"1","utility_bills_link":"1","auth_code":"1234","ip_address":"::1","status":"Y","treated":"N","timestamp":"2022-10-28 20:51:35"},{"id":"7","merchant_id":"8294523827","merchant_name":"YTC MFB","application_id":"0535591319","customer_id":"","customer_name":"Omotayo Temidayo Daniel","bank_code":"023","customer_bank":"Fidelity","account_number":"5012284010","customer_bvn":"22222222223","customer_phone":"09077564412","customer_email":"omotayo@gmail.com","customer_address":"Lagos","date_of_birth":"04-05-1994","gender":"Male","employer_name":"Remita","employer_address":"Lagos","level":"4","step":"6","amount":"200000","period":"3","passport_link":"1","identity_link":"1","utility_bills_link":"1","auth_code":"1234","ip_address":"::1","status":"Y","treated":"N","timestamp":"2022-10-28 20:51:35"},{"id":"8","merchant_id":"8294523827","merchant_name":"YTC MFB","application_id":"8227101990","customer_id":"","customer_name":"Omotayo Temidayo Daniel","bank_code":"058","customer_bank":"Fidelity","account_number":"0020687716","customer_bvn":"22199396539","customer_phone":"09077564412","customer_email":"omotayo@gmail.com","customer_address":"Lagos","date_of_birth":"04-05-1994","gender":"Male","employer_name":"Remita","employer_address":"Lagos","level":"4","step":"6","amount":"200000","period":"3","passport_link":"1","identity_link":"1","utility_bills_link":"1","auth_code":"1234","ip_address":"::1","status":"Y","treated":"N","timestamp":"2022-10-28 20:51:35"},{"id":"9","merchant_id":"8294523827","merchant_name":"YTC MFB","application_id":"0166146201","customer_id":"","customer_name":"Omotayo Temidayo Daniel","bank_code":"214","customer_bank":"Fidelity","account_number":"0730918014","customer_bvn":"22304439180","customer_phone":"09077564412","customer_email":"omotayo@gmail.com","customer_address":"Lagos","date_of_birth":"04-05-1994","gender":"Male","employer_name":"Remita","employer_address":"Lagos","level":"4","step":"6","amount":"200000","period":"3","passport_link":"1","identity_link":"1","utility_bills_link":"1","auth_code":"1234","ip_address":"::1","status":"Y","treated":"N","timestamp":"2022-10-28 20:51:35"},{"id":"10","merchant_id":"8294523827","merchant_name":"YTC MFB","application_id":"8475525254","customer_id":"","customer_name":"Omotayo Temidayo Daniel","bank_code":"214","customer_bank":"Fidelity","account_number":"2114657016","customer_bvn":"22231561608","customer_phone":"09077564412","customer_email":"omotayo@gmail.com","customer_address":"Lagos","date_of_birth":"04-05-1994","gender":"Male","employer_name":"Remita","employer_address":"Lagos","level":"4","step":"6","amount":"200000","period":"3","passport_link":"1","identity_link":"1","utility_bills_link":"1","auth_code":"1234","ip_address":"::1","status":"Y","treated":"N","timestamp":"2022-10-28 20:51:35"}],"timestamp":"28-Oct-2022 21:52:18"}
{"responseCode":"08","message":"expired_token","email":"","token":"undefined","timestamp":"28-Oct-2022 22:20:03"}
{"responseCode":"08","message":"expired_token","email":"","token":"undefined","timestamp":"28-Oct-2022 22:20:34"}
{"responseCode":"00","message":"success","merchant_id":"8294523827","staff_code":"8294523827-604408","email":"omotayotemi47@gmail.com","password_status":"Y","tokenType":"Bearer","expiresIn":"3600","accessToken":"eyJhbGciOiJIUzI1NiIsInR5cCI6IkpXVCJ9.eyJ1c2VyX2lkIjoib21vdGF5b3RlbWk0N0BnbWFpbC5jb20xMjM0NTY3OCIsImV4cCI6MTY2Njk5MjA2MCwiaXNzIjoibG9jYWxob3N0IiwiaWF0IjoxNjY2OTg4NDYwfQ.gMZ_zZX0jAYF5isnv57LrzlOELghFlhU1YS-nrDTPMY","timestamp":"28-Oct-2022 22:21:00"}
{"responseCode":"08","message":"expired_token","email":"","token":"undefined","timestamp":"28-Oct-2022 22:21:02"}
{"responseCode":"08","message":"invalid_token","staff_code":"","token":null,"timestamp":"28-Oct-2022 22:23:25"}
{"responseCode":"08","message":"invalid_token","staff_code":"","token":null,"timestamp":"28-Oct-2022 22:25:50"}
{"responseCode":"00","message":"success","merchant_id":"8294523827","staff_code":"8294523827-604408","email":"omotayotemi47@gmail.com","password_status":"Y","tokenType":"Bearer","expiresIn":"3600","accessToken":"eyJhbGciOiJIUzI1NiIsInR5cCI6IkpXVCJ9.eyJ1c2VyX2lkIjoib21vdGF5b3RlbWk0N0BnbWFpbC5jb20xMjM0NTY3OCIsImV4cCI6MTY2Njk5MjM3OCwiaXNzIjoibG9jYWxob3N0IiwiaWF0IjoxNjY2OTg4Nzc4fQ.AZpWJFeTjhwpVbMzL0QEuJZrZ7WZFrZGWWRM5jEnBQ8","timestamp":"28-Oct-2022 22:26:18"}
{"responseCode":"08","message":"invalid_token","staff_code":"","token":null,"timestamp":"28-Oct-2022 22:26:20"}
{"responseCode":"08","message":"invalid_token","staff_code":"","token":null,"timestamp":"28-Oct-2022 22:28:45"}
{"responseCode":"00","message":"success","merchant_id":"8294523827","staff_code":"8294523827-604408","email":"omotayotemi47@gmail.com","password_status":"Y","tokenType":"Bearer","expiresIn":"3600","accessToken":"eyJhbGciOiJIUzI1NiIsInR5cCI6IkpXVCJ9.eyJ1c2VyX2lkIjoib21vdGF5b3RlbWk0N0BnbWFpbC5jb20xMjM0NTY3OCIsImV4cCI6MTY2Njk5MjU0OSwiaXNzIjoibG9jYWxob3N0IiwiaWF0IjoxNjY2OTg4OTQ5fQ.aNhm1fkNGKjScSWr9g_EjBjKZHg0BS-g32Xu_ykxlaI","timestamp":"28-Oct-2022 22:29:09"}
{"responseCode":"08","message":"invalid_token","staff_code":"","token":null,"timestamp":"28-Oct-2022 22:29:10"}
{"responseCode":"08","message":"invalid_token","staff_code":"","token":null,"timestamp":"28-Oct-2022 22:30:09"}
{"responseCode":"00","message":"success","staff_code":"8294523827-604408","token":"eyJhbGciOiJIUzI1NiIsInR5cCI6IkpXVCJ9.eyJ1c2VyX2lkIjoib21vdGF5b3RlbWk0N0BnbWFpbC5jb20xMjM0NTY3OCIsImV4cCI6MTY2Njk5MjU0OSwiaXNzIjoibG9jYWxob3N0IiwiaWF0IjoxNjY2OTg4OTQ5fQ.aNhm1fkNGKjScSWr9g_EjBjKZHg0BS-g32Xu_ykxlaI","data":[],"timestamp":"28-Oct-2022 22:31:07"}
{"responseCode":"00","message":"success","staff_code":"8294523827-604408","token":"eyJhbGciOiJIUzI1NiIsInR5cCI6IkpXVCJ9.eyJ1c2VyX2lkIjoib21vdGF5b3RlbWk0N0BnbWFpbC5jb20xMjM0NTY3OCIsImV4cCI6MTY2Njk5MjU0OSwiaXNzIjoibG9jYWxob3N0IiwiaWF0IjoxNjY2OTg4OTQ5fQ.aNhm1fkNGKjScSWr9g_EjBjKZHg0BS-g32Xu_ykxlaI","data":[],"timestamp":"28-Oct-2022 22:33:11"}
{"responseCode":"00","message":"success","staff_code":"8294523827-604408","token":"eyJhbGciOiJIUzI1NiIsInR5cCI6IkpXVCJ9.eyJ1c2VyX2lkIjoib21vdGF5b3RlbWk0N0BnbWFpbC5jb20xMjM0NTY3OCIsImV4cCI6MTY2Njk4OTY3MywiaXNzIjoibG9jYWxob3N0IiwiaWF0IjoxNjY2OTg2MDczfQ.eZ2Cvgm5Zz3A40m24G2dgp-8T_L9-sAPdGCHCr61Vf8","data":[{"id":"1","merchant_id":"8294523827","merchant_name":"YTC MFB","application_id":"5682264338","customer_id":"","customer_name":"Omotayo Temidayo Daniel","bank_code":"342","customer_bank":"Fidelity","account_number":"120330200232","customer_bvn":"10233322040","customer_phone":"09077564412","customer_email":"omotayo@gmail.com","customer_address":"Lagos","date_of_birth":"04-05-1994","gender":"Male","employer_name":"Remita","employer_address":"Lagos","level":"4","step":"6","amount":"200000","period":"3","passport_link":"1","identity_link":"1","utility_bills_link":"1","auth_code":"1234","ip_address":"::1","status":"Y","treated":"N","timestamp":"2022-10-28 20:51:35"},{"id":"2","merchant_id":"8294523827","merchant_name":"YTC MFB","application_id":"4961924708","customer_id":"","customer_name":"Omotayo Temidayo Daniel","bank_code":"342","customer_bank":"Fidelity","account_number":"120330200232","customer_bvn":"10233322040","customer_phone":"09077564412","customer_email":"omotayo@gmail.com","customer_address":"Lagos","date_of_birth":"04-05-1994","gender":"Male","employer_name":"Remita","employer_address":"Lagos","level":"4","step":"6","amount":"200000","period":"3","passport_link":"1","identity_link":"1","utility_bills_link":"1","auth_code":"1234","ip_address":"::1","status":"Y","treated":"N","timestamp":"2022-10-28 20:51:35"},{"id":"3","merchant_id":"8294523827","merchant_name":"YTC MFB","application_id":"6505693011","customer_id":"","customer_name":"Omotayo Temidayo Daniel","bank_code":"342","customer_bank":"Fidelity","account_number":"120330200232","customer_bvn":"10233322040","customer_phone":"09077564412","customer_email":"omotayo@gmail.com","customer_address":"Lagos","date_of_birth":"04-05-1994","gender":"Male","employer_name":"Remita","employer_address":"Lagos","level":"4","step":"6","amount":"200000","period":"3","passport_link":"1","identity_link":"1","utility_bills_link":"1","auth_code":"1234","ip_address":"::1","status":"Y","treated":"N","timestamp":"2022-10-28 20:51:35"},{"id":"4","merchant_id":"8294523827","merchant_name":"YTC MFB","application_id":"7950429237","customer_id":"","customer_name":"Omotayo Temidayo Daniel","bank_code":"342","customer_bank":"Fidelity","account_number":"120330200232","customer_bvn":"10233322040","customer_phone":"09077564412","customer_email":"omotayo@gmail.com","customer_address":"Lagos","date_of_birth":"04-05-1994","gender":"Male","employer_name":"Remita","employer_address":"Lagos","level":"4","step":"6","amount":"200000","period":"3","passport_link":"1","identity_link":"1","utility_bills_link":"1","auth_code":"1234","ip_address":"::1","status":"Y","treated":"N","timestamp":"2022-10-28 20:51:35"},{"id":"5","merchant_id":"8294523827","merchant_name":"YTC MFB","application_id":"1048341283","customer_id":"","customer_name":"Omotayo Temidayo Daniel","bank_code":"342","customer_bank":"Fidelity","account_number":"120330200232","customer_bvn":"10233322040","customer_phone":"09077564412","customer_email":"omotayo@gmail.com","customer_address":"Lagos","date_of_birth":"04-05-1994","gender":"Male","employer_name":"Remita","employer_address":"Lagos","level":"4","step":"6","amount":"200000","period":"3","passport_link":"1","identity_link":"1","utility_bills_link":"1","auth_code":"1234","ip_address":"::1","status":"Y","treated":"N","timestamp":"2022-10-28 20:51:35"},{"id":"6","merchant_id":"8294523827","merchant_name":"YTC MFB","application_id":"0850421623","customer_id":"","customer_name":"Omotayo Temidayo Daniel","bank_code":"342","customer_bank":"Fidelity","account_number":"120330200232","customer_bvn":"10233322040","customer_phone":"09077564412","customer_email":"omotayo@gmail.com","customer_address":"Lagos","date_of_birth":"04-05-1994","gender":"Male","employer_name":"Remita","employer_address":"Lagos","level":"4","step":"6","amount":"200000","period":"3","passport_link":"1","identity_link":"1","utility_bills_link":"1","auth_code":"1234","ip_address":"::1","status":"Y","treated":"N","timestamp":"2022-10-28 20:51:35"},{"id":"7","merchant_id":"8294523827","merchant_name":"YTC MFB","application_id":"0535591319","customer_id":"","customer_name":"Omotayo Temidayo Daniel","bank_code":"023","customer_bank":"Fidelity","account_number":"5012284010","customer_bvn":"22222222223","customer_phone":"09077564412","customer_email":"omotayo@gmail.com","customer_address":"Lagos","date_of_birth":"04-05-1994","gender":"Male","employer_name":"Remita","employer_address":"Lagos","level":"4","step":"6","amount":"200000","period":"3","passport_link":"1","identity_link":"1","utility_bills_link":"1","auth_code":"1234","ip_address":"::1","status":"Y","treated":"N","timestamp":"2022-10-28 20:51:35"},{"id":"8","merchant_id":"8294523827","merchant_name":"YTC MFB","application_id":"8227101990","customer_id":"","customer_name":"Omotayo Temidayo Daniel","bank_code":"058","customer_bank":"Fidelity","account_number":"0020687716","customer_bvn":"22199396539","customer_phone":"09077564412","customer_email":"omotayo@gmail.com","customer_address":"Lagos","date_of_birth":"04-05-1994","gender":"Male","employer_name":"Remita","employer_address":"Lagos","level":"4","step":"6","amount":"200000","period":"3","passport_link":"1","identity_link":"1","utility_bills_link":"1","auth_code":"1234","ip_address":"::1","status":"Y","treated":"N","timestamp":"2022-10-28 20:51:35"},{"id":"9","merchant_id":"8294523827","merchant_name":"YTC MFB","application_id":"0166146201","customer_id":"","customer_name":"Omotayo Temidayo Daniel","bank_code":"214","customer_bank":"Fidelity","account_number":"0730918014","customer_bvn":"22304439180","customer_phone":"09077564412","customer_email":"omotayo@gmail.com","customer_address":"Lagos","date_of_birth":"04-05-1994","gender":"Male","employer_name":"Remita","employer_address":"Lagos","level":"4","step":"6","amount":"200000","period":"3","passport_link":"1","identity_link":"1","utility_bills_link":"1","auth_code":"1234","ip_address":"::1","status":"Y","treated":"N","timestamp":"2022-10-28 20:51:35"},{"id":"10","merchant_id":"8294523827","merchant_name":"YTC MFB","application_id":"8475525254","customer_id":"","customer_name":"Omotayo Temidayo Daniel","bank_code":"214","customer_bank":"Fidelity","account_number":"2114657016","customer_bvn":"22231561608","customer_phone":"09077564412","customer_email":"omotayo@gmail.com","customer_address":"Lagos","date_of_birth":"04-05-1994","gender":"Male","employer_name":"Remita","employer_address":"Lagos","level":"4","step":"6","amount":"200000","period":"3","passport_link":"1","identity_link":"1","utility_bills_link":"1","auth_code":"1234","ip_address":"::1","status":"Y","treated":"N","timestamp":"2022-10-28 20:51:35"}],"timestamp":"28-Oct-2022 22:33:33"}
{"responseCode":"00","message":"success","staff_code":"","token":"eyJhbGciOiJIUzI1NiIsInR5cCI6IkpXVCJ9.eyJ1c2VyX2lkIjoib21vdGF5b3RlbWk0N0BnbWFpbC5jb20xMjM0NTY3OCIsImV4cCI6MTY2Njk5MjU0OSwiaXNzIjoibG9jYWxob3N0IiwiaWF0IjoxNjY2OTg4OTQ5fQ.aNhm1fkNGKjScSWr9g_EjBjKZHg0BS-g32Xu_ykxlaI","data":[],"timestamp":"28-Oct-2022 22:39:07"}
{"responseCode":"00","message":"success","staff_code":"","token":"eyJhbGciOiJIUzI1NiIsInR5cCI6IkpXVCJ9.eyJ1c2VyX2lkIjoib21vdGF5b3RlbWk0N0BnbWFpbC5jb20xMjM0NTY3OCIsImV4cCI6MTY2Njk5MjU0OSwiaXNzIjoibG9jYWxob3N0IiwiaWF0IjoxNjY2OTg4OTQ5fQ.aNhm1fkNGKjScSWr9g_EjBjKZHg0BS-g32Xu_ykxlaI","data":[],"timestamp":"28-Oct-2022 22:40:42"}
{"responseCode":"00","message":"success","staff_code":"","token":"eyJhbGciOiJIUzI1NiIsInR5cCI6IkpXVCJ9.eyJ1c2VyX2lkIjoib21vdGF5b3RlbWk0N0BnbWFpbC5jb20xMjM0NTY3OCIsImV4cCI6MTY2Njk5MjU0OSwiaXNzIjoibG9jYWxob3N0IiwiaWF0IjoxNjY2OTg4OTQ5fQ.aNhm1fkNGKjScSWr9g_EjBjKZHg0BS-g32Xu_ykxlaI","data":[],"timestamp":"28-Oct-2022 22:44:17"}
{"responseCode":"08","message":"expired_token","email":"8294523827-604408","token":"eyJhbGciOiJIUzI1NiIsInR5cCI6IkpXVCJ9.eyJ1c2VyX2lkIjoib21vdGF5b3RlbWk0N0BnbWFpbC5jb20xMjM0NTY3OCIsImV4cCI6MTY2Njk4OTY3MywiaXNzIjoibG9jYWxob3N0IiwiaWF0IjoxNjY2OTg2MDczfQ.eZ2Cvgm5Zz3A40m24G2dgp-8T_L9-sAPdGCHCr61Vf8","timestamp":"28-Oct-2022 22:46:01"}
{"responseCode":"00","message":"success","staff_code":"","token":"eyJhbGciOiJIUzI1NiIsInR5cCI6IkpXVCJ9.eyJ1c2VyX2lkIjoib21vdGF5b3RlbWk0N0BnbWFpbC5jb20xMjM0NTY3OCIsImV4cCI6MTY2Njk5MjU0OSwiaXNzIjoibG9jYWxob3N0IiwiaWF0IjoxNjY2OTg4OTQ5fQ.aNhm1fkNGKjScSWr9g_EjBjKZHg0BS-g32Xu_ykxlaI","data":[],"timestamp":"28-Oct-2022 22:46:14"}
{"responseCode":"00","message":"success","merchant_id":"8294523827","staff_code":"8294523827-604408","email":"omotayotemi47@gmail.com","password_status":"Y","tokenType":"Bearer","expiresIn":"3600","accessToken":"eyJhbGciOiJIUzI1NiIsInR5cCI6IkpXVCJ9.eyJ1c2VyX2lkIjoib21vdGF5b3RlbWk0N0BnbWFpbC5jb20xMjM0NTY3OCIsImV4cCI6MTY2Njk5MzYwMiwiaXNzIjoibG9jYWxob3N0IiwiaWF0IjoxNjY2OTkwMDAyfQ.f-yq2jjK7O6iaF-Gg9z8dyDA8BBC0IqFdzEdaOfjE2M","timestamp":"28-Oct-2022 22:46:42"}
{"responseCode":"00","message":"success","staff_code":"","token":"eyJhbGciOiJIUzI1NiIsInR5cCI6IkpXVCJ9.eyJ1c2VyX2lkIjoib21vdGF5b3RlbWk0N0BnbWFpbC5jb20xMjM0NTY3OCIsImV4cCI6MTY2Njk5MzYwMiwiaXNzIjoibG9jYWxob3N0IiwiaWF0IjoxNjY2OTkwMDAyfQ.f-yq2jjK7O6iaF-Gg9z8dyDA8BBC0IqFdzEdaOfjE2M","data":[],"timestamp":"28-Oct-2022 22:46:44"}
{"responseCode":"00","message":"success","staff_code":"","token":"eyJhbGciOiJIUzI1NiIsInR5cCI6IkpXVCJ9.eyJ1c2VyX2lkIjoib21vdGF5b3RlbWk0N0BnbWFpbC5jb20xMjM0NTY3OCIsImV4cCI6MTY2Njk5MzYwMiwiaXNzIjoibG9jYWxob3N0IiwiaWF0IjoxNjY2OTkwMDAyfQ.f-yq2jjK7O6iaF-Gg9z8dyDA8BBC0IqFdzEdaOfjE2M","data":[],"timestamp":"28-Oct-2022 22:48:58"}
{"responseCode":"00","message":"success","staff_code":"8294523827-604408","token":"eyJhbGciOiJIUzI1NiIsInR5cCI6IkpXVCJ9.eyJ1c2VyX2lkIjoib21vdGF5b3RlbWk0N0BnbWFpbC5jb20xMjM0NTY3OCIsImV4cCI6MTY2Njk5MzYwMiwiaXNzIjoibG9jYWxob3N0IiwiaWF0IjoxNjY2OTkwMDAyfQ.f-yq2jjK7O6iaF-Gg9z8dyDA8BBC0IqFdzEdaOfjE2M","data":[],"timestamp":"28-Oct-2022 22:50:50"}
{"responseCode":"00","message":"success","staff_code":"8294523827-604408","token":"eyJhbGciOiJIUzI1NiIsInR5cCI6IkpXVCJ9.eyJ1c2VyX2lkIjoib21vdGF5b3RlbWk0N0BnbWFpbC5jb20xMjM0NTY3OCIsImV4cCI6MTY2Njk5MzYwMiwiaXNzIjoibG9jYWxob3N0IiwiaWF0IjoxNjY2OTkwMDAyfQ.f-yq2jjK7O6iaF-Gg9z8dyDA8BBC0IqFdzEdaOfjE2M","data":[],"timestamp":"28-Oct-2022 22:52:17"}
{"responseCode":"00","message":"success","staff_code":"8294523827-604408","token":"eyJhbGciOiJIUzI1NiIsInR5cCI6IkpXVCJ9.eyJ1c2VyX2lkIjoib21vdGF5b3RlbWk0N0BnbWFpbC5jb20xMjM0NTY3OCIsImV4cCI6MTY2Njk5MzYwMiwiaXNzIjoibG9jYWxob3N0IiwiaWF0IjoxNjY2OTkwMDAyfQ.f-yq2jjK7O6iaF-Gg9z8dyDA8BBC0IqFdzEdaOfjE2M","data":[{"id":"1","merchant_id":"8294523827","merchant_name":"YTC MFB","application_id":"5682264338","customer_id":"","customer_name":"Omotayo Temidayo Daniel","bank_code":"342","customer_bank":"Fidelity","account_number":"120330200232","customer_bvn":"10233322040","customer_phone":"09077564412","customer_email":"omotayo@gmail.com","customer_address":"Lagos","date_of_birth":"04-05-1994","gender":"Male","employer_name":"Remita","employer_address":"Lagos","level":"4","step":"6","amount":"200000","period":"3","passport_link":"1","identity_link":"1","utility_bills_link":"1","auth_code":"1234","ip_address":"::1","status":"Y","treated":"N","timestamp":"2022-10-28 20:51:35"},{"id":"2","merchant_id":"8294523827","merchant_name":"YTC MFB","application_id":"4961924708","customer_id":"","customer_name":"Omotayo Temidayo Daniel","bank_code":"342","customer_bank":"Fidelity","account_number":"120330200232","customer_bvn":"10233322040","customer_phone":"09077564412","customer_email":"omotayo@gmail.com","customer_address":"Lagos","date_of_birth":"04-05-1994","gender":"Male","employer_name":"Remita","employer_address":"Lagos","level":"4","step":"6","amount":"200000","period":"3","passport_link":"1","identity_link":"1","utility_bills_link":"1","auth_code":"1234","ip_address":"::1","status":"Y","treated":"N","timestamp":"2022-10-28 20:51:35"},{"id":"3","merchant_id":"8294523827","merchant_name":"YTC MFB","application_id":"6505693011","customer_id":"","customer_name":"Omotayo Temidayo Daniel","bank_code":"342","customer_bank":"Fidelity","account_number":"120330200232","customer_bvn":"10233322040","customer_phone":"09077564412","customer_email":"omotayo@gmail.com","customer_address":"Lagos","date_of_birth":"04-05-1994","gender":"Male","employer_name":"Remita","employer_address":"Lagos","level":"4","step":"6","amount":"200000","period":"3","passport_link":"1","identity_link":"1","utility_bills_link":"1","auth_code":"1234","ip_address":"::1","status":"Y","treated":"N","timestamp":"2022-10-28 20:51:35"},{"id":"4","merchant_id":"8294523827","merchant_name":"YTC MFB","application_id":"7950429237","customer_id":"","customer_name":"Omotayo Temidayo Daniel","bank_code":"342","customer_bank":"Fidelity","account_number":"120330200232","customer_bvn":"10233322040","customer_phone":"09077564412","customer_email":"omotayo@gmail.com","customer_address":"Lagos","date_of_birth":"04-05-1994","gender":"Male","employer_name":"Remita","employer_address":"Lagos","level":"4","step":"6","amount":"200000","period":"3","passport_link":"1","identity_link":"1","utility_bills_link":"1","auth_code":"1234","ip_address":"::1","status":"Y","treated":"N","timestamp":"2022-10-28 20:51:35"},{"id":"5","merchant_id":"8294523827","merchant_name":"YTC MFB","application_id":"1048341283","customer_id":"","customer_name":"Omotayo Temidayo Daniel","bank_code":"342","customer_bank":"Fidelity","account_number":"120330200232","customer_bvn":"10233322040","customer_phone":"09077564412","customer_email":"omotayo@gmail.com","customer_address":"Lagos","date_of_birth":"04-05-1994","gender":"Male","employer_name":"Remita","employer_address":"Lagos","level":"4","step":"6","amount":"200000","period":"3","passport_link":"1","identity_link":"1","utility_bills_link":"1","auth_code":"1234","ip_address":"::1","status":"Y","treated":"N","timestamp":"2022-10-28 20:51:35"},{"id":"6","merchant_id":"8294523827","merchant_name":"YTC MFB","application_id":"0850421623","customer_id":"","customer_name":"Omotayo Temidayo Daniel","bank_code":"342","customer_bank":"Fidelity","account_number":"120330200232","customer_bvn":"10233322040","customer_phone":"09077564412","customer_email":"omotayo@gmail.com","customer_address":"Lagos","date_of_birth":"04-05-1994","gender":"Male","employer_name":"Remita","employer_address":"Lagos","level":"4","step":"6","amount":"200000","period":"3","passport_link":"1","identity_link":"1","utility_bills_link":"1","auth_code":"1234","ip_address":"::1","status":"Y","treated":"N","timestamp":"2022-10-28 20:51:35"},{"id":"7","merchant_id":"8294523827","merchant_name":"YTC MFB","application_id":"0535591319","customer_id":"","customer_name":"Omotayo Temidayo Daniel","bank_code":"023","customer_bank":"Fidelity","account_number":"5012284010","customer_bvn":"22222222223","customer_phone":"09077564412","customer_email":"omotayo@gmail.com","customer_address":"Lagos","date_of_birth":"04-05-1994","gender":"Male","employer_name":"Remita","employer_address":"Lagos","level":"4","step":"6","amount":"200000","period":"3","passport_link":"1","identity_link":"1","utility_bills_link":"1","auth_code":"1234","ip_address":"::1","status":"Y","treated":"N","timestamp":"2022-10-28 20:51:35"},{"id":"8","merchant_id":"8294523827","merchant_name":"YTC MFB","application_id":"8227101990","customer_id":"","customer_name":"Omotayo Temidayo Daniel","bank_code":"058","customer_bank":"Fidelity","account_number":"0020687716","customer_bvn":"22199396539","customer_phone":"09077564412","customer_email":"omotayo@gmail.com","customer_address":"Lagos","date_of_birth":"04-05-1994","gender":"Male","employer_name":"Remita","employer_address":"Lagos","level":"4","step":"6","amount":"200000","period":"3","passport_link":"1","identity_link":"1","utility_bills_link":"1","auth_code":"1234","ip_address":"::1","status":"Y","treated":"N","timestamp":"2022-10-28 20:51:35"},{"id":"9","merchant_id":"8294523827","merchant_name":"YTC MFB","application_id":"0166146201","customer_id":"","customer_name":"Omotayo Temidayo Daniel","bank_code":"214","customer_bank":"Fidelity","account_number":"0730918014","customer_bvn":"22304439180","customer_phone":"09077564412","customer_email":"omotayo@gmail.com","customer_address":"Lagos","date_of_birth":"04-05-1994","gender":"Male","employer_name":"Remita","employer_address":"Lagos","level":"4","step":"6","amount":"200000","period":"3","passport_link":"1","identity_link":"1","utility_bills_link":"1","auth_code":"1234","ip_address":"::1","status":"Y","treated":"N","timestamp":"2022-10-28 20:51:35"},{"id":"10","merchant_id":"8294523827","merchant_name":"YTC MFB","application_id":"8475525254","customer_id":"","customer_name":"Omotayo Temidayo Daniel","bank_code":"214","customer_bank":"Fidelity","account_number":"2114657016","customer_bvn":"22231561608","customer_phone":"09077564412","customer_email":"omotayo@gmail.com","customer_address":"Lagos","date_of_birth":"04-05-1994","gender":"Male","employer_name":"Remita","employer_address":"Lagos","level":"4","step":"6","amount":"200000","period":"3","passport_link":"1","identity_link":"1","utility_bills_link":"1","auth_code":"1234","ip_address":"::1","status":"Y","treated":"N","timestamp":"2022-10-28 20:51:35"}],"timestamp":"28-Oct-2022 22:56:24"}
{"responseCode":"00","message":"success","staff_code":"8294523827-604408","token":"eyJhbGciOiJIUzI1NiIsInR5cCI6IkpXVCJ9.eyJ1c2VyX2lkIjoib21vdGF5b3RlbWk0N0BnbWFpbC5jb20xMjM0NTY3OCIsImV4cCI6MTY2Njk5MzYwMiwiaXNzIjoibG9jYWxob3N0IiwiaWF0IjoxNjY2OTkwMDAyfQ.f-yq2jjK7O6iaF-Gg9z8dyDA8BBC0IqFdzEdaOfjE2M","data":[{"id":"1","merchant_id":"8294523827","merchant_name":"YTC MFB","application_id":"5682264338","customer_id":"","customer_name":"Omotayo Temidayo Daniel","bank_code":"342","customer_bank":"Fidelity","account_number":"120330200232","customer_bvn":"10233322040","customer_phone":"09077564412","customer_email":"omotayo@gmail.com","customer_address":"Lagos","date_of_birth":"04-05-1994","gender":"Male","employer_name":"Remita","employer_address":"Lagos","level":"4","step":"6","amount":"200000","period":"3","passport_link":"1","identity_link":"1","utility_bills_link":"1","auth_code":"1234","ip_address":"::1","status":"Y","treated":"N","timestamp":"2022-10-28 20:51:35"},{"id":"2","merchant_id":"8294523827","merchant_name":"YTC MFB","application_id":"4961924708","customer_id":"","customer_name":"Omotayo Temidayo Daniel","bank_code":"342","customer_bank":"Fidelity","account_number":"120330200232","customer_bvn":"10233322040","customer_phone":"09077564412","customer_email":"omotayo@gmail.com","customer_address":"Lagos","date_of_birth":"04-05-1994","gender":"Male","employer_name":"Remita","employer_address":"Lagos","level":"4","step":"6","amount":"200000","period":"3","passport_link":"1","identity_link":"1","utility_bills_link":"1","auth_code":"1234","ip_address":"::1","status":"Y","treated":"N","timestamp":"2022-10-28 20:51:35"},{"id":"3","merchant_id":"8294523827","merchant_name":"YTC MFB","application_id":"6505693011","customer_id":"","customer_name":"Omotayo Temidayo Daniel","bank_code":"342","customer_bank":"Fidelity","account_number":"120330200232","customer_bvn":"10233322040","customer_phone":"09077564412","customer_email":"omotayo@gmail.com","customer_address":"Lagos","date_of_birth":"04-05-1994","gender":"Male","employer_name":"Remita","employer_address":"Lagos","level":"4","step":"6","amount":"200000","period":"3","passport_link":"1","identity_link":"1","utility_bills_link":"1","auth_code":"1234","ip_address":"::1","status":"Y","treated":"N","timestamp":"2022-10-28 20:51:35"},{"id":"4","merchant_id":"8294523827","merchant_name":"YTC MFB","application_id":"7950429237","customer_id":"","customer_name":"Omotayo Temidayo Daniel","bank_code":"342","customer_bank":"Fidelity","account_number":"120330200232","customer_bvn":"10233322040","customer_phone":"09077564412","customer_email":"omotayo@gmail.com","customer_address":"Lagos","date_of_birth":"04-05-1994","gender":"Male","employer_name":"Remita","employer_address":"Lagos","level":"4","step":"6","amount":"200000","period":"3","passport_link":"1","identity_link":"1","utility_bills_link":"1","auth_code":"1234","ip_address":"::1","status":"Y","treated":"N","timestamp":"2022-10-28 20:51:35"},{"id":"5","merchant_id":"8294523827","merchant_name":"YTC MFB","application_id":"1048341283","customer_id":"","customer_name":"Omotayo Temidayo Daniel","bank_code":"342","customer_bank":"Fidelity","account_number":"120330200232","customer_bvn":"10233322040","customer_phone":"09077564412","customer_email":"omotayo@gmail.com","customer_address":"Lagos","date_of_birth":"04-05-1994","gender":"Male","employer_name":"Remita","employer_address":"Lagos","level":"4","step":"6","amount":"200000","period":"3","passport_link":"1","identity_link":"1","utility_bills_link":"1","auth_code":"1234","ip_address":"::1","status":"Y","treated":"N","timestamp":"2022-10-28 20:51:35"},{"id":"6","merchant_id":"8294523827","merchant_name":"YTC MFB","application_id":"0850421623","customer_id":"","customer_name":"Omotayo Temidayo Daniel","bank_code":"342","customer_bank":"Fidelity","account_number":"120330200232","customer_bvn":"10233322040","customer_phone":"09077564412","customer_email":"omotayo@gmail.com","customer_address":"Lagos","date_of_birth":"04-05-1994","gender":"Male","employer_name":"Remita","employer_address":"Lagos","level":"4","step":"6","amount":"200000","period":"3","passport_link":"1","identity_link":"1","utility_bills_link":"1","auth_code":"1234","ip_address":"::1","status":"Y","treated":"N","timestamp":"2022-10-28 20:51:35"},{"id":"7","merchant_id":"8294523827","merchant_name":"YTC MFB","application_id":"0535591319","customer_id":"","customer_name":"Omotayo Temidayo Daniel","bank_code":"023","customer_bank":"Fidelity","account_number":"5012284010","customer_bvn":"22222222223","customer_phone":"09077564412","customer_email":"omotayo@gmail.com","customer_address":"Lagos","date_of_birth":"04-05-1994","gender":"Male","employer_name":"Remita","employer_address":"Lagos","level":"4","step":"6","amount":"200000","period":"3","passport_link":"1","identity_link":"1","utility_bills_link":"1","auth_code":"1234","ip_address":"::1","status":"Y","treated":"N","timestamp":"2022-10-28 20:51:35"},{"id":"8","merchant_id":"8294523827","merchant_name":"YTC MFB","application_id":"8227101990","customer_id":"","customer_name":"Omotayo Temidayo Daniel","bank_code":"058","customer_bank":"Fidelity","account_number":"0020687716","customer_bvn":"22199396539","customer_phone":"09077564412","customer_email":"omotayo@gmail.com","customer_address":"Lagos","date_of_birth":"04-05-1994","gender":"Male","employer_name":"Remita","employer_address":"Lagos","level":"4","step":"6","amount":"200000","period":"3","passport_link":"1","identity_link":"1","utility_bills_link":"1","auth_code":"1234","ip_address":"::1","status":"Y","treated":"N","timestamp":"2022-10-28 20:51:35"},{"id":"9","merchant_id":"8294523827","merchant_name":"YTC MFB","application_id":"0166146201","customer_id":"","customer_name":"Omotayo Temidayo Daniel","bank_code":"214","customer_bank":"Fidelity","account_number":"0730918014","customer_bvn":"22304439180","customer_phone":"09077564412","customer_email":"omotayo@gmail.com","customer_address":"Lagos","date_of_birth":"04-05-1994","gender":"Male","employer_name":"Remita","employer_address":"Lagos","level":"4","step":"6","amount":"200000","period":"3","passport_link":"1","identity_link":"1","utility_bills_link":"1","auth_code":"1234","ip_address":"::1","status":"Y","treated":"N","timestamp":"2022-10-28 20:51:35"},{"id":"10","merchant_id":"8294523827","merchant_name":"YTC MFB","application_id":"8475525254","customer_id":"","customer_name":"Omotayo Temidayo Daniel","bank_code":"214","customer_bank":"Fidelity","account_number":"2114657016","customer_bvn":"22231561608","customer_phone":"09077564412","customer_email":"omotayo@gmail.com","customer_address":"Lagos","date_of_birth":"04-05-1994","gender":"Male","employer_name":"Remita","employer_address":"Lagos","level":"4","step":"6","amount":"200000","period":"3","passport_link":"1","identity_link":"1","utility_bills_link":"1","auth_code":"1234","ip_address":"::1","status":"Y","treated":"N","timestamp":"2022-10-28 20:51:35"}],"timestamp":"28-Oct-2022 22:57:14"}
{"responseCode":"00","message":"success","staff_code":"8294523827-604408","token":"eyJhbGciOiJIUzI1NiIsInR5cCI6IkpXVCJ9.eyJ1c2VyX2lkIjoib21vdGF5b3RlbWk0N0BnbWFpbC5jb20xMjM0NTY3OCIsImV4cCI6MTY2Njk5MzYwMiwiaXNzIjoibG9jYWxob3N0IiwiaWF0IjoxNjY2OTkwMDAyfQ.f-yq2jjK7O6iaF-Gg9z8dyDA8BBC0IqFdzEdaOfjE2M","data":[{"id":"1","merchant_id":"8294523827","merchant_name":"YTC MFB","application_id":"5682264338","customer_id":"","customer_name":"Omotayo Temidayo Daniel","bank_code":"342","customer_bank":"Fidelity","account_number":"120330200232","customer_bvn":"10233322040","customer_phone":"09077564412","customer_email":"omotayo@gmail.com","customer_address":"Lagos","date_of_birth":"04-05-1994","gender":"Male","employer_name":"Remita","employer_address":"Lagos","level":"4","step":"6","amount":"200000","period":"3","passport_link":"1","identity_link":"1","utility_bills_link":"1","auth_code":"1234","ip_address":"::1","status":"Y","treated":"N","timestamp":"2022-10-28 20:51:35"},{"id":"2","merchant_id":"8294523827","merchant_name":"YTC MFB","application_id":"4961924708","customer_id":"","customer_name":"Omotayo Temidayo Daniel","bank_code":"342","customer_bank":"Fidelity","account_number":"120330200232","customer_bvn":"10233322040","customer_phone":"09077564412","customer_email":"omotayo@gmail.com","customer_address":"Lagos","date_of_birth":"04-05-1994","gender":"Male","employer_name":"Remita","employer_address":"Lagos","level":"4","step":"6","amount":"200000","period":"3","passport_link":"1","identity_link":"1","utility_bills_link":"1","auth_code":"1234","ip_address":"::1","status":"Y","treated":"N","timestamp":"2022-10-28 20:51:35"},{"id":"3","merchant_id":"8294523827","merchant_name":"YTC MFB","application_id":"6505693011","customer_id":"","customer_name":"Omotayo Temidayo Daniel","bank_code":"342","customer_bank":"Fidelity","account_number":"120330200232","customer_bvn":"10233322040","customer_phone":"09077564412","customer_email":"omotayo@gmail.com","customer_address":"Lagos","date_of_birth":"04-05-1994","gender":"Male","employer_name":"Remita","employer_address":"Lagos","level":"4","step":"6","amount":"200000","period":"3","passport_link":"1","identity_link":"1","utility_bills_link":"1","auth_code":"1234","ip_address":"::1","status":"Y","treated":"N","timestamp":"2022-10-28 20:51:35"},{"id":"4","merchant_id":"8294523827","merchant_name":"YTC MFB","application_id":"7950429237","customer_id":"","customer_name":"Omotayo Temidayo Daniel","bank_code":"342","customer_bank":"Fidelity","account_number":"120330200232","customer_bvn":"10233322040","customer_phone":"09077564412","customer_email":"omotayo@gmail.com","customer_address":"Lagos","date_of_birth":"04-05-1994","gender":"Male","employer_name":"Remita","employer_address":"Lagos","level":"4","step":"6","amount":"200000","period":"3","passport_link":"1","identity_link":"1","utility_bills_link":"1","auth_code":"1234","ip_address":"::1","status":"Y","treated":"N","timestamp":"2022-10-28 20:51:35"},{"id":"5","merchant_id":"8294523827","merchant_name":"YTC MFB","application_id":"1048341283","customer_id":"","customer_name":"Omotayo Temidayo Daniel","bank_code":"342","customer_bank":"Fidelity","account_number":"120330200232","customer_bvn":"10233322040","customer_phone":"09077564412","customer_email":"omotayo@gmail.com","customer_address":"Lagos","date_of_birth":"04-05-1994","gender":"Male","employer_name":"Remita","employer_address":"Lagos","level":"4","step":"6","amount":"200000","period":"3","passport_link":"1","identity_link":"1","utility_bills_link":"1","auth_code":"1234","ip_address":"::1","status":"Y","treated":"N","timestamp":"2022-10-28 20:51:35"},{"id":"6","merchant_id":"8294523827","merchant_name":"YTC MFB","application_id":"0850421623","customer_id":"","customer_name":"Omotayo Temidayo Daniel","bank_code":"342","customer_bank":"Fidelity","account_number":"120330200232","customer_bvn":"10233322040","customer_phone":"09077564412","customer_email":"omotayo@gmail.com","customer_address":"Lagos","date_of_birth":"04-05-1994","gender":"Male","employer_name":"Remita","employer_address":"Lagos","level":"4","step":"6","amount":"200000","period":"3","passport_link":"1","identity_link":"1","utility_bills_link":"1","auth_code":"1234","ip_address":"::1","status":"Y","treated":"N","timestamp":"2022-10-28 20:51:35"},{"id":"7","merchant_id":"8294523827","merchant_name":"YTC MFB","application_id":"0535591319","customer_id":"","customer_name":"Omotayo Temidayo Daniel","bank_code":"023","customer_bank":"Fidelity","account_number":"5012284010","customer_bvn":"22222222223","customer_phone":"09077564412","customer_email":"omotayo@gmail.com","customer_address":"Lagos","date_of_birth":"04-05-1994","gender":"Male","employer_name":"Remita","employer_address":"Lagos","level":"4","step":"6","amount":"200000","period":"3","passport_link":"1","identity_link":"1","utility_bills_link":"1","auth_code":"1234","ip_address":"::1","status":"Y","treated":"N","timestamp":"2022-10-28 20:51:35"},{"id":"8","merchant_id":"8294523827","merchant_name":"YTC MFB","application_id":"8227101990","customer_id":"","customer_name":"Omotayo Temidayo Daniel","bank_code":"058","customer_bank":"Fidelity","account_number":"0020687716","customer_bvn":"22199396539","customer_phone":"09077564412","customer_email":"omotayo@gmail.com","customer_address":"Lagos","date_of_birth":"04-05-1994","gender":"Male","employer_name":"Remita","employer_address":"Lagos","level":"4","step":"6","amount":"200000","period":"3","passport_link":"1","identity_link":"1","utility_bills_link":"1","auth_code":"1234","ip_address":"::1","status":"Y","treated":"N","timestamp":"2022-10-28 20:51:35"},{"id":"9","merchant_id":"8294523827","merchant_name":"YTC MFB","application_id":"0166146201","customer_id":"","customer_name":"Omotayo Temidayo Daniel","bank_code":"214","customer_bank":"Fidelity","account_number":"0730918014","customer_bvn":"22304439180","customer_phone":"09077564412","customer_email":"omotayo@gmail.com","customer_address":"Lagos","date_of_birth":"04-05-1994","gender":"Male","employer_name":"Remita","employer_address":"Lagos","level":"4","step":"6","amount":"200000","period":"3","passport_link":"1","identity_link":"1","utility_bills_link":"1","auth_code":"1234","ip_address":"::1","status":"Y","treated":"N","timestamp":"2022-10-28 20:51:35"},{"id":"10","merchant_id":"8294523827","merchant_name":"YTC MFB","application_id":"8475525254","customer_id":"","customer_name":"Omotayo Temidayo Daniel","bank_code":"214","customer_bank":"Fidelity","account_number":"2114657016","customer_bvn":"22231561608","customer_phone":"09077564412","customer_email":"omotayo@gmail.com","customer_address":"Lagos","date_of_birth":"04-05-1994","gender":"Male","employer_name":"Remita","employer_address":"Lagos","level":"4","step":"6","amount":"200000","period":"3","passport_link":"1","identity_link":"1","utility_bills_link":"1","auth_code":"1234","ip_address":"::1","status":"Y","treated":"N","timestamp":"2022-10-28 20:51:35"}],"timestamp":"28-Oct-2022 22:57:36"}
{"responseCode":"00","message":"success","staff_code":"8294523827-604408","token":"eyJhbGciOiJIUzI1NiIsInR5cCI6IkpXVCJ9.eyJ1c2VyX2lkIjoib21vdGF5b3RlbWk0N0BnbWFpbC5jb20xMjM0NTY3OCIsImV4cCI6MTY2Njk5MzYwMiwiaXNzIjoibG9jYWxob3N0IiwiaWF0IjoxNjY2OTkwMDAyfQ.f-yq2jjK7O6iaF-Gg9z8dyDA8BBC0IqFdzEdaOfjE2M","data":[{"id":"1","merchant_id":"8294523827","merchant_name":"YTC MFB","application_id":"5682264338","customer_id":"","customer_name":"Omotayo Temidayo Daniel","bank_code":"342","customer_bank":"Fidelity","account_number":"120330200232","customer_bvn":"10233322040","customer_phone":"09077564412","customer_email":"omotayo@gmail.com","customer_address":"Lagos","date_of_birth":"04-05-1994","gender":"Male","employer_name":"Remita","employer_address":"Lagos","level":"4","step":"6","amount":"200000","period":"3","passport_link":"1","identity_link":"1","utility_bills_link":"1","auth_code":"1234","ip_address":"::1","status":"Y","treated":"N","timestamp":"2022-10-28 20:51:35"},{"id":"2","merchant_id":"8294523827","merchant_name":"YTC MFB","application_id":"4961924708","customer_id":"","customer_name":"Omotayo Temidayo Daniel","bank_code":"342","customer_bank":"Fidelity","account_number":"120330200232","customer_bvn":"10233322040","customer_phone":"09077564412","customer_email":"omotayo@gmail.com","customer_address":"Lagos","date_of_birth":"04-05-1994","gender":"Male","employer_name":"Remita","employer_address":"Lagos","level":"4","step":"6","amount":"200000","period":"3","passport_link":"1","identity_link":"1","utility_bills_link":"1","auth_code":"1234","ip_address":"::1","status":"Y","treated":"N","timestamp":"2022-10-28 20:51:35"},{"id":"3","merchant_id":"8294523827","merchant_name":"YTC MFB","application_id":"6505693011","customer_id":"","customer_name":"Omotayo Temidayo Daniel","bank_code":"342","customer_bank":"Fidelity","account_number":"120330200232","customer_bvn":"10233322040","customer_phone":"09077564412","customer_email":"omotayo@gmail.com","customer_address":"Lagos","date_of_birth":"04-05-1994","gender":"Male","employer_name":"Remita","employer_address":"Lagos","level":"4","step":"6","amount":"200000","period":"3","passport_link":"1","identity_link":"1","utility_bills_link":"1","auth_code":"1234","ip_address":"::1","status":"Y","treated":"N","timestamp":"2022-10-28 20:51:35"},{"id":"4","merchant_id":"8294523827","merchant_name":"YTC MFB","application_id":"7950429237","customer_id":"","customer_name":"Omotayo Temidayo Daniel","bank_code":"342","customer_bank":"Fidelity","account_number":"120330200232","customer_bvn":"10233322040","customer_phone":"09077564412","customer_email":"omotayo@gmail.com","customer_address":"Lagos","date_of_birth":"04-05-1994","gender":"Male","employer_name":"Remita","employer_address":"Lagos","level":"4","step":"6","amount":"200000","period":"3","passport_link":"1","identity_link":"1","utility_bills_link":"1","auth_code":"1234","ip_address":"::1","status":"Y","treated":"N","timestamp":"2022-10-28 20:51:35"},{"id":"5","merchant_id":"8294523827","merchant_name":"YTC MFB","application_id":"1048341283","customer_id":"","customer_name":"Omotayo Temidayo Daniel","bank_code":"342","customer_bank":"Fidelity","account_number":"120330200232","customer_bvn":"10233322040","customer_phone":"09077564412","customer_email":"omotayo@gmail.com","customer_address":"Lagos","date_of_birth":"04-05-1994","gender":"Male","employer_name":"Remita","employer_address":"Lagos","level":"4","step":"6","amount":"200000","period":"3","passport_link":"1","identity_link":"1","utility_bills_link":"1","auth_code":"1234","ip_address":"::1","status":"Y","treated":"N","timestamp":"2022-10-28 20:51:35"},{"id":"6","merchant_id":"8294523827","merchant_name":"YTC MFB","application_id":"0850421623","customer_id":"","customer_name":"Omotayo Temidayo Daniel","bank_code":"342","customer_bank":"Fidelity","account_number":"120330200232","customer_bvn":"10233322040","customer_phone":"09077564412","customer_email":"omotayo@gmail.com","customer_address":"Lagos","date_of_birth":"04-05-1994","gender":"Male","employer_name":"Remita","employer_address":"Lagos","level":"4","step":"6","amount":"200000","period":"3","passport_link":"1","identity_link":"1","utility_bills_link":"1","auth_code":"1234","ip_address":"::1","status":"Y","treated":"N","timestamp":"2022-10-28 20:51:35"},{"id":"7","merchant_id":"8294523827","merchant_name":"YTC MFB","application_id":"0535591319","customer_id":"","customer_name":"Omotayo Temidayo Daniel","bank_code":"023","customer_bank":"Fidelity","account_number":"5012284010","customer_bvn":"22222222223","customer_phone":"09077564412","customer_email":"omotayo@gmail.com","customer_address":"Lagos","date_of_birth":"04-05-1994","gender":"Male","employer_name":"Remita","employer_address":"Lagos","level":"4","step":"6","amount":"200000","period":"3","passport_link":"1","identity_link":"1","utility_bills_link":"1","auth_code":"1234","ip_address":"::1","status":"Y","treated":"N","timestamp":"2022-10-28 20:51:35"},{"id":"8","merchant_id":"8294523827","merchant_name":"YTC MFB","application_id":"8227101990","customer_id":"","customer_name":"Omotayo Temidayo Daniel","bank_code":"058","customer_bank":"Fidelity","account_number":"0020687716","customer_bvn":"22199396539","customer_phone":"09077564412","customer_email":"omotayo@gmail.com","customer_address":"Lagos","date_of_birth":"04-05-1994","gender":"Male","employer_name":"Remita","employer_address":"Lagos","level":"4","step":"6","amount":"200000","period":"3","passport_link":"1","identity_link":"1","utility_bills_link":"1","auth_code":"1234","ip_address":"::1","status":"Y","treated":"N","timestamp":"2022-10-28 20:51:35"},{"id":"9","merchant_id":"8294523827","merchant_name":"YTC MFB","application_id":"0166146201","customer_id":"","customer_name":"Omotayo Temidayo Daniel","bank_code":"214","customer_bank":"Fidelity","account_number":"0730918014","customer_bvn":"22304439180","customer_phone":"09077564412","customer_email":"omotayo@gmail.com","customer_address":"Lagos","date_of_birth":"04-05-1994","gender":"Male","employer_name":"Remita","employer_address":"Lagos","level":"4","step":"6","amount":"200000","period":"3","passport_link":"1","identity_link":"1","utility_bills_link":"1","auth_code":"1234","ip_address":"::1","status":"Y","treated":"N","timestamp":"2022-10-28 20:51:35"},{"id":"10","merchant_id":"8294523827","merchant_name":"YTC MFB","application_id":"8475525254","customer_id":"","customer_name":"Omotayo Temidayo Daniel","bank_code":"214","customer_bank":"Fidelity","account_number":"2114657016","customer_bvn":"22231561608","customer_phone":"09077564412","customer_email":"omotayo@gmail.com","customer_address":"Lagos","date_of_birth":"04-05-1994","gender":"Male","employer_name":"Remita","employer_address":"Lagos","level":"4","step":"6","amount":"200000","period":"3","passport_link":"1","identity_link":"1","utility_bills_link":"1","auth_code":"1234","ip_address":"::1","status":"Y","treated":"N","timestamp":"2022-10-28 20:51:35"}],"timestamp":"28-Oct-2022 22:57:51"}
{"responseCode":"00","message":"success","staff_code":"8294523827-604408","token":"eyJhbGciOiJIUzI1NiIsInR5cCI6IkpXVCJ9.eyJ1c2VyX2lkIjoib21vdGF5b3RlbWk0N0BnbWFpbC5jb20xMjM0NTY3OCIsImV4cCI6MTY2Njk5MzYwMiwiaXNzIjoibG9jYWxob3N0IiwiaWF0IjoxNjY2OTkwMDAyfQ.f-yq2jjK7O6iaF-Gg9z8dyDA8BBC0IqFdzEdaOfjE2M","data":[{"id":"1","merchant_id":"8294523827","merchant_name":"YTC MFB","application_id":"5682264338","customer_id":"","customer_name":"Omotayo Temidayo Daniel","bank_code":"342","customer_bank":"Fidelity","account_number":"120330200232","customer_bvn":"10233322040","customer_phone":"09077564412","customer_email":"omotayo@gmail.com","customer_address":"Lagos","date_of_birth":"04-05-1994","gender":"Male","employer_name":"Remita","employer_address":"Lagos","level":"4","step":"6","amount":"200000","period":"3","passport_link":"1","identity_link":"1","utility_bills_link":"1","auth_code":"1234","ip_address":"::1","status":"Y","treated":"N","timestamp":"2022-10-28 20:51:35"},{"id":"2","merchant_id":"8294523827","merchant_name":"YTC MFB","application_id":"4961924708","customer_id":"","customer_name":"Omotayo Temidayo Daniel","bank_code":"342","customer_bank":"Fidelity","account_number":"120330200232","customer_bvn":"10233322040","customer_phone":"09077564412","customer_email":"omotayo@gmail.com","customer_address":"Lagos","date_of_birth":"04-05-1994","gender":"Male","employer_name":"Remita","employer_address":"Lagos","level":"4","step":"6","amount":"200000","period":"3","passport_link":"1","identity_link":"1","utility_bills_link":"1","auth_code":"1234","ip_address":"::1","status":"Y","treated":"N","timestamp":"2022-10-28 20:51:35"},{"id":"3","merchant_id":"8294523827","merchant_name":"YTC MFB","application_id":"6505693011","customer_id":"","customer_name":"Omotayo Temidayo Daniel","bank_code":"342","customer_bank":"Fidelity","account_number":"120330200232","customer_bvn":"10233322040","customer_phone":"09077564412","customer_email":"omotayo@gmail.com","customer_address":"Lagos","date_of_birth":"04-05-1994","gender":"Male","employer_name":"Remita","employer_address":"Lagos","level":"4","step":"6","amount":"200000","period":"3","passport_link":"1","identity_link":"1","utility_bills_link":"1","auth_code":"1234","ip_address":"::1","status":"Y","treated":"N","timestamp":"2022-10-28 20:51:35"},{"id":"4","merchant_id":"8294523827","merchant_name":"YTC MFB","application_id":"7950429237","customer_id":"","customer_name":"Omotayo Temidayo Daniel","bank_code":"342","customer_bank":"Fidelity","account_number":"120330200232","customer_bvn":"10233322040","customer_phone":"09077564412","customer_email":"omotayo@gmail.com","customer_address":"Lagos","date_of_birth":"04-05-1994","gender":"Male","employer_name":"Remita","employer_address":"Lagos","level":"4","step":"6","amount":"200000","period":"3","passport_link":"1","identity_link":"1","utility_bills_link":"1","auth_code":"1234","ip_address":"::1","status":"Y","treated":"N","timestamp":"2022-10-28 20:51:35"},{"id":"5","merchant_id":"8294523827","merchant_name":"YTC MFB","application_id":"1048341283","customer_id":"","customer_name":"Omotayo Temidayo Daniel","bank_code":"342","customer_bank":"Fidelity","account_number":"120330200232","customer_bvn":"10233322040","customer_phone":"09077564412","customer_email":"omotayo@gmail.com","customer_address":"Lagos","date_of_birth":"04-05-1994","gender":"Male","employer_name":"Remita","employer_address":"Lagos","level":"4","step":"6","amount":"200000","period":"3","passport_link":"1","identity_link":"1","utility_bills_link":"1","auth_code":"1234","ip_address":"::1","status":"Y","treated":"N","timestamp":"2022-10-28 20:51:35"},{"id":"6","merchant_id":"8294523827","merchant_name":"YTC MFB","application_id":"0850421623","customer_id":"","customer_name":"Omotayo Temidayo Daniel","bank_code":"342","customer_bank":"Fidelity","account_number":"120330200232","customer_bvn":"10233322040","customer_phone":"09077564412","customer_email":"omotayo@gmail.com","customer_address":"Lagos","date_of_birth":"04-05-1994","gender":"Male","employer_name":"Remita","employer_address":"Lagos","level":"4","step":"6","amount":"200000","period":"3","passport_link":"1","identity_link":"1","utility_bills_link":"1","auth_code":"1234","ip_address":"::1","status":"Y","treated":"N","timestamp":"2022-10-28 20:51:35"},{"id":"7","merchant_id":"8294523827","merchant_name":"YTC MFB","application_id":"0535591319","customer_id":"","customer_name":"Omotayo Temidayo Daniel","bank_code":"023","customer_bank":"Fidelity","account_number":"5012284010","customer_bvn":"22222222223","customer_phone":"09077564412","customer_email":"omotayo@gmail.com","customer_address":"Lagos","date_of_birth":"04-05-1994","gender":"Male","employer_name":"Remita","employer_address":"Lagos","level":"4","step":"6","amount":"200000","period":"3","passport_link":"1","identity_link":"1","utility_bills_link":"1","auth_code":"1234","ip_address":"::1","status":"Y","treated":"N","timestamp":"2022-10-28 20:51:35"},{"id":"8","merchant_id":"8294523827","merchant_name":"YTC MFB","application_id":"8227101990","customer_id":"","customer_name":"Omotayo Temidayo Daniel","bank_code":"058","customer_bank":"Fidelity","account_number":"0020687716","customer_bvn":"22199396539","customer_phone":"09077564412","customer_email":"omotayo@gmail.com","customer_address":"Lagos","date_of_birth":"04-05-1994","gender":"Male","employer_name":"Remita","employer_address":"Lagos","level":"4","step":"6","amount":"200000","period":"3","passport_link":"1","identity_link":"1","utility_bills_link":"1","auth_code":"1234","ip_address":"::1","status":"Y","treated":"N","timestamp":"2022-10-28 20:51:35"},{"id":"9","merchant_id":"8294523827","merchant_name":"YTC MFB","application_id":"0166146201","customer_id":"","customer_name":"Omotayo Temidayo Daniel","bank_code":"214","customer_bank":"Fidelity","account_number":"0730918014","customer_bvn":"22304439180","customer_phone":"09077564412","customer_email":"omotayo@gmail.com","customer_address":"Lagos","date_of_birth":"04-05-1994","gender":"Male","employer_name":"Remita","employer_address":"Lagos","level":"4","step":"6","amount":"200000","period":"3","passport_link":"1","identity_link":"1","utility_bills_link":"1","auth_code":"1234","ip_address":"::1","status":"Y","treated":"N","timestamp":"2022-10-28 20:51:35"},{"id":"10","merchant_id":"8294523827","merchant_name":"YTC MFB","application_id":"8475525254","customer_id":"","customer_name":"Omotayo Temidayo Daniel","bank_code":"214","customer_bank":"Fidelity","account_number":"2114657016","customer_bvn":"22231561608","customer_phone":"09077564412","customer_email":"omotayo@gmail.com","customer_address":"Lagos","date_of_birth":"04-05-1994","gender":"Male","employer_name":"Remita","employer_address":"Lagos","level":"4","step":"6","amount":"200000","period":"3","passport_link":"1","identity_link":"1","utility_bills_link":"1","auth_code":"1234","ip_address":"::1","status":"Y","treated":"N","timestamp":"2022-10-28 20:51:35"}],"timestamp":"28-Oct-2022 22:58:11"}
