{"ipAddress":"::1","responseCode":"00","message":"success","data":[{"id":"3","merchant_id":"8294523827","merchant_name":"YTC MFB","merchant_email":"dayo@gmail.com","merchant_phone":"070994","merchant_address":"Akure","period":"6","logo_url":"","minimum":"10000","maximum":"500000","merchant_rate":"4","processing_rate":"200","insurrance":"8","commitment":"5","merchant_remita_key":"QzAwMDAxNjE5NTcxMjM0fEMwMDAwMTYxOTU3","merchant_remita_id":"8797039389","merchant_remita_apitoken":"VUtlOWlhWFhua29IbmpieCs2Y1VxMUNudlltbDE1NUtnMWNIWVV3MTJzTHkyQkpQRzJCRHM2WFQ3MldPOVJjUA==","merchant_public_id":"WT501KPUBRE2UE3W3DU1","smtp_host":"demo.mfb.net","smtp_email":"demo@gmail.com","smtp_password":"5543net","status":"Y","timestamp":"2022-11-21 14:37:24"}],"timestamp":"12-Dec-2022 10:06:07"}
{"ipAddress":"::1","responseCode":"00","message":"success","data":[{"id":"3","merchant_id":"8294523827","merchant_name":"YTC MFB","merchant_email":"dayo@gmail.com","merchant_phone":"070994","merchant_address":"Akure","period":"6","logo_url":"","minimum":"10000","maximum":"500000","merchant_rate":"4","processing_rate":"200","insurrance":"8","commitment":"5","merchant_remita_key":"QzAwMDAxNjE5NTcxMjM0fEMwMDAwMTYxOTU3","merchant_remita_id":"8797039389","merchant_remita_apitoken":"VUtlOWlhWFhua29IbmpieCs2Y1VxMUNudlltbDE1NUtnMWNIWVV3MTJzTHkyQkpQRzJCRHM2WFQ3MldPOVJjUA==","merchant_public_id":"WT501KPUBRE2UE3W3DU1","smtp_host":"demo.mfb.net","smtp_email":"demo@gmail.com","smtp_password":"5543net","status":"Y","timestamp":"2022-11-21 14:37:24"}],"timestamp":"12-Dec-2022 10:09:33"}
8294523827--YTC MFB--1927090737--199616--SUCCESS
{"responseCode":"00","message":"success","customer_name":"Omotayo Temidayo Daniel","merchant_id":"8294523827","email":"omotayotemi47@gmail.com","phone":"07069414892","application":"1927090737"}
8294523827--YTC MFB--0944219944--602582--SUCCESS
{"responseCode":"00","message":"success","customer_name":"Omotayo Temidayo Daniel","merchant_id":"8294523827","email":"omotayotemi47@gmail.com","phone":"07069414892","application":"0944219944"}
8294523827--YTC MFB--0759442630--397485--SUCCESS
{"responseCode":"00","message":"success","customer_name":"Omotayo Temidayo Daniel","merchant_id":"8294523827","email":"omotayotemi47@gmail.com","phone":"07069414892","application":"0759442630"}
8294523827--YTC MFB--7994884102--257927--SUCCESS
{"responseCode":"00","message":"success","customer_name":"Omotayo Temidayo Daniel","merchant_id":"8294523827","email":"omotayotemi47@gmail.com","phone":"07069414892","application":"7994884102"}
8294523827--YTC MFB--3520537146--042538--SUCCESS
{"responseCode":"00","message":"success","customer_name":"Omotayo Temidayo Daniel","merchant_id":"8294523827","email":"omotayotemi47@gmail.com","phone":"07069414892","application":"3520537146"}
8294523827--YTC MFB--8157423369--439470--SUCCESS
{"responseCode":"00","message":"success","customer_name":"Omotayo Temidayo Daniel","merchant_id":"8294523827","email":"omotayotemi47@gmail.com","phone":"07069414892","application":"8157423369"}
8294523827--YTC MFB--7831941847--662433--SUCCESS
{"responseCode":"00","message":"success","customer_name":"Omotayo Temidayo Daniel","merchant_id":"8294523827","email":"omotayotemi47@gmail.com","phone":"07069414892","application":"7831941847"}
8294523827--YTC MFB--0357396943--923918--SUCCESS
{"responseCode":"00","message":"success","customer_name":"Omotayo Temidayo Daniel","merchant_id":"8294523827","email":"omotayotemi47@gmail.com","phone":"07069414892","application":"0357396943"}
8294523827--YTC MFB--0773728206--358485--SUCCESS
{"responseCode":"00","message":"success","customer_name":"Omotayo Temidayo Daniel","merchant_id":"8294523827","email":"omotayotemi47@gmail.com","phone":"07069414892","application":"0773728206"}
{"ipAddress":"::1","responseCode":"00","message":"success","data":[{"id":"3","merchant_id":"8294523827","merchant_name":"YTC MFB","merchant_email":"dayo@gmail.com","merchant_phone":"070994","merchant_address":"Akure","period":"6","logo_url":"","minimum":"10000","maximum":"500000","merchant_rate":"4","processing_rate":"200","insurrance":"8","commitment":"5","merchant_remita_key":"QzAwMDAxNjE5NTcxMjM0fEMwMDAwMTYxOTU3","merchant_remita_id":"8797039389","merchant_remita_apitoken":"VUtlOWlhWFhua29IbmpieCs2Y1VxMUNudlltbDE1NUtnMWNIWVV3MTJzTHkyQkpQRzJCRHM2WFQ3MldPOVJjUA==","merchant_public_id":"WT501KPUBRE2UE3W3DU1","smtp_host":"demo.mfb.net","smtp_email":"demo@gmail.com","smtp_password":"5543net","status":"Y","timestamp":"2022-11-21 14:37:24"}],"timestamp":"12-Dec-2022 10:57:39"}
8294523827--YTC MFB--7935115031--932147--
{"responseCode":"08","customer_name":"Omotayo Temidayo Daniel","merchant_id":"8294523827","email":"omotayotemi47@gmail.com","phone":"07069414892","responseMessage":"NotFound"}
8294523827--YTC MFB--2480692702--914705--SUCCESS
{"responseCode":"00","message":"success","customer_name":"Omotayo Temidayo Daniel","merchant_id":"8294523827","email":"omotayotemi47@gmail.com","phone":"07069414892","application":"2480692702"}
8294523827--YTC MFB--1667351060--002319--SUCCESS
{"responseCode":"00","message":"success","customer_name":"Omotayo Temidayo Daniel","merchant_id":"8294523827","email":"omotayotemi47@gmail.com","phone":"07069414892","application":"1667351060"}
8294523827--YTC MFB--5968287461--679326--SUCCESS
{"responseCode":"00","message":"success","customer_name":"Omotayo Temidayo Daniel","merchant_id":"8294523827","email":"omotayotemi47@gmail.com","phone":"07069414892","application":"5968287461"}
8294523827--YTC MFB--9039920513--308209--SUCCESS
{"responseCode":"00","message":"success","customer_name":"Omotayo Temidayo Daniel","merchant_id":"8294523827","email":"omotayotemi47@gmail.com","phone":"07069414892","application":"9039920513"}
8294523827--YTC MFB--7675085537--228076--SUCCESS
{"responseCode":"00","message":"success","customer_name":"Omotayo Temidayo Daniel","merchant_id":"8294523827","email":"omotayotemi47@gmail.com","phone":"07069414892","application":"7675085537"}
8294523827--YTC MFB--8856582019--030162--SUCCESS
{"responseCode":"00","message":"success","customer_name":"Omotayo Temidayo Daniel","merchant_id":"8294523827","email":"omotayotemi47@gmail.com","phone":"07069414892","application":"8856582019"}
8294523827--YTC MFB--1792542940--912342--SUCCESS
{"responseCode":"00","message":"success","customer_name":"Omotayo Temidayo Daniel","merchant_id":"8294523827","email":"omotayotemi47@gmail.com","phone":"07069414892","application":"1792542940"}
8294523827--YTC MFB--2283251965--024757--SUCCESS
{"responseCode":"00","message":"success","customer_name":"Omotayo Temidayo Daniel","merchant_id":"8294523827","email":"omotayotemi47@gmail.com","phone":"07069414892","application":"2283251965"}
8294523827--YTC MFB--6798509322--078534--SUCCESS
{"responseCode":"00","message":"success","customer_name":"Omotayo Temidayo Daniel","merchant_id":"8294523827","email":"omotayotemi47@gmail.com","phone":"07069414892","application":"6798509322"}
8294523827--YTC MFB--9307712540--094834--SUCCESS
{"responseCode":"00","message":"success","customer_name":"Omotayo Temidayo Daniel","merchant_id":"8294523827","email":"omotayotemi47@gmail.com","phone":"07069414892","application":"9307712540"}
8294523827--YTC MFB--6998494459--562413--SUCCESS
{"responseCode":"00","message":"success","customer_name":"Omotayo Temidayo Daniel","merchant_id":"8294523827","email":"omotayotemi47@gmail.com","phone":"07069414892","application":"6998494459"}
8294523827--YTC MFB--1547936351--015442--SUCCESS
{"responseCode":"00","message":"success","customer_name":"Omotayo Temidayo Daniel","merchant_id":"8294523827","email":"omotayotemi47@gmail.com","phone":"07069414892","application":"1547936351"}
{"ipAddress":"::1","responseCode":"00","message":"success","data":[{"id":"3","merchant_id":"8294523827","merchant_name":"YTC MFB","merchant_email":"dayo@gmail.com","merchant_phone":"070994","merchant_address":"Akure","period":"6","logo_url":"","minimum":"10000","maximum":"500000","merchant_rate":"4","processing_rate":"200","insurrance":"8","commitment":"5","merchant_remita_key":"QzAwMDAxNjE5NTcxMjM0fEMwMDAwMTYxOTU3","merchant_remita_id":"8797039389","merchant_remita_apitoken":"VUtlOWlhWFhua29IbmpieCs2Y1VxMUNudlltbDE1NUtnMWNIWVV3MTJzTHkyQkpQRzJCRHM2WFQ3MldPOVJjUA==","merchant_public_id":"WT501KPUBRE2UE3W3DU1","smtp_host":"demo.mfb.net","smtp_email":"demo@gmail.com","smtp_password":"5543net","status":"Y","timestamp":"2022-11-21 14:37:24"}],"timestamp":"12-Dec-2022 13:31:19"}
{"ipAddress":"::1","responseCode":"00","message":"success","data":[{"id":"3","merchant_id":"8294523827","merchant_name":"YTC MFB","merchant_email":"dayo@gmail.com","merchant_phone":"070994","merchant_address":"Akure","period":"6","logo_url":"","minimum":"10000","maximum":"500000","merchant_rate":"4","processing_rate":"200","insurrance":"8","commitment":"5","merchant_remita_key":"QzAwMDAxNjE5NTcxMjM0fEMwMDAwMTYxOTU3","merchant_remita_id":"8797039389","merchant_remita_apitoken":"VUtlOWlhWFhua29IbmpieCs2Y1VxMUNudlltbDE1NUtnMWNIWVV3MTJzTHkyQkpQRzJCRHM2WFQ3MldPOVJjUA==","merchant_public_id":"WT501KPUBRE2UE3W3DU1","smtp_host":"demo.mfb.net","smtp_email":"demo@gmail.com","smtp_password":"5543net","status":"Y","timestamp":"2022-11-21 14:37:24"}],"timestamp":"12-Dec-2022 13:34:56"}
{"ipAddress":"::1","responseCode":"00","message":"success","data":[{"id":"3","merchant_id":"8294523827","merchant_name":"YTC MFB","merchant_email":"dayo@gmail.com","merchant_phone":"070994","merchant_address":"Akure","period":"6","logo_url":"","minimum":"10000","maximum":"500000","merchant_rate":"4","processing_rate":"200","insurrance":"8","commitment":"5","merchant_remita_key":"QzAwMDAxNjE5NTcxMjM0fEMwMDAwMTYxOTU3","merchant_remita_id":"8797039389","merchant_remita_apitoken":"VUtlOWlhWFhua29IbmpieCs2Y1VxMUNudlltbDE1NUtnMWNIWVV3MTJzTHkyQkpQRzJCRHM2WFQ3MldPOVJjUA==","merchant_public_id":"WT501KPUBRE2UE3W3DU1","smtp_host":"demo.mfb.net","smtp_email":"demo@gmail.com","smtp_password":"5543net","status":"Y","timestamp":"2022-11-21 14:37:24"}],"timestamp":"12-Dec-2022 13:35:40"}
8294523827--YTC MFB--4250923629--075015--SUCCESS
{"responseCode":"00","message":"success","customer_name":"Omotayo Temidayo Daniel","merchant_id":"8294523827","email":"omotayotemi47@gmail.com","phone":"07069414892","application":"4250923629"}
{"ipAddress":"::1","responseCode":"00","message":"success","data":[{"id":"3","merchant_id":"8294523827","merchant_name":"YTC MFB","merchant_email":"dayo@gmail.com","merchant_phone":"070994","merchant_address":"Akure","period":"6","logo_url":"","minimum":"10000","maximum":"500000","merchant_rate":"4","processing_rate":"200","insurrance":"8","commitment":"5","merchant_remita_key":"QzAwMDAxNjE5NTcxMjM0fEMwMDAwMTYxOTU3","merchant_remita_id":"8797039389","merchant_remita_apitoken":"VUtlOWlhWFhua29IbmpieCs2Y1VxMUNudlltbDE1NUtnMWNIWVV3MTJzTHkyQkpQRzJCRHM2WFQ3MldPOVJjUA==","merchant_public_id":"WT501KPUBRE2UE3W3DU1","smtp_host":"demo.mfb.net","smtp_email":"demo@gmail.com","smtp_password":"5543net","status":"Y","timestamp":"2022-11-21 14:37:24"}],"timestamp":"12-Dec-2022 14:18:17"}
