{"responseCode":"08","message":"expired_token","product_id":"","token":"eyJhbGciOiJIUzI1NiIsInR5cCI6IkpXVCJ9.eyJ1c2VyX2lkIjoiYWtpbnRvbGFvbGFsZWthbjQxQGdtYWlsLmNvbTEyMzQ1IiwiZXhwIjoxNzAwODU5Mjc1LCJpc3MiOiJsb2NhbGhvc3QiLCJpYXQiOjE3MDA4NTU2NzV9.7toYn_L6xHA3yaBy3rGdOW_GWzMpP3UKDLv7UkAhfqA","timestamp":"25-Nov-2023 02:38:41"}
{"responseCode":"00","message":"success","user_id":"6543104427","user_email":"akintolaolalekan41@gmail.com","user_firstname":"damilola","user_lastname":"Akintola","user_phone_number":"08051022637","status":"A","tokenType":"Bearer","expiresIn":"3600","accessToken":"eyJhbGciOiJIUzI1NiIsInR5cCI6IkpXVCJ9.eyJ1c2VyX2lkIjoiYWtpbnRvbGFvbGFsZWthbjQxQGdtYWlsLmNvbTEyMzQ1IiwiZXhwIjoxNzAwODc5OTc3LCJpc3MiOiJsb2NhbGhvc3QiLCJpYXQiOjE3MDA4NzYzNzd9.9SLXalcVTd1cMyGgI4lSWJZaFqEpOMJ6fBNvsiLyCZ0","timestamp":"25-Nov-2023 02:39:37"}
{"responseCode":"00","message":"success","product_id":"","timestamp":"25-Nov-2023 02:42:01"}
{"responseCode":"00","message":"success","product_id":"","timestamp":"25-Nov-2023 02:42:53"}
{"responseCode":"00","message":"success","product_id":"","timestamp":"25-Nov-2023 02:43:53"}
{"responseCode":"00","message":"success","product_id":"","timestamp":"25-Nov-2023 02:46:19"}
{"responseCode":"00","message":"success","product_id":"12345667","timestamp":"25-Nov-2023 02:49:14"}
{"responseCode":"00","message":"success","product_id":"","timestamp":"25-Nov-2023 02:50:07"}
{"responseCode":"00","message":"success","product_id":"12345667","timestamp":"25-Nov-2023 02:50:16"}
{"responseCode":"00","message":"success","product_id":"12345667","timestamp":"25-Nov-2023 02:50:19"}
{"responseCode":"00","message":"success","product_id":"12345667","timestamp":"25-Nov-2023 02:50:21"}
{"responseCode":"00","message":"success","product_id":"12345667","timestamp":"25-Nov-2023 02:50:23"}
{"responseCode":"00","message":"success","product_id":"12345667","timestamp":"25-Nov-2023 02:50:25"}
{"responseCode":"08","message":"imageLimit","product_id":"12345667","timestamp":"25-Nov-2023 02:50:27"}
{"responseCode":"08","message":"imageLimit","product_id":"12345667","timestamp":"25-Nov-2023 02:50:29"}
{"responseCode":"08","message":"imageLimit","product_id":"12345667","timestamp":"25-Nov-2023 02:50:30"}
{"responseCode":"08","message":"imageLimit","product_id":"12345667","timestamp":"25-Nov-2023 02:50:32"}
{"responseCode":"08","message":"imageLimit","product_id":"12345667","timestamp":"25-Nov-2023 02:50:35"}
{"responseCode":"08","message":"imageLimit","product_id":"12345667","timestamp":"25-Nov-2023 02:50:37"}
{"responseCode":"08","message":"imageLimit","product_id":"12345667","timestamp":"25-Nov-2023 02:50:39"}
{"responseCode":"08","message":"imageLimit","product_id":"12345667","timestamp":"25-Nov-2023 02:50:47"}
{"responseCode":"08","message":"imageLimit","product_id":"12345667","timestamp":"25-Nov-2023 02:51:54"}
{"responseCode":"00","message":"success","product_id":"12345667","timestamp":"25-Nov-2023 02:52:25"}
{"responseCode":"00","message":"success","product_id":"12345667","timestamp":"25-Nov-2023 02:52:29"}
{"responseCode":"00","message":"success","product_id":"12345667","timestamp":"25-Nov-2023 02:52:30"}
{"responseCode":"00","message":"success","product_id":"12345667","timestamp":"25-Nov-2023 02:52:32"}
{"responseCode":"00","message":"success","product_id":"12345667","timestamp":"25-Nov-2023 02:52:35"}
{"responseCode":"00","message":"success","product_id":"12345667","timestamp":"25-Nov-2023 02:52:37"}
{"responseCode":"08","message":"imageLimit","product_id":"12345667","timestamp":"25-Nov-2023 02:52:39"}
{"responseCode":"08","message":"imageLimit","product_id":"12345667","timestamp":"25-Nov-2023 02:52:52"}
{"responseCode":"00","message":"success","token":"eyJhbGciOiJIUzI1NiIsInR5cCI6IkpXVCJ9.eyJ1c2VyX2lkIjoiYWtpbnRvbGFvbGFsZWthbjQxQGdtYWlsLmNvbTEyMzQ1IiwiZXhwIjoxNzAwODc5OTc3LCJpc3MiOiJsb2NhbGhvc3QiLCJpYXQiOjE3MDA4NzYzNzd9.9SLXalcVTd1cMyGgI4lSWJZaFqEpOMJ6fBNvsiLyCZ0","data":[],"timestamp":"25-Nov-2023 03:04:49"}
{"responseCode":"00","message":"success","token":"eyJhbGciOiJIUzI1NiIsInR5cCI6IkpXVCJ9.eyJ1c2VyX2lkIjoiYWtpbnRvbGFvbGFsZWthbjQxQGdtYWlsLmNvbTEyMzQ1IiwiZXhwIjoxNzAwODc5OTc3LCJpc3MiOiJsb2NhbGhvc3QiLCJpYXQiOjE3MDA4NzYzNzd9.9SLXalcVTd1cMyGgI4lSWJZaFqEpOMJ6fBNvsiLyCZ0","data":[{"id":"3","staff_id":"12345678","product_id":"PRO3585","brand_id":"1111","category_id":"2222","product_name":"Battery","product_description":"About Battery","product_price":"10000","product_stock_quantity":"10","product_weight":"54","product_category":"Battery","product_brand":"Battery","product_discount_percentage":"1000000000","product_tax_percentage":"","product_barcode":"12121212","product_tags":"bat","product_warranty_information":"nil","product_warranty_type":"","product_warranty_duration":"","product_warranty_details":"","product_rating_count":"5","product_status":"Pending","product_publish_date":"","product_date_modified":"0000-00-00","status":"A","stampdate":"2023-11-25 03:05:32.15486"},{"id":"2","staff_id":"12345678","product_id":"PRO3585","brand_id":"1111","category_id":"2222","product_name":"Battery","product_description":"About Battery","product_price":"10000","product_stock_quantity":"10","product_weight":"54","product_category":"Battery","product_brand":"Battery","product_discount_percentage":"1000000000","product_tax_percentage":"0","product_barcode":"12121212","product_tags":"bat","product_warranty_information":"nil","product_warranty_type":"","product_warranty_duration":"","product_warranty_details":"","product_rating_count":"5","product_status":"Pending","product_publish_date":"","product_date_modified":"0000-00-00","status":"A","stampdate":"2023-11-25 03:05:24.94278"},{"id":"1","staff_id":"12345678","product_id":"PRO3585","brand_id":"1111","category_id":"2222","product_name":"Battery","product_description":"About Battery","product_price":"10000","product_stock_quantity":"10","product_weight":"54","product_category":"Battery","product_brand":"Battery","product_discount_percentage":"0","product_tax_percentage":"0","product_barcode":"12121212","product_tags":"bat","product_warranty_information":"nil","product_warranty_type":"","product_warranty_duration":"","product_warranty_details":"","product_rating_count":"5","product_status":"Pending","product_publish_date":"","product_date_modified":"0000-00-00","status":"A","stampdate":"2023-11-24 21:02:55.68242"}],"timestamp":"25-Nov-2023 03:05:41"}
{"responseCode":"00","message":"success","token":"eyJhbGciOiJIUzI1NiIsInR5cCI6IkpXVCJ9.eyJ1c2VyX2lkIjoiYWtpbnRvbGFvbGFsZWthbjQxQGdtYWlsLmNvbTEyMzQ1IiwiZXhwIjoxNzAwODc5OTc3LCJpc3MiOiJsb2NhbGhvc3QiLCJpYXQiOjE3MDA4NzYzNzd9.9SLXalcVTd1cMyGgI4lSWJZaFqEpOMJ6fBNvsiLyCZ0","data":[{"id":"4","staff_id":"12345678","product_id":"PRO6042","brand_id":"1111","category_id":"2222","product_name":"Battery","product_description":"About Battery","product_price":"10000","product_stock_quantity":"10","product_weight":"54","product_category":"Battery","product_brand":"Battery","product_discount_percentage":"1000000000","product_tax_percentage":"","product_barcode":"12121212","product_tags":"bat","product_warranty_information":"nil","product_warranty_type":"","product_warranty_duration":"","product_warranty_details":"","product_rating_count":"5","product_status":"Pending","product_publish_date":"","product_date_modified":"0000-00-00","status":"A","stampdate":"2023-11-24 21:08:59.84010"}],"timestamp":"25-Nov-2023 03:06:14"}
{"responseCode":"00","message":"success","token":"eyJhbGciOiJIUzI1NiIsInR5cCI6IkpXVCJ9.eyJ1c2VyX2lkIjoiYWtpbnRvbGFvbGFsZWthbjQxQGdtYWlsLmNvbTEyMzQ1IiwiZXhwIjoxNzAwODc5OTc3LCJpc3MiOiJsb2NhbGhvc3QiLCJpYXQiOjE3MDA4NzYzNzd9.9SLXalcVTd1cMyGgI4lSWJZaFqEpOMJ6fBNvsiLyCZ0","data":[],"timestamp":"25-Nov-2023 03:16:38"}
{"responseCode":"00","message":"success","token":"eyJhbGciOiJIUzI1NiIsInR5cCI6IkpXVCJ9.eyJ1c2VyX2lkIjoiYWtpbnRvbGFvbGFsZWthbjQxQGdtYWlsLmNvbTEyMzQ1IiwiZXhwIjoxNzAwODc5OTc3LCJpc3MiOiJsb2NhbGhvc3QiLCJpYXQiOjE3MDA4NzYzNzd9.9SLXalcVTd1cMyGgI4lSWJZaFqEpOMJ6fBNvsiLyCZ0","data":[],"timestamp":"25-Nov-2023 03:19:32"}
{"responseCode":"08","message":"expired_token","staff_id":"","token":"eyJhbGciOiJIUzI1NiIsInR5cCI6IkpXVCJ9.eyJ1c2VyX2lkIjoiYWtpbnRvbGFvbGFsZWthbjQxQGdtYWlsLmNvbTEyMzQ1IiwiZXhwIjoxNzAwODU5Mjc1LCJpc3MiOiJsb2NhbGhvc3QiLCJpYXQiOjE3MDA4NTU2NzV9.7toYn_L6xHA3yaBy3rGdOW_GWzMpP3UKDLv7UkAhfqA","timestamp":"25-Nov-2023 03:26:20"}
{"responseCode":"00","message":"success","staff_id":"","product_id":"PRO5613","token":"eyJhbGciOiJIUzI1NiIsInR5cCI6IkpXVCJ9.eyJ1c2VyX2lkIjoiYWtpbnRvbGFvbGFsZWthbjQxQGdtYWlsLmNvbTEyMzQ1IiwiZXhwIjoxNzAwODc5OTc3LCJpc3MiOiJsb2NhbGhvc3QiLCJpYXQiOjE3MDA4NzYzNzd9.9SLXalcVTd1cMyGgI4lSWJZaFqEpOMJ6fBNvsiLyCZ0","timestamp":"25-Nov-2023 03:26:39"}
{"responseCode":"00","message":"success","category_id":"CAT5067","token":"eyJhbGciOiJIUzI1NiIsInR5cCI6IkpXVCJ9.eyJ1c2VyX2lkIjoiYWtpbnRvbGFvbGFsZWthbjQxQGdtYWlsLmNvbTEyMzQ1IiwiZXhwIjoxNzAwODc5OTc3LCJpc3MiOiJsb2NhbGhvc3QiLCJpYXQiOjE3MDA4NzYzNzd9.9SLXalcVTd1cMyGgI4lSWJZaFqEpOMJ6fBNvsiLyCZ0","timestamp":"25-Nov-2023 03:27:45"}
{"responseCode":"00","message":"success","token":"eyJhbGciOiJIUzI1NiIsInR5cCI6IkpXVCJ9.eyJ1c2VyX2lkIjoiYWtpbnRvbGFvbGFsZWthbjQxQGdtYWlsLmNvbTEyMzQ1IiwiZXhwIjoxNzAwODc5OTc3LCJpc3MiOiJsb2NhbGhvc3QiLCJpYXQiOjE3MDA4NzYzNzd9.9SLXalcVTd1cMyGgI4lSWJZaFqEpOMJ6fBNvsiLyCZ0","data":[{"id":"1","category_id":"CAT5067","category_name":"Category","category_description":"About Category","status":"A","stampdate":"2023-11-25 03:27:45"}],"timestamp":"25-Nov-2023 03:29:05"}
{"responseCode":"08","message":"expired_token","brand_id":"BRD2620","token":"eyJhbGciOiJIUzI1NiIsInR5cCI6IkpXVCJ9.eyJ1c2VyX2lkIjoiYWtpbnRvbGFvbGFsZWthbjQxQGdtYWlsLmNvbTEyMzQ1IiwiZXhwIjoxNzAwODc5OTc3LCJpc3MiOiJsb2NhbGhvc3QiLCJpYXQiOjE3MDA4NzYzNzd9.9SLXalcVTd1cMyGgI4lSWJZaFqEpOMJ6fBNvsiLyCZ0","timestamp":"25-Nov-2023 03:43:16"}
{"responseCode":"08","message":"expired_token","token":"eyJhbGciOiJIUzI1NiIsInR5cCI6IkpXVCJ9.eyJ1c2VyX2lkIjoiYWtpbnRvbGFvbGFsZWthbjQxQGdtYWlsLmNvbTEyMzQ1IiwiZXhwIjoxNzAwODc5OTc3LCJpc3MiOiJsb2NhbGhvc3QiLCJpYXQiOjE3MDA4NzYzNzd9.9SLXalcVTd1cMyGgI4lSWJZaFqEpOMJ6fBNvsiLyCZ0","timestamp":"25-Nov-2023 03:43:29"}
{"responseCode":"08","message":"expired_token","category_id":"CAT2468","token":"eyJhbGciOiJIUzI1NiIsInR5cCI6IkpXVCJ9.eyJ1c2VyX2lkIjoiYWtpbnRvbGFvbGFsZWthbjQxQGdtYWlsLmNvbTEyMzQ1IiwiZXhwIjoxNzAwODc5OTc3LCJpc3MiOiJsb2NhbGhvc3QiLCJpYXQiOjE3MDA4NzYzNzd9.9SLXalcVTd1cMyGgI4lSWJZaFqEpOMJ6fBNvsiLyCZ0","timestamp":"25-Nov-2023 03:43:39"}
{"responseCode":"00","message":"success","user_id":"6543104427","user_email":"akintolaolalekan41@gmail.com","user_firstname":"damilola","user_lastname":"Akintola","user_phone_number":"08051022637","status":"A","tokenType":"Bearer","expiresIn":"3600","accessToken":"eyJhbGciOiJIUzI1NiIsInR5cCI6IkpXVCJ9.eyJ1c2VyX2lkIjoiYWtpbnRvbGFvbGFsZWthbjQxQGdtYWlsLmNvbTEyMzQ1IiwiZXhwIjoxNzAwODgzODI3LCJpc3MiOiJsb2NhbGhvc3QiLCJpYXQiOjE3MDA4ODAyMjd9.uNMjQnIoRkkFYSrQGWCtAess-0tU9DqZvtRU3A4Yryk","timestamp":"25-Nov-2023 03:43:47"}
{"responseCode":"00","message":"success","brand_id":"BRD2058","token":"eyJhbGciOiJIUzI1NiIsInR5cCI6IkpXVCJ9.eyJ1c2VyX2lkIjoiYWtpbnRvbGFvbGFsZWthbjQxQGdtYWlsLmNvbTEyMzQ1IiwiZXhwIjoxNzAwODgzODI3LCJpc3MiOiJsb2NhbGhvc3QiLCJpYXQiOjE3MDA4ODAyMjd9.uNMjQnIoRkkFYSrQGWCtAess-0tU9DqZvtRU3A4Yryk","timestamp":"25-Nov-2023 03:44:45"}
{"responseCode":"00","message":"success","token":"eyJhbGciOiJIUzI1NiIsInR5cCI6IkpXVCJ9.eyJ1c2VyX2lkIjoiYWtpbnRvbGFvbGFsZWthbjQxQGdtYWlsLmNvbTEyMzQ1IiwiZXhwIjoxNzAwODgzODI3LCJpc3MiOiJsb2NhbGhvc3QiLCJpYXQiOjE3MDA4ODAyMjd9.uNMjQnIoRkkFYSrQGWCtAess-0tU9DqZvtRU3A4Yryk","data":[{"id":"1","brand_id":"BRD2058","brand_name":"Brand","brand_description":"Brand Category","status":"A","stampdate":"2023-11-25 03:44:45.97726"}],"timestamp":"25-Nov-2023 03:46:38"}
{"responseCode":"08","message":"expired_token","token":"eyJhbGciOiJIUzI1NiIsInR5cCI6IkpXVCJ9.eyJ1c2VyX2lkIjoiYWtpbnRvbGFvbGFsZWthbjQxQGdtYWlsLmNvbTEyMzQ1IiwiZXhwIjoxNzAwODgzODI3LCJpc3MiOiJsb2NhbGhvc3QiLCJpYXQiOjE3MDA4ODAyMjd9.uNMjQnIoRkkFYSrQGWCtAess-0tU9DqZvtRU3A4Yryk","timestamp":"25-Nov-2023 07:09:56"}
{"responseCode":"08","message":"invalid_token","cart_id":"8451","token":null,"timestamp":"25-Nov-2023 14:23:32"}
{"responseCode":"08","message":"invalid_token","cart_id":"2085","token":null,"timestamp":"25-Nov-2023 14:24:58"}
{"responseCode":"08","message":"invalid_token","cart_id":"0td2","token":null,"timestamp":"25-Nov-2023 14:25:44"}
{"responseCode":"08","message":"invalid_token","cart_id":"j6suve14fpbe30w","token":null,"timestamp":"25-Nov-2023 14:26:07"}
{"responseCode":"08","message":"invalid_token","cart_id":"hw8t56woydfymsm","token":null,"timestamp":"25-Nov-2023 14:26:25"}
{"responseCode":"08","message":"invalid_token","cart_id":"9jgfxj1uhg47baoiw8qs","token":null,"timestamp":"25-Nov-2023 14:26:45"}
{"responseCode":"00","message":"success","user_id":"6543104427","user_email":"akintolaolalekan41@gmail.com","user_firstname":"damilola","user_lastname":"Akintola","user_phone_number":"08051022637","status":"A","tokenType":"Bearer","expiresIn":"3600","accessToken":"eyJhbGciOiJIUzI1NiIsInR5cCI6IkpXVCJ9.eyJ1c2VyX2lkIjoiYWtpbnRvbGFvbGFsZWthbjQxQGdtYWlsLmNvbTEyMzQ1IiwiZXhwIjoxNzAwOTIyNDE1LCJpc3MiOiJsb2NhbGhvc3QiLCJpYXQiOjE3MDA5MTg4MTZ9.q8WiMuB9ewkDqTUaD-d7KX6nfevIVaXvQRvglVytzco","timestamp":"25-Nov-2023 14:26:56"}
{"responseCode":"00","message":"success","cart_id":"hx82ng63sgd459r7ekc4","token":"eyJhbGciOiJIUzI1NiIsInR5cCI6IkpXVCJ9.eyJ1c2VyX2lkIjoiYWtpbnRvbGFvbGFsZWthbjQxQGdtYWlsLmNvbTEyMzQ1IiwiZXhwIjoxNzAwOTIyNDE1LCJpc3MiOiJsb2NhbGhvc3QiLCJpYXQiOjE3MDA5MTg4MTZ9.q8WiMuB9ewkDqTUaD-d7KX6nfevIVaXvQRvglVytzco","timestamp":"25-Nov-2023 14:27:37"}
{"responseCode":"00","message":"success","cart_id":"0af92wsiqlg2a27kw8a3","token":"eyJhbGciOiJIUzI1NiIsInR5cCI6IkpXVCJ9.eyJ1c2VyX2lkIjoiYWtpbnRvbGFvbGFsZWthbjQxQGdtYWlsLmNvbTEyMzQ1IiwiZXhwIjoxNzAwOTIyNDE1LCJpc3MiOiJsb2NhbGhvc3QiLCJpYXQiOjE3MDA5MTg4MTZ9.q8WiMuB9ewkDqTUaD-d7KX6nfevIVaXvQRvglVytzco","timestamp":"25-Nov-2023 14:32:53"}
{"responseCode":"09","message":"user_has_active_cart","cart_id":"hx82ng63sgd459r7ekc4","token":"eyJhbGciOiJIUzI1NiIsInR5cCI6IkpXVCJ9.eyJ1c2VyX2lkIjoiYWtpbnRvbGFvbGFsZWthbjQxQGdtYWlsLmNvbTEyMzQ1IiwiZXhwIjoxNzAwOTIyNDE1LCJpc3MiOiJsb2NhbGhvc3QiLCJpYXQiOjE3MDA5MTg4MTZ9.q8WiMuB9ewkDqTUaD-d7KX6nfevIVaXvQRvglVytzco","timestamp":"25-Nov-2023 14:48:23"}
{"responseCode":"09","message":"user_has_active_cart","cart_id":"hx82ng63sgd459r7ekc4","token":"eyJhbGciOiJIUzI1NiIsInR5cCI6IkpXVCJ9.eyJ1c2VyX2lkIjoiYWtpbnRvbGFvbGFsZWthbjQxQGdtYWlsLmNvbTEyMzQ1IiwiZXhwIjoxNzAwOTIyNDE1LCJpc3MiOiJsb2NhbGhvc3QiLCJpYXQiOjE3MDA5MTg4MTZ9.q8WiMuB9ewkDqTUaD-d7KX6nfevIVaXvQRvglVytzco","timestamp":"25-Nov-2023 14:48:46"}
{"responseCode":"08","message":"expired_token","token":"eyJhbGciOiJIUzI1NiIsInR5cCI6IkpXVCJ9.eyJ1c2VyX2lkIjoiYWtpbnRvbGFvbGFsZWthbjQxQGdtYWlsLmNvbTEyMzQ1IiwiZXhwIjoxNzAwOTIyNDE1LCJpc3MiOiJsb2NhbGhvc3QiLCJpYXQiOjE3MDA5MTg4MTZ9.q8WiMuB9ewkDqTUaD-d7KX6nfevIVaXvQRvglVytzco","timestamp":"25-Nov-2023 15:33:14"}
{"responseCode":"08","message":"expired_token","token":"eyJhbGciOiJIUzI1NiIsInR5cCI6IkpXVCJ9.eyJ1c2VyX2lkIjoiYWtpbnRvbGFvbGFsZWthbjQxQGdtYWlsLmNvbTEyMzQ1IiwiZXhwIjoxNzAwOTIyNDE1LCJpc3MiOiJsb2NhbGhvc3QiLCJpYXQiOjE3MDA5MTg4MTZ9.q8WiMuB9ewkDqTUaD-d7KX6nfevIVaXvQRvglVytzco","timestamp":"25-Nov-2023 15:34:44"}
{"responseCode":"08","message":"expired_token","token":"eyJhbGciOiJIUzI1NiIsInR5cCI6IkpXVCJ9.eyJ1c2VyX2lkIjoiYWtpbnRvbGFvbGFsZWthbjQxQGdtYWlsLmNvbTEyMzQ1IiwiZXhwIjoxNzAwOTIyNDE1LCJpc3MiOiJsb2NhbGhvc3QiLCJpYXQiOjE3MDA5MTg4MTZ9.q8WiMuB9ewkDqTUaD-d7KX6nfevIVaXvQRvglVytzco","timestamp":"25-Nov-2023 15:35:00"}
{"responseCode":"08","message":"expired_token","token":"eyJhbGciOiJIUzI1NiIsInR5cCI6IkpXVCJ9.eyJ1c2VyX2lkIjoiYWtpbnRvbGFvbGFsZWthbjQxQGdtYWlsLmNvbTEyMzQ1IiwiZXhwIjoxNzAwOTIyNDE1LCJpc3MiOiJsb2NhbGhvc3QiLCJpYXQiOjE3MDA5MTg4MTZ9.q8WiMuB9ewkDqTUaD-d7KX6nfevIVaXvQRvglVytzco","timestamp":"25-Nov-2023 15:35:38"}
{"responseCode":"00","message":"success","user_id":"6543104427","user_email":"akintolaolalekan41@gmail.com","user_firstname":"damilola","user_lastname":"Akintola","user_phone_number":"08051022637","status":"A","tokenType":"Bearer","expiresIn":"3600","accessToken":"eyJhbGciOiJIUzI1NiIsInR5cCI6IkpXVCJ9.eyJ1c2VyX2lkIjoiYWtpbnRvbGFvbGFsZWthbjQxQGdtYWlsLmNvbTEyMzQ1IiwiZXhwIjoxNzAwOTI2NTQ4LCJpc3MiOiJsb2NhbGhvc3QiLCJpYXQiOjE3MDA5MjI5NDh9.lXO8XmedrQePBU6CwtCtEAiFe8IZYdF-8gxsuJzXgzw","timestamp":"25-Nov-2023 15:35:48"}
{"responseCode":"09","message":"user_has_active_cart","cart_id":"hx82ng63sgd459r7ekc4","token":"eyJhbGciOiJIUzI1NiIsInR5cCI6IkpXVCJ9.eyJ1c2VyX2lkIjoiYWtpbnRvbGFvbGFsZWthbjQxQGdtYWlsLmNvbTEyMzQ1IiwiZXhwIjoxNzAwOTI2NTQ4LCJpc3MiOiJsb2NhbGhvc3QiLCJpYXQiOjE3MDA5MjI5NDh9.lXO8XmedrQePBU6CwtCtEAiFe8IZYdF-8gxsuJzXgzw","timestamp":"25-Nov-2023 15:36:55"}
{"responseCode":"00","message":"success","cart_id":"hv8cfp0qwogilkg7a2cz","token":"eyJhbGciOiJIUzI1NiIsInR5cCI6IkpXVCJ9.eyJ1c2VyX2lkIjoiYWtpbnRvbGFvbGFsZWthbjQxQGdtYWlsLmNvbTEyMzQ1IiwiZXhwIjoxNzAwOTI2NTQ4LCJpc3MiOiJsb2NhbGhvc3QiLCJpYXQiOjE3MDA5MjI5NDh9.lXO8XmedrQePBU6CwtCtEAiFe8IZYdF-8gxsuJzXgzw","timestamp":"25-Nov-2023 15:50:19"}
{"responseCode":"00","message":"success","cart_id":"gk7lg9vii1p4hzfnucjb","token":"eyJhbGciOiJIUzI1NiIsInR5cCI6IkpXVCJ9.eyJ1c2VyX2lkIjoiYWtpbnRvbGFvbGFsZWthbjQxQGdtYWlsLmNvbTEyMzQ1IiwiZXhwIjoxNzAwOTI2NTQ4LCJpc3MiOiJsb2NhbGhvc3QiLCJpYXQiOjE3MDA5MjI5NDh9.lXO8XmedrQePBU6CwtCtEAiFe8IZYdF-8gxsuJzXgzw","timestamp":"25-Nov-2023 15:53:13"}
{"responseCode":"00","message":"success","cart_id":"mksvgtzcq6u3iyftq1ry","token":"eyJhbGciOiJIUzI1NiIsInR5cCI6IkpXVCJ9.eyJ1c2VyX2lkIjoiYWtpbnRvbGFvbGFsZWthbjQxQGdtYWlsLmNvbTEyMzQ1IiwiZXhwIjoxNzAwOTI2NTQ4LCJpc3MiOiJsb2NhbGhvc3QiLCJpYXQiOjE3MDA5MjI5NDh9.lXO8XmedrQePBU6CwtCtEAiFe8IZYdF-8gxsuJzXgzw","timestamp":"25-Nov-2023 16:16:34"}
{"responseCode":"00","message":"success","token":"eyJhbGciOiJIUzI1NiIsInR5cCI6IkpXVCJ9.eyJ1c2VyX2lkIjoiYWtpbnRvbGFvbGFsZWthbjQxQGdtYWlsLmNvbTEyMzQ1IiwiZXhwIjoxNzAwOTI2NTQ4LCJpc3MiOiJsb2NhbGhvc3QiLCJpYXQiOjE3MDA5MjI5NDh9.lXO8XmedrQePBU6CwtCtEAiFe8IZYdF-8gxsuJzXgzw","data":[],"timestamp":"25-Nov-2023 16:22:07"}
{"responseCode":"08","message":"expired_token","token":"eyJhbGciOiJIUzI1NiIsInR5cCI6IkpXVCJ9.eyJ1c2VyX2lkIjoiYWtpbnRvbGFvbGFsZWthbjQxQGdtYWlsLmNvbTEyMzQ1IiwiZXhwIjoxNzAwOTI2NTQ4LCJpc3MiOiJsb2NhbGhvc3QiLCJpYXQiOjE3MDA5MjI5NDh9.lXO8XmedrQePBU6CwtCtEAiFe8IZYdF-8gxsuJzXgzw","timestamp":"25-Nov-2023 16:36:40"}
{"responseCode":"00","message":"success","user_id":"6543104427","user_email":"akintolaolalekan41@gmail.com","user_firstname":"damilola","user_lastname":"Akintola","user_phone_number":"08051022637","status":"A","tokenType":"Bearer","expiresIn":"3600","accessToken":"eyJhbGciOiJIUzI1NiIsInR5cCI6IkpXVCJ9.eyJ1c2VyX2lkIjoiYWtpbnRvbGFvbGFsZWthbjQxQGdtYWlsLmNvbTEyMzQ1IiwiZXhwIjoxNzAwOTMwMjI2LCJpc3MiOiJsb2NhbGhvc3QiLCJpYXQiOjE3MDA5MjY2MjZ9.aPHavhKAAixCMbnTQJ5Tq2WbEeH9hgy01RxeTm1goHw","timestamp":"25-Nov-2023 16:37:06"}
{"responseCode":"00","message":"success","cart_id":"zk5lbz04nmuht5p9asrj","token":"eyJhbGciOiJIUzI1NiIsInR5cCI6IkpXVCJ9.eyJ1c2VyX2lkIjoiYWtpbnRvbGFvbGFsZWthbjQxQGdtYWlsLmNvbTEyMzQ1IiwiZXhwIjoxNzAwOTMwMjI2LCJpc3MiOiJsb2NhbGhvc3QiLCJpYXQiOjE3MDA5MjY2MjZ9.aPHavhKAAixCMbnTQJ5Tq2WbEeH9hgy01RxeTm1goHw","timestamp":"25-Nov-2023 16:37:36"}
{"responseCode":"00","message":"success","cart_id":"630g7oi0rfe5bqi85rhk","token":"eyJhbGciOiJIUzI1NiIsInR5cCI6IkpXVCJ9.eyJ1c2VyX2lkIjoiYWtpbnRvbGFvbGFsZWthbjQxQGdtYWlsLmNvbTEyMzQ1IiwiZXhwIjoxNzAwOTMwMjI2LCJpc3MiOiJsb2NhbGhvc3QiLCJpYXQiOjE3MDA5MjY2MjZ9.aPHavhKAAixCMbnTQJ5Tq2WbEeH9hgy01RxeTm1goHw","timestamp":"25-Nov-2023 16:47:11"}
{"responseCode":"00","message":"success","cart_id":"1s3agpoklcqsj3m5euei","token":"eyJhbGciOiJIUzI1NiIsInR5cCI6IkpXVCJ9.eyJ1c2VyX2lkIjoiYWtpbnRvbGFvbGFsZWthbjQxQGdtYWlsLmNvbTEyMzQ1IiwiZXhwIjoxNzAwOTMwMjI2LCJpc3MiOiJsb2NhbGhvc3QiLCJpYXQiOjE3MDA5MjY2MjZ9.aPHavhKAAixCMbnTQJ5Tq2WbEeH9hgy01RxeTm1goHw","timestamp":"25-Nov-2023 16:49:23"}
{"responseCode":"00","message":"success","cart_id":"2hm6i9167bn6eou0g1ck","token":"eyJhbGciOiJIUzI1NiIsInR5cCI6IkpXVCJ9.eyJ1c2VyX2lkIjoiYWtpbnRvbGFvbGFsZWthbjQxQGdtYWlsLmNvbTEyMzQ1IiwiZXhwIjoxNzAwOTMwMjI2LCJpc3MiOiJsb2NhbGhvc3QiLCJpYXQiOjE3MDA5MjY2MjZ9.aPHavhKAAixCMbnTQJ5Tq2WbEeH9hgy01RxeTm1goHw","timestamp":"25-Nov-2023 16:49:49"}
{"responseCode":"00","message":"success","cart_id":"gcoqzjx714gv06y79khw","token":"eyJhbGciOiJIUzI1NiIsInR5cCI6IkpXVCJ9.eyJ1c2VyX2lkIjoiYWtpbnRvbGFvbGFsZWthbjQxQGdtYWlsLmNvbTEyMzQ1IiwiZXhwIjoxNzAwOTMwMjI2LCJpc3MiOiJsb2NhbGhvc3QiLCJpYXQiOjE3MDA5MjY2MjZ9.aPHavhKAAixCMbnTQJ5Tq2WbEeH9hgy01RxeTm1goHw","timestamp":"25-Nov-2023 16:52:12"}
{"responseCode":"00","message":"success","cart_id":"de09weq0ikze1pdod8xg","token":"eyJhbGciOiJIUzI1NiIsInR5cCI6IkpXVCJ9.eyJ1c2VyX2lkIjoiYWtpbnRvbGFvbGFsZWthbjQxQGdtYWlsLmNvbTEyMzQ1IiwiZXhwIjoxNzAwOTMwMjI2LCJpc3MiOiJsb2NhbGhvc3QiLCJpYXQiOjE3MDA5MjY2MjZ9.aPHavhKAAixCMbnTQJ5Tq2WbEeH9hgy01RxeTm1goHw","timestamp":"25-Nov-2023 16:53:35"}
{"responseCode":"00","message":"success","cart_id":"qxo90g7l8jup7ew318yi","token":"eyJhbGciOiJIUzI1NiIsInR5cCI6IkpXVCJ9.eyJ1c2VyX2lkIjoiYWtpbnRvbGFvbGFsZWthbjQxQGdtYWlsLmNvbTEyMzQ1IiwiZXhwIjoxNzAwOTMwMjI2LCJpc3MiOiJsb2NhbGhvc3QiLCJpYXQiOjE3MDA5MjY2MjZ9.aPHavhKAAixCMbnTQJ5Tq2WbEeH9hgy01RxeTm1goHw","timestamp":"25-Nov-2023 17:01:27"}
{"responseCode":"00","message":"success","cart_id":"4a198emqcdt7lh8pwv26","token":"eyJhbGciOiJIUzI1NiIsInR5cCI6IkpXVCJ9.eyJ1c2VyX2lkIjoiYWtpbnRvbGFvbGFsZWthbjQxQGdtYWlsLmNvbTEyMzQ1IiwiZXhwIjoxNzAwOTMwMjI2LCJpc3MiOiJsb2NhbGhvc3QiLCJpYXQiOjE3MDA5MjY2MjZ9.aPHavhKAAixCMbnTQJ5Tq2WbEeH9hgy01RxeTm1goHw","timestamp":"25-Nov-2023 17:04:22"}
{"responseCode":"08","message":"expired_token","token":"eyJhbGciOiJIUzI1NiIsInR5cCI6IkpXVCJ9.eyJ1c2VyX2lkIjoiYWtpbnRvbGFvbGFsZWthbjQxQGdtYWlsLmNvbTEyMzQ1IiwiZXhwIjoxNzAwOTMwMjI2LCJpc3MiOiJsb2NhbGhvc3QiLCJpYXQiOjE3MDA5MjY2MjZ9.aPHavhKAAixCMbnTQJ5Tq2WbEeH9hgy01RxeTm1goHw","timestamp":"25-Nov-2023 17:38:37"}
{"responseCode":"00","message":"success","user_id":"6543104427","user_email":"akintolaolalekan41@gmail.com","user_firstname":"damilola","user_lastname":"Akintola","user_phone_number":"08051022637","status":"A","tokenType":"Bearer","expiresIn":"3600","accessToken":"eyJhbGciOiJIUzI1NiIsInR5cCI6IkpXVCJ9.eyJ1c2VyX2lkIjoiYWtpbnRvbGFvbGFsZWthbjQxQGdtYWlsLmNvbTEyMzQ1IiwiZXhwIjoxNzAwOTMzOTI0LCJpc3MiOiJsb2NhbGhvc3QiLCJpYXQiOjE3MDA5MzAzMjR9.XwUDhKlhvJXwxE9Zbo6NnMqIlxJwNnxlg1XihPygN5o","timestamp":"25-Nov-2023 17:38:44"}
{"responseCode":"08","message":"expired_token","cart_id":"3h674oory1w7e152a92b","token":"eyJhbGciOiJIUzI1NiIsInR5cCI6IkpXVCJ9.eyJ1c2VyX2lkIjoiYWtpbnRvbGFvbGFsZWthbjQxQGdtYWlsLmNvbTEyMzQ1IiwiZXhwIjoxNzAwOTIyNDE1LCJpc3MiOiJsb2NhbGhvc3QiLCJpYXQiOjE3MDA5MTg4MTZ9.q8WiMuB9ewkDqTUaD-d7KX6nfevIVaXvQRvglVytzco","timestamp":"25-Nov-2023 17:50:20"}
{"responseCode":"00","message":"success","cart_id":"li4g8vah7ag2cb47scoj","token":"eyJhbGciOiJIUzI1NiIsInR5cCI6IkpXVCJ9.eyJ1c2VyX2lkIjoiYWtpbnRvbGFvbGFsZWthbjQxQGdtYWlsLmNvbTEyMzQ1IiwiZXhwIjoxNzAwOTMzOTI0LCJpc3MiOiJsb2NhbGhvc3QiLCJpYXQiOjE3MDA5MzAzMjR9.XwUDhKlhvJXwxE9Zbo6NnMqIlxJwNnxlg1XihPygN5o","timestamp":"25-Nov-2023 17:50:26"}
{"responseCode":"09","message":"user_has_active_cart","cart_id":{"0":"li4g8vah7ag2cb47scoj","cart_id":"li4g8vah7ag2cb47scoj"},"token":"eyJhbGciOiJIUzI1NiIsInR5cCI6IkpXVCJ9.eyJ1c2VyX2lkIjoiYWtpbnRvbGFvbGFsZWthbjQxQGdtYWlsLmNvbTEyMzQ1IiwiZXhwIjoxNzAwOTMzOTI0LCJpc3MiOiJsb2NhbGhvc3QiLCJpYXQiOjE3MDA5MzAzMjR9.XwUDhKlhvJXwxE9Zbo6NnMqIlxJwNnxlg1XihPygN5o","timestamp":"25-Nov-2023 17:50:50"}
{"responseCode":"09","message":"user_has_active_cart","cart_id":{"0":"li4g8vah7ag2cb47scoj","cart_id":"li4g8vah7ag2cb47scoj"},"token":"eyJhbGciOiJIUzI1NiIsInR5cCI6IkpXVCJ9.eyJ1c2VyX2lkIjoiYWtpbnRvbGFvbGFsZWthbjQxQGdtYWlsLmNvbTEyMzQ1IiwiZXhwIjoxNzAwOTMzOTI0LCJpc3MiOiJsb2NhbGhvc3QiLCJpYXQiOjE3MDA5MzAzMjR9.XwUDhKlhvJXwxE9Zbo6NnMqIlxJwNnxlg1XihPygN5o","timestamp":"25-Nov-2023 17:51:11"}
{"responseCode":"09","message":"user_has_active_cart","cart_id":{"0":"li4g8vah7ag2cb47scoj","cart_id":"li4g8vah7ag2cb47scoj"},"token":"eyJhbGciOiJIUzI1NiIsInR5cCI6IkpXVCJ9.eyJ1c2VyX2lkIjoiYWtpbnRvbGFvbGFsZWthbjQxQGdtYWlsLmNvbTEyMzQ1IiwiZXhwIjoxNzAwOTMzOTI0LCJpc3MiOiJsb2NhbGhvc3QiLCJpYXQiOjE3MDA5MzAzMjR9.XwUDhKlhvJXwxE9Zbo6NnMqIlxJwNnxlg1XihPygN5o","timestamp":"25-Nov-2023 17:53:29"}
{"responseCode":"00","message":"success","cart_id":"dy8dafd247lyotw6ik3c","token":"eyJhbGciOiJIUzI1NiIsInR5cCI6IkpXVCJ9.eyJ1c2VyX2lkIjoiYWtpbnRvbGFvbGFsZWthbjQxQGdtYWlsLmNvbTEyMzQ1IiwiZXhwIjoxNzAwOTMzOTI0LCJpc3MiOiJsb2NhbGhvc3QiLCJpYXQiOjE3MDA5MzAzMjR9.XwUDhKlhvJXwxE9Zbo6NnMqIlxJwNnxlg1XihPygN5o","timestamp":"25-Nov-2023 17:53:44"}
{"responseCode":"09","message":"user_has_active_cart","cart_id":{"0":"dy8dafd247lyotw6ik3c","cart_id":"dy8dafd247lyotw6ik3c"},"token":"eyJhbGciOiJIUzI1NiIsInR5cCI6IkpXVCJ9.eyJ1c2VyX2lkIjoiYWtpbnRvbGFvbGFsZWthbjQxQGdtYWlsLmNvbTEyMzQ1IiwiZXhwIjoxNzAwOTMzOTI0LCJpc3MiOiJsb2NhbGhvc3QiLCJpYXQiOjE3MDA5MzAzMjR9.XwUDhKlhvJXwxE9Zbo6NnMqIlxJwNnxlg1XihPygN5o","timestamp":"25-Nov-2023 17:54:10"}
{"responseCode":"09","message":"user_has_active_cart","token":"eyJhbGciOiJIUzI1NiIsInR5cCI6IkpXVCJ9.eyJ1c2VyX2lkIjoiYWtpbnRvbGFvbGFsZWthbjQxQGdtYWlsLmNvbTEyMzQ1IiwiZXhwIjoxNzAwOTMzOTI0LCJpc3MiOiJsb2NhbGhvc3QiLCJpYXQiOjE3MDA5MzAzMjR9.XwUDhKlhvJXwxE9Zbo6NnMqIlxJwNnxlg1XihPygN5o","timestamp":"25-Nov-2023 17:54:49"}
