{"responseCode":"00","message":"success","user_id":"6543104427","user_email":"akintolaolalekan41@gmail.com","user_firstname":"damilola","user_lastname":"Akintola","user_phone":null,"status":"A","tokenType":"Bearer","expiresIn":"3600","accessToken":"eyJhbGciOiJIUzI1NiIsInR5cCI6IkpXVCJ9.eyJ1c2VyX2lkIjoiYWtpbnRvbGFvbGFsZWthbjQxQGdtYWlsLmNvbTEyMzQ1IiwiZXhwIjoxNzAwODIwNjAxLCJpc3MiOiJsb2NhbGhvc3QiLCJpYXQiOjE3MDA4MTcwMDF9.arn60ol5VX20Mtr_zojXWRb-PwP-h29fkUI1fRvqVNc","timestamp":"24-Nov-2023 10:10:01"}
{"responseCode":"00","message":"success","user_id":"6543104427","user_email":"akintolaolalekan41@gmail.com","user_firstname":"damilola","user_lastname":"Akintola","user_phone_number":"08051022637","status":"A","tokenType":"Bearer","expiresIn":"3600","accessToken":"eyJhbGciOiJIUzI1NiIsInR5cCI6IkpXVCJ9.eyJ1c2VyX2lkIjoiYWtpbnRvbGFvbGFsZWthbjQxQGdtYWlsLmNvbTEyMzQ1IiwiZXhwIjoxNzAwODIwNjM3LCJpc3MiOiJsb2NhbGhvc3QiLCJpYXQiOjE3MDA4MTcwMzd9.fjkMVtw6laXm5GXpVRLqIIq2kSNk8hOne3JHpK4EWFY","timestamp":"24-Nov-2023 10:10:37"}
{"responseCode":"04","message":"invalidCredentials","timestamp":"24-Nov-2023 10:11:23"}
{"responseCode":"00","message":"success","user_id":"6543104427","user_email":"akintolaolalekan41@gmail.com","user_firstname":"damilola","user_lastname":"Akintola","user_phone_number":"08051022637","status":"A","tokenType":"Bearer","expiresIn":"3600","accessToken":"eyJhbGciOiJIUzI1NiIsInR5cCI6IkpXVCJ9.eyJ1c2VyX2lkIjoiYWtpbnRvbGFvbGFsZWthbjQxQGdtYWlsLmNvbTEyMzQ1IiwiZXhwIjoxNzAwODIwNjk3LCJpc3MiOiJsb2NhbGhvc3QiLCJpYXQiOjE3MDA4MTcwOTd9.x6oha8LDqkNPjrg-9LboojzhjTWNjqx71nQwrKTb2vM","timestamp":"24-Nov-2023 10:11:37"}
{"responseCode":"04","message":"invalidCredentials","timestamp":"24-Nov-2023 10:17:30"}
{"responseCode":"04","message":"invalidCredentials","timestamp":"24-Nov-2023 10:22:56"}
{"responseCode":"04","message":"invalidCredentials","timestamp":"24-Nov-2023 10:22:59"}
{"responseCode":"04","message":"invalidCredentials","timestamp":"24-Nov-2023 10:23:53"}
{"responseCode":"00","message":"success","user_id":"6543104427","user_email":"akintolaolalekan41@gmail.com","user_firstname":"damilola","user_lastname":"Akintola","user_phone_number":"08051022637","status":"A","tokenType":"Bearer","expiresIn":"3600","accessToken":"eyJhbGciOiJIUzI1NiIsInR5cCI6IkpXVCJ9.eyJ1c2VyX2lkIjoiYWtpbnRvbGFvbGFsZWthbjQxQGdtYWlsLmNvbTEyMzQ1IiwiZXhwIjoxNzAwODIxNDM3LCJpc3MiOiJsb2NhbGhvc3QiLCJpYXQiOjE3MDA4MTc4Mzd9.LYTkq8PU7K79q-Ndfrlpkib_KdYLmAbpZbq_Y_dDy-I","timestamp":"24-Nov-2023 10:23:57"}
{"responseCode":"04","message":"invalidCredentials","timestamp":"24-Nov-2023 11:26:46"}
{"responseCode":"08","message":"invalid_token","user_email":"akintolaolalekan41@gmail.com","token":null,"timestamp":"24-Nov-2023 12:09:13"}
{"responseCode":"04","message":"invalidCredentials","timestamp":"24-Nov-2023 12:09:29"}
{"responseCode":"00","message":"success","user_id":"6543104427","user_email":"akintolaolalekan41@gmail.com","user_firstname":"damilola","user_lastname":"Akintola","user_phone_number":"08051022637","status":"A","tokenType":"Bearer","expiresIn":"3600","accessToken":"eyJhbGciOiJIUzI1NiIsInR5cCI6IkpXVCJ9.eyJ1c2VyX2lkIjoiYWtpbnRvbGFvbGFsZWthbjQxQGdtYWlsLmNvbTE1NzY5NCIsImV4cCI6MTcwMDgyNzc4MywiaXNzIjoibG9jYWxob3N0IiwiaWF0IjoxNzAwODI0MTgzfQ.ZUchelPrvuAzR1o7e315mpPKp2Gv4Trr8Xv2pUwUDfQ","timestamp":"24-Nov-2023 12:09:43"}
{"responseCode":"00","message":"success","user_email":"akintolaolalekan41@gmail.com","token":"eyJhbGciOiJIUzI1NiIsInR5cCI6IkpXVCJ9.eyJ1c2VyX2lkIjoiYWtpbnRvbGFvbGFsZWthbjQxQGdtYWlsLmNvbTE1NzY5NCIsImV4cCI6MTcwMDgyNzc4MywiaXNzIjoibG9jYWxob3N0IiwiaWF0IjoxNzAwODI0MTgzfQ.ZUchelPrvuAzR1o7e315mpPKp2Gv4Trr8Xv2pUwUDfQ","timestamp":"24-Nov-2023 12:10:17"}
{"responseCode":"04","message":"invalidCredentials","timestamp":"24-Nov-2023 12:10:27"}
{"responseCode":"00","message":"success","user_email":"akintolaolalekan41@gmail.com","token":"eyJhbGciOiJIUzI1NiIsInR5cCI6IkpXVCJ9.eyJ1c2VyX2lkIjoiYWtpbnRvbGFvbGFsZWthbjQxQGdtYWlsLmNvbTE1NzY5NCIsImV4cCI6MTcwMDgyNzc4MywiaXNzIjoibG9jYWxob3N0IiwiaWF0IjoxNzAwODI0MTgzfQ.ZUchelPrvuAzR1o7e315mpPKp2Gv4Trr8Xv2pUwUDfQ","timestamp":"24-Nov-2023 12:11:39"}
{"responseCode":"08","message":"expired_token","user_email":"akintolaolalekan41@gmail.com","token":"eyJhbGciOiJIUzI1NiIsInR5cCI6IkpXVCJ9.eyJ1c2VyX2lkIjoiYWtpbnRvbGFvbGFsZWthbjQxQGdtYWlsLmNvbTE1NzY5NCIsImV4cCI6MTcwMDgyNzc4MywiaXNzIjoibG9jYWxob3N0IiwiaWF0IjoxNzAwODI0MTgzfQ.ZUchelPrvuAzR1o7e315mpPKp2Gv4Trr8Xv2pUwUDfQ","timestamp":"24-Nov-2023 15:59:58"}
{"responseCode":"04","message":"invalidCredentials","timestamp":"24-Nov-2023 16:00:14"}
{"responseCode":"04","message":"invalidCredentials","timestamp":"24-Nov-2023 16:00:16"}
{"responseCode":"00","message":"success","user_id":"6543104427","user_email":"akintolaolalekan41@gmail.com","user_firstname":"damilola","user_lastname":"Akintola","user_phone_number":"08051022637","status":"A","tokenType":"Bearer","expiresIn":"3600","accessToken":"eyJhbGciOiJIUzI1NiIsInR5cCI6IkpXVCJ9.eyJ1c2VyX2lkIjoiYWtpbnRvbGFvbGFsZWthbjQxQGdtYWlsLmNvbTEyMzQiLCJleHAiOjE3MDA4NDE2MjcsImlzcyI6ImxvY2FsaG9zdCIsImlhdCI6MTcwMDgzODAyN30.5jToFE2q_A5IIzXBiO-DmfwT4-HXvsQaYxiSljNj9JY","timestamp":"24-Nov-2023 16:00:27"}
{"responseCode":"00","message":"success","user_email":"akintolaolalekan41@gmail.com","token":"eyJhbGciOiJIUzI1NiIsInR5cCI6IkpXVCJ9.eyJ1c2VyX2lkIjoiYWtpbnRvbGFvbGFsZWthbjQxQGdtYWlsLmNvbTEyMzQiLCJleHAiOjE3MDA4NDE2MjcsImlzcyI6ImxvY2FsaG9zdCIsImlhdCI6MTcwMDgzODAyN30.5jToFE2q_A5IIzXBiO-DmfwT4-HXvsQaYxiSljNj9JY","timestamp":"24-Nov-2023 16:00:55"}
{"responseCode":"00","message":"success","user_email":"akintolaolalekan41@gmail.com","token":"eyJhbGciOiJIUzI1NiIsInR5cCI6IkpXVCJ9.eyJ1c2VyX2lkIjoiYWtpbnRvbGFvbGFsZWthbjQxQGdtYWlsLmNvbTEyMzQiLCJleHAiOjE3MDA4NDE2MjcsImlzcyI6ImxvY2FsaG9zdCIsImlhdCI6MTcwMDgzODAyN30.5jToFE2q_A5IIzXBiO-DmfwT4-HXvsQaYxiSljNj9JY","timestamp":"24-Nov-2023 16:01:02"}
{"responseCode":"04","message":"invalidCredentials","timestamp":"24-Nov-2023 16:01:29"}
{"responseCode":"08","message":"invalid_token","staff_id":"12345678","token":null,"timestamp":"24-Nov-2023 18:43:13"}
{"responseCode":"08","message":"expired_token","user_email":"akintolaolalekan41@gmail.com","token":"eyJhbGciOiJIUzI1NiIsInR5cCI6IkpXVCJ9.eyJ1c2VyX2lkIjoiYWtpbnRvbGFvbGFsZWthbjQxQGdtYWlsLmNvbTEyMzQiLCJleHAiOjE3MDA4NDE2MjcsImlzcyI6ImxvY2FsaG9zdCIsImlhdCI6MTcwMDgzODAyN30.5jToFE2q_A5IIzXBiO-DmfwT4-HXvsQaYxiSljNj9JY","timestamp":"24-Nov-2023 18:43:36"}
{"responseCode":"04","message":"invalidCredentials","timestamp":"24-Nov-2023 18:43:49"}
{"responseCode":"00","message":"success","user_id":"6543104427","user_email":"akintolaolalekan41@gmail.com","user_firstname":"damilola","user_lastname":"Akintola","user_phone_number":"08051022637","status":"A","tokenType":"Bearer","expiresIn":"3600","accessToken":"eyJhbGciOiJIUzI1NiIsInR5cCI6IkpXVCJ9.eyJ1c2VyX2lkIjoiYWtpbnRvbGFvbGFsZWthbjQxQGdtYWlsLmNvbTEyMzQ1IiwiZXhwIjoxNzAwODUxNDM2LCJpc3MiOiJsb2NhbGhvc3QiLCJpYXQiOjE3MDA4NDc4MzZ9.ljTlnG4_RdCkW3DYkijf9dxI_CHBNGf6E9sdg_YonYo","timestamp":"24-Nov-2023 18:43:56"}
{"responseCode":"08","message":"expired_token","staff_id":"12345678","token":"eyJhbGciOiJIUzI1NiIsInR5cCI6IkpXVCJ9.eyJ1c2VyX2lkIjoiYWtpbnRvbGFvbGFsZWthbjQxQGdtYWlsLmNvbTEyMzQ1IiwiZXhwIjoxNzAwODUxNDM2LCJpc3MiOiJsb2NhbGhvc3QiLCJpYXQiOjE3MDA4NDc4MzZ9.ljTlnG4_RdCkW3DYkijf9dxI_CHBNGf6E9sdg_YonYo","timestamp":"24-Nov-2023 20:53:57"}
{"responseCode":"00","message":"success","user_id":"6543104427","user_email":"akintolaolalekan41@gmail.com","user_firstname":"damilola","user_lastname":"Akintola","user_phone_number":"08051022637","status":"A","tokenType":"Bearer","expiresIn":"3600","accessToken":"eyJhbGciOiJIUzI1NiIsInR5cCI6IkpXVCJ9.eyJ1c2VyX2lkIjoiYWtpbnRvbGFvbGFsZWthbjQxQGdtYWlsLmNvbTEyMzQ1IiwiZXhwIjoxNzAwODU5Mjc1LCJpc3MiOiJsb2NhbGhvc3QiLCJpYXQiOjE3MDA4NTU2NzV9.7toYn_L6xHA3yaBy3rGdOW_GWzMpP3UKDLv7UkAhfqA","timestamp":"24-Nov-2023 20:54:35"}
{"responseCode":"00","message":"success","staff_id":"12345678","product_id":"PRO3585","token":"eyJhbGciOiJIUzI1NiIsInR5cCI6IkpXVCJ9.eyJ1c2VyX2lkIjoiYWtpbnRvbGFvbGFsZWthbjQxQGdtYWlsLmNvbTEyMzQ1IiwiZXhwIjoxNzAwODU5Mjc1LCJpc3MiOiJsb2NhbGhvc3QiLCJpYXQiOjE3MDA4NTU2NzV9.7toYn_L6xHA3yaBy3rGdOW_GWzMpP3UKDLv7UkAhfqA","timestamp":"24-Nov-2023 21:02:55"}
{"responseCode":"00","message":"success","staff_id":"12345678","product_id":"PRO3042","token":"eyJhbGciOiJIUzI1NiIsInR5cCI6IkpXVCJ9.eyJ1c2VyX2lkIjoiYWtpbnRvbGFvbGFsZWthbjQxQGdtYWlsLmNvbTEyMzQ1IiwiZXhwIjoxNzAwODU5Mjc1LCJpc3MiOiJsb2NhbGhvc3QiLCJpYXQiOjE3MDA4NTU2NzV9.7toYn_L6xHA3yaBy3rGdOW_GWzMpP3UKDLv7UkAhfqA","timestamp":"24-Nov-2023 21:03:53"}
{"responseCode":"00","message":"success","staff_id":"12345678","product_id":"PRO4583","token":"eyJhbGciOiJIUzI1NiIsInR5cCI6IkpXVCJ9.eyJ1c2VyX2lkIjoiYWtpbnRvbGFvbGFsZWthbjQxQGdtYWlsLmNvbTEyMzQ1IiwiZXhwIjoxNzAwODU5Mjc1LCJpc3MiOiJsb2NhbGhvc3QiLCJpYXQiOjE3MDA4NTU2NzV9.7toYn_L6xHA3yaBy3rGdOW_GWzMpP3UKDLv7UkAhfqA","timestamp":"24-Nov-2023 21:08:48"}
{"responseCode":"00","message":"success","staff_id":"12345678","product_id":"PRO6042","token":"eyJhbGciOiJIUzI1NiIsInR5cCI6IkpXVCJ9.eyJ1c2VyX2lkIjoiYWtpbnRvbGFvbGFsZWthbjQxQGdtYWlsLmNvbTEyMzQ1IiwiZXhwIjoxNzAwODU5Mjc1LCJpc3MiOiJsb2NhbGhvc3QiLCJpYXQiOjE3MDA4NTU2NzV9.7toYn_L6xHA3yaBy3rGdOW_GWzMpP3UKDLv7UkAhfqA","timestamp":"24-Nov-2023 21:08:59"}
{"responseCode":"00","message":"success","staff_id":"12345678","product_id":"PRO1891","token":"eyJhbGciOiJIUzI1NiIsInR5cCI6IkpXVCJ9.eyJ1c2VyX2lkIjoiYWtpbnRvbGFvbGFsZWthbjQxQGdtYWlsLmNvbTEyMzQ1IiwiZXhwIjoxNzAwODU5Mjc1LCJpc3MiOiJsb2NhbGhvc3QiLCJpYXQiOjE3MDA4NTU2NzV9.7toYn_L6xHA3yaBy3rGdOW_GWzMpP3UKDLv7UkAhfqA","timestamp":"24-Nov-2023 21:10:41"}
{"responseCode":"00","message":"success","staff_id":"12345678","product_id":"PRO5097","token":"eyJhbGciOiJIUzI1NiIsInR5cCI6IkpXVCJ9.eyJ1c2VyX2lkIjoiYWtpbnRvbGFvbGFsZWthbjQxQGdtYWlsLmNvbTEyMzQ1IiwiZXhwIjoxNzAwODU5Mjc1LCJpc3MiOiJsb2NhbGhvc3QiLCJpYXQiOjE3MDA4NTU2NzV9.7toYn_L6xHA3yaBy3rGdOW_GWzMpP3UKDLv7UkAhfqA","timestamp":"24-Nov-2023 21:12:45"}
{"responseCode":"00","message":"success","staff_id":"12345678","product_id":"PRO8461","token":"eyJhbGciOiJIUzI1NiIsInR5cCI6IkpXVCJ9.eyJ1c2VyX2lkIjoiYWtpbnRvbGFvbGFsZWthbjQxQGdtYWlsLmNvbTEyMzQ1IiwiZXhwIjoxNzAwODU5Mjc1LCJpc3MiOiJsb2NhbGhvc3QiLCJpYXQiOjE3MDA4NTU2NzV9.7toYn_L6xHA3yaBy3rGdOW_GWzMpP3UKDLv7UkAhfqA","timestamp":"24-Nov-2023 21:13:48"}
