Mail Sent Successfully To jonnyjocoder@gmail.com Username : jocoder TIMESTAMP : 2024-01-22 : 10:01:02
Verification Mail Sent Successfully To jonnyjocoder@gmail.comusername : jocoderIMESTAMP : 2024-01-22 : 10:01:02
Mail Sent Successfully To precious@gmail.com Username : ooowoeu TIMESTAMP : 2024-01-22 : 10:01:51
Verification Mail Sent Successfully To precious@gmail.comusername : ooowoeuIMESTAMP : 2024-01-22 : 10:01:52
Mail Sent Successfully To precious3@gmail.com Username : ooowoeu TIMESTAMP : 2024-01-22 : 10:01:26
Verification Mail Sent Successfully To precious3@gmail.comusername : ooowoeuIMESTAMP : 2024-01-22 : 10:01:26
Verification Mail Sent Successfully To jonnyjocoder@gmail.comusername : jocoderIMESTAMP : 2024-01-22 : 10:01:59
Verification Mail Sent Successfully To jonnyjocoder@gmail.comusername : jocoderIMESTAMP : 2024-01-22 : 10:01:09
Mail Sent Successfully To jonnyjocoder@gmail.com Username : jocode TIMESTAMP : 2024-01-22 : 10:01:35
Verification Mail Sent Successfully To jonnyjocoder@gmail.comusername : jocodeIMESTAMP : 2024-01-22 : 10:01:35
Verification Mail Sent Successfully To jonnyjocoder@gmail.comusername : jocodeIMESTAMP : 2024-01-22 : 11:01:23
Verification Mail Sent Successfully To jonnyjocoder@gmail.comusername : jocodeIMESTAMP : 2024-01-22 : 11:01:04
Mail Sent Successfully To jonnyjocoder@gmail.com Username : jocode TIMESTAMP : 2024-01-22 : 11:01:09
Verification Mail Sent Successfully To jonnyjocoder@gmail.comusername : jocodeIMESTAMP : 2024-01-22 : 11:01:09
Mail Sent Successfully To precious93@gmail.com Username : ooowoeu TIMESTAMP : 2024-01-22 : 11:01:04
Verification Mail Sent Successfully To precious93@gmail.comusername : ooowoeuIMESTAMP : 2024-01-22 : 11:01:04
Mail Sent Successfully To preciousowoeye.eth@gmail.com Username : ooowoeu TIMESTAMP : 2024-01-22 : 11:01:15
Verification Mail Sent Successfully To preciousowoeye.eth@gmail.comusername : ooowoeuIMESTAMP : 2024-01-22 : 11:01:16
Mail Sent Successfully To jonnyjocoder@gmail.com Username : jocode TIMESTAMP : 2024-01-22 : 11:01:51
Verification Mail Sent Successfully To jonnyjocoder@gmail.comusername : jocodeIMESTAMP : 2024-01-22 : 11:01:51
